  [1m[36m (1.0ms)[0m  [1mDROP DATABASE IF EXISTS "IOH-back_test"[0m
  [1m[35m (1.8ms)[0m  CREATE DATABASE "IOH-back_test" ENCODING = 'unicode'
PG::InsufficientPrivilege: ERROR:  permission denied to create database
: CREATE DATABASE "IOH-back_test" ENCODING = 'unicode'
  [1m[36m (0.1ms)[0m  [1mDROP DATABASE IF EXISTS "IOH-back_test"[0m
  [1m[35m (0.3ms)[0m  CREATE DATABASE "IOH-back_test" ENCODING = 'unicode'
PG::InsufficientPrivilege: ERROR:  permission denied to create database
: CREATE DATABASE "IOH-back_test" ENCODING = 'unicode'
  [1m[36m (0.1ms)[0m  [1mDROP DATABASE IF EXISTS "IOH-back_test"[0m
  [1m[35m (0.3ms)[0m  CREATE DATABASE "IOH-back_test" ENCODING = 'unicode'
PG::InsufficientPrivilege: ERROR:  permission denied to create database
: CREATE DATABASE "IOH-back_test" ENCODING = 'unicode'
  [1m[36m (0.1ms)[0m  [1mDROP DATABASE IF EXISTS "IOH-back_test"[0m
  [1m[35m (0.3ms)[0m  CREATE DATABASE "IOH-back_test" ENCODING = 'unicode'
PG::InsufficientPrivilege: ERROR:  permission denied to create database
: CREATE DATABASE "IOH-back_test" ENCODING = 'unicode'
  [1m[36m (0.1ms)[0m  [1mDROP DATABASE IF EXISTS "IOH-back_test"[0m
  [1m[35m (0.3ms)[0m  CREATE DATABASE "IOH-back_test" ENCODING = 'unicode'
PG::InsufficientPrivilege: ERROR:  permission denied to create database
: CREATE DATABASE "IOH-back_test" ENCODING = 'unicode'
  [1m[36m (0.9ms)[0m  [1mCREATE TABLE "acadamic_histories" ("id" INTEGER PRIMARY KEY AUTOINCREMENT NOT NULL, "user_id" integer, "school" varchar(255), "department" varchar(255), "year" varchar(255), "degree" varchar(255), "nation" varchar(255), "created_at" datetime, "updated_at" datetime) [0m
  [1m[35m (0.8ms)[0m  CREATE TABLE "process_lists" ("id" INTEGER PRIMARY KEY AUTOINCREMENT NOT NULL, "title" varchar(255), "process_type" varchar(255), "sequence" integer, "created_at" datetime, "updated_at" datetime) 
  [1m[36m (0.7ms)[0m  [1mCREATE TABLE "speaker_profiles" ("id" INTEGER PRIMARY KEY AUTOINCREMENT NOT NULL, "user_id" integer, "bio" text, "photo" varchar(255), "created_at" datetime, "updated_at" datetime, "eng_name" varchar(255), "chi_name" varchar(255)) [0m
  [1m[35m (0.7ms)[0m  CREATE TABLE "talk_process_lists" ("id" INTEGER PRIMARY KEY AUTOINCREMENT NOT NULL, "talk_id" integer, "process_id" integer, "created_at" datetime, "updated_at" datetime) 
  [1m[36m (0.8ms)[0m  [1mCREATE TABLE "talks" ("id" INTEGER PRIMARY KEY AUTOINCREMENT NOT NULL, "title" varchar(255), "intro" text, "bg" varchar(255), "poster" varchar(255), "slide1" varchar(255), "slide2" varchar(255), "slide3" varchar(255), "videourl1" varchar(255), "videourl2" varchar(255), "videourl3" varchar(255), "videocomment1" text, "videocomment2" text, "videocomment3" text, "feedback1" varchar(255), "feedback2" varchar(255), "feedback3" varchar(255), "signup" datetime, "created_at" datetime, "updated_at" datetime, "photography_file_name" varchar(255), "photography_content_type" varchar(255), "photography_file_size" integer, "photography_updated_at" datetime, "speaker_profile_id" integer) [0m
  [1m[35m (0.7ms)[0m  CREATE TABLE "user_talks" ("id" INTEGER PRIMARY KEY AUTOINCREMENT NOT NULL, "created_at" datetime, "updated_at" datetime, "user_id" integer, "talk_id" integer) 
  [1m[36m (0.8ms)[0m  [1mCREATE TABLE "usercomments" ("id" INTEGER PRIMARY KEY AUTOINCREMENT NOT NULL, "user_id" integer, "comment_id" integer, "created_at" datetime, "updated_at" datetime) [0m
  [1m[35m (0.9ms)[0m  CREATE TABLE "users" ("id" INTEGER PRIMARY KEY AUTOINCREMENT NOT NULL, "email" varchar(255) DEFAULT '' NOT NULL, "encrypted_password" varchar(255) DEFAULT '' NOT NULL, "reset_password_token" varchar(255), "reset_password_sent_at" datetime, "remember_created_at" datetime, "sign_in_count" integer DEFAULT 0 NOT NULL, "current_sign_in_at" datetime, "last_sign_in_at" datetime, "current_sign_in_ip" varchar(255), "last_sign_in_ip" varchar(255), "created_at" datetime, "updated_at" datetime, "role" varchar(255), "name" varchar(255)) 
  [1m[36m (0.8ms)[0m  [1mCREATE UNIQUE INDEX "index_users_on_email" ON "users" ("email")[0m
  [1m[35m (0.9ms)[0m  CREATE UNIQUE INDEX "index_users_on_reset_password_token" ON "users" ("reset_password_token")
  [1m[36m (0.8ms)[0m  [1mCREATE TABLE "schema_migrations" ("version" varchar(255) NOT NULL) [0m
  [1m[35m (1.1ms)[0m  CREATE UNIQUE INDEX "unique_schema_migrations" ON "schema_migrations" ("version")
  [1m[36m (0.2ms)[0m  [1mSELECT version FROM "schema_migrations"[0m
  [1m[35m (0.9ms)[0m  INSERT INTO "schema_migrations" (version) VALUES ('20140218055353')
  [1m[36m (0.7ms)[0m  [1mINSERT INTO "schema_migrations" (version) VALUES ('20140211062520')[0m
  [1m[35m (0.6ms)[0m  INSERT INTO "schema_migrations" (version) VALUES ('20140211070234')
  [1m[36m (0.6ms)[0m  [1mINSERT INTO "schema_migrations" (version) VALUES ('20140211071831')[0m
  [1m[35m (0.6ms)[0m  INSERT INTO "schema_migrations" (version) VALUES ('20140211072311')
  [1m[36m (0.5ms)[0m  [1mINSERT INTO "schema_migrations" (version) VALUES ('20140211072456')[0m
  [1m[35m (0.7ms)[0m  INSERT INTO "schema_migrations" (version) VALUES ('20140211074844')
  [1m[36m (1.0ms)[0m  [1mINSERT INTO "schema_migrations" (version) VALUES ('20140211074918')[0m
  [1m[35m (0.9ms)[0m  INSERT INTO "schema_migrations" (version) VALUES ('20140211075954')
  [1m[36m (0.8ms)[0m  [1mINSERT INTO "schema_migrations" (version) VALUES ('20140211083329')[0m
  [1m[35m (0.7ms)[0m  INSERT INTO "schema_migrations" (version) VALUES ('20140212094058')
  [1m[36m (0.7ms)[0m  [1mINSERT INTO "schema_migrations" (version) VALUES ('20140213043514')[0m
  [1m[35m (0.7ms)[0m  INSERT INTO "schema_migrations" (version) VALUES ('20140213071013')
  [1m[36m (0.8ms)[0m  [1mINSERT INTO "schema_migrations" (version) VALUES ('20140213071757')[0m
  [1m[35m (0.7ms)[0m  INSERT INTO "schema_migrations" (version) VALUES ('20140213072209')
  [1m[36mActiveRecord::SchemaMigration Load (0.1ms)[0m  [1mSELECT "schema_migrations".* FROM "schema_migrations"[0m
  [1m[35mActiveRecord::SchemaMigration Load (0.1ms)[0m  SELECT "schema_migrations".* FROM "schema_migrations"
Unable to load usertalk, underlying cause No such file to load -- usertalk 

 /Users/apple/.rvm/gems/ruby-2.1.0/gems/activesupport-4.0.2/lib/active_support/dependencies.rb:229:in `require'
/Users/apple/.rvm/gems/ruby-2.1.0/gems/activesupport-4.0.2/lib/active_support/dependencies.rb:229:in `block in require'
/Users/apple/.rvm/gems/ruby-2.1.0/gems/activesupport-4.0.2/lib/active_support/dependencies.rb:214:in `load_dependency'
/Users/apple/.rvm/gems/ruby-2.1.0/gems/activesupport-4.0.2/lib/active_support/dependencies.rb:229:in `require'
/Users/apple/.rvm/gems/ruby-2.1.0/gems/activesupport-4.0.2/lib/active_support/dependencies.rb:330:in `require_or_load'
/Users/apple/.rvm/gems/ruby-2.1.0/gems/activesupport-4.0.2/lib/active_support/dependencies.rb:289:in `depend_on'
/Users/apple/.rvm/gems/ruby-2.1.0/gems/activesupport-4.0.2/lib/active_support/dependencies.rb:207:in `require_dependency'
/Users/apple/.rvm/gems/ruby-2.1.0/gems/activerecord-4.0.2/lib/active_record/fixtures.rb:773:in `try_to_load_dependency'
/Users/apple/.rvm/gems/ruby-2.1.0/gems/activerecord-4.0.2/lib/active_record/fixtures.rb:792:in `block in require_fixture_classes'
/Users/apple/.rvm/gems/ruby-2.1.0/gems/activerecord-4.0.2/lib/active_record/fixtures.rb:790:in `each'
/Users/apple/.rvm/gems/ruby-2.1.0/gems/activerecord-4.0.2/lib/active_record/fixtures.rb:790:in `require_fixture_classes'
/Users/apple/.rvm/gems/ruby-2.1.0/gems/activerecord-4.0.2/lib/active_record/fixtures.rb:768:in `fixtures'
/Users/apple/projects/TempIoIo/test/test_helper.rb:12:in `<class:TestCase>'
/Users/apple/projects/TempIoIo/test/test_helper.rb:5:in `<top (required)>'
/Users/apple/.rvm/gems/ruby-2.1.0/gems/activesupport-4.0.2/lib/active_support/dependencies.rb:229:in `require'
/Users/apple/.rvm/gems/ruby-2.1.0/gems/activesupport-4.0.2/lib/active_support/dependencies.rb:229:in `block in require'
/Users/apple/.rvm/gems/ruby-2.1.0/gems/activesupport-4.0.2/lib/active_support/dependencies.rb:214:in `load_dependency'
/Users/apple/.rvm/gems/ruby-2.1.0/gems/activesupport-4.0.2/lib/active_support/dependencies.rb:229:in `require'
/Users/apple/projects/TempIoIo/test/helpers/first_page_helper_test.rb:1:in `<top (required)>'
/Users/apple/.rvm/gems/ruby-2.1.0/gems/activesupport-4.0.2/lib/active_support/dependencies.rb:229:in `require'
/Users/apple/.rvm/gems/ruby-2.1.0/gems/activesupport-4.0.2/lib/active_support/dependencies.rb:229:in `block in require'
/Users/apple/.rvm/gems/ruby-2.1.0/gems/activesupport-4.0.2/lib/active_support/dependencies.rb:214:in `load_dependency'
/Users/apple/.rvm/gems/ruby-2.1.0/gems/activesupport-4.0.2/lib/active_support/dependencies.rb:229:in `require'
/Users/apple/.rvm/gems/ruby-2.1.0/gems/railties-4.0.2/lib/rails/test_unit/sub_test_task.rb:73:in `block (3 levels) in define'
/Users/apple/.rvm/gems/ruby-2.1.0/gems/railties-4.0.2/lib/rails/test_unit/sub_test_task.rb:73:in `each'
/Users/apple/.rvm/gems/ruby-2.1.0/gems/railties-4.0.2/lib/rails/test_unit/sub_test_task.rb:73:in `block (2 levels) in define'
/Users/apple/.rvm/gems/ruby-2.1.0/gems/railties-4.0.2/lib/rails/test_unit/sub_test_task.rb:72:in `each'
/Users/apple/.rvm/gems/ruby-2.1.0/gems/railties-4.0.2/lib/rails/test_unit/sub_test_task.rb:72:in `block in define'
/Users/apple/.rvm/gems/ruby-2.1.0/gems/rake-10.1.1/lib/rake/task.rb:236:in `call'
/Users/apple/.rvm/gems/ruby-2.1.0/gems/rake-10.1.1/lib/rake/task.rb:236:in `block in execute'
/Users/apple/.rvm/gems/ruby-2.1.0/gems/rake-10.1.1/lib/rake/task.rb:231:in `each'
/Users/apple/.rvm/gems/ruby-2.1.0/gems/rake-10.1.1/lib/rake/task.rb:231:in `execute'
/Users/apple/.rvm/gems/ruby-2.1.0/gems/rake-10.1.1/lib/rake/task.rb:175:in `block in invoke_with_call_chain'
/Users/apple/.rvm/rubies/ruby-2.1.0/lib/ruby/2.1.0/monitor.rb:211:in `mon_synchronize'
/Users/apple/.rvm/gems/ruby-2.1.0/gems/rake-10.1.1/lib/rake/task.rb:168:in `invoke_with_call_chain'
/Users/apple/.rvm/gems/ruby-2.1.0/gems/rake-10.1.1/lib/rake/task.rb:197:in `block in invoke_prerequisites'
/Users/apple/.rvm/gems/ruby-2.1.0/gems/rake-10.1.1/lib/rake/task.rb:195:in `each'
/Users/apple/.rvm/gems/ruby-2.1.0/gems/rake-10.1.1/lib/rake/task.rb:195:in `invoke_prerequisites'
/Users/apple/.rvm/gems/ruby-2.1.0/gems/rake-10.1.1/lib/rake/task.rb:174:in `block in invoke_with_call_chain'
/Users/apple/.rvm/rubies/ruby-2.1.0/lib/ruby/2.1.0/monitor.rb:211:in `mon_synchronize'
/Users/apple/.rvm/gems/ruby-2.1.0/gems/rake-10.1.1/lib/rake/task.rb:168:in `invoke_with_call_chain'
/Users/apple/.rvm/gems/ruby-2.1.0/gems/rake-10.1.1/lib/rake/task.rb:161:in `invoke'
/Users/apple/.rvm/gems/ruby-2.1.0/gems/railties-4.0.2/lib/rails/test_unit/testing.rake:61:in `block in <top (required)>'
/Users/apple/.rvm/gems/ruby-2.1.0/gems/rake-10.1.1/lib/rake/task.rb:236:in `call'
/Users/apple/.rvm/gems/ruby-2.1.0/gems/rake-10.1.1/lib/rake/task.rb:236:in `block in execute'
/Users/apple/.rvm/gems/ruby-2.1.0/gems/rake-10.1.1/lib/rake/task.rb:231:in `each'
/Users/apple/.rvm/gems/ruby-2.1.0/gems/rake-10.1.1/lib/rake/task.rb:231:in `execute'
/Users/apple/.rvm/gems/ruby-2.1.0/gems/rake-10.1.1/lib/rake/task.rb:175:in `block in invoke_with_call_chain'
/Users/apple/.rvm/rubies/ruby-2.1.0/lib/ruby/2.1.0/monitor.rb:211:in `mon_synchronize'
/Users/apple/.rvm/gems/ruby-2.1.0/gems/rake-10.1.1/lib/rake/task.rb:168:in `invoke_with_call_chain'
/Users/apple/.rvm/gems/ruby-2.1.0/gems/rake-10.1.1/lib/rake/task.rb:197:in `block in invoke_prerequisites'
/Users/apple/.rvm/gems/ruby-2.1.0/gems/rake-10.1.1/lib/rake/task.rb:195:in `each'
/Users/apple/.rvm/gems/ruby-2.1.0/gems/rake-10.1.1/lib/rake/task.rb:195:in `invoke_prerequisites'
/Users/apple/.rvm/gems/ruby-2.1.0/gems/rake-10.1.1/lib/rake/task.rb:174:in `block in invoke_with_call_chain'
/Users/apple/.rvm/rubies/ruby-2.1.0/lib/ruby/2.1.0/monitor.rb:211:in `mon_synchronize'
/Users/apple/.rvm/gems/ruby-2.1.0/gems/rake-10.1.1/lib/rake/task.rb:168:in `invoke_with_call_chain'
/Users/apple/.rvm/gems/ruby-2.1.0/gems/rake-10.1.1/lib/rake/task.rb:161:in `invoke'
/Users/apple/.rvm/gems/ruby-2.1.0/gems/rake-10.1.1/lib/rake/application.rb:149:in `invoke_task'
/Users/apple/.rvm/gems/ruby-2.1.0/gems/rake-10.1.1/lib/rake/application.rb:106:in `block (2 levels) in top_level'
/Users/apple/.rvm/gems/ruby-2.1.0/gems/rake-10.1.1/lib/rake/application.rb:106:in `each'
/Users/apple/.rvm/gems/ruby-2.1.0/gems/rake-10.1.1/lib/rake/application.rb:106:in `block in top_level'
/Users/apple/.rvm/gems/ruby-2.1.0/gems/rake-10.1.1/lib/rake/application.rb:115:in `run_with_threads'
/Users/apple/.rvm/gems/ruby-2.1.0/gems/rake-10.1.1/lib/rake/application.rb:100:in `top_level'
/Users/apple/.rvm/gems/ruby-2.1.0/gems/rake-10.1.1/lib/rake/application.rb:78:in `block in run'
/Users/apple/.rvm/gems/ruby-2.1.0/gems/rake-10.1.1/lib/rake/application.rb:165:in `standard_exception_handling'
/Users/apple/.rvm/gems/ruby-2.1.0/gems/rake-10.1.1/lib/rake/application.rb:75:in `run'
/Users/apple/.rvm/gems/ruby-2.1.0/gems/rake-10.1.1/bin/rake:33:in `<top (required)>'
/Users/apple/.rvm/gems/ruby-2.1.0/bin/rake:23:in `load'
/Users/apple/.rvm/gems/ruby-2.1.0/bin/rake:23:in `<main>'
/Users/apple/.rvm/gems/ruby-2.1.0/bin/ruby_executable_hooks:15:in `eval'
/Users/apple/.rvm/gems/ruby-2.1.0/bin/ruby_executable_hooks:15:in `<main>'
  [1m[36m (0.1ms)[0m  [1mbegin transaction[0m
  [1m[35mFixture Delete (0.2ms)[0m  DELETE FROM "acadamic_histories"
  [1m[36mFixture Insert (0.1ms)[0m  [1mINSERT INTO "acadamic_histories" ("user_id", "school", "department", "year", "degree", "nation", "created_at", "updated_at", "id") VALUES (1, 'MyString', 'MyString', 'MyString', 'MyString', 'MyString', '2014-02-18 09:00:29', '2014-02-18 09:00:29', 980190962)[0m
  [1m[35mFixture Insert (0.1ms)[0m  INSERT INTO "acadamic_histories" ("user_id", "school", "department", "year", "degree", "nation", "created_at", "updated_at", "id") VALUES (1, 'MyString', 'MyString', 'MyString', 'MyString', 'MyString', '2014-02-18 09:00:29', '2014-02-18 09:00:29', 298486374)
  [1m[36m (0.4ms)[0m  [1mrollback transaction[0m
  [1m[36m (1.7ms)[0m  [1mCREATE TABLE "acadamic_histories" ("id" INTEGER PRIMARY KEY AUTOINCREMENT NOT NULL, "user_id" integer, "school" varchar(255), "department" varchar(255), "year" varchar(255), "degree" varchar(255), "nation" varchar(255), "created_at" datetime, "updated_at" datetime) [0m
  [1m[35m (0.9ms)[0m  CREATE TABLE "process_lists" ("id" INTEGER PRIMARY KEY AUTOINCREMENT NOT NULL, "title" varchar(255), "process_type" varchar(255), "sequence" integer, "created_at" datetime, "updated_at" datetime) 
  [1m[36m (1.0ms)[0m  [1mCREATE TABLE "speaker_profiles" ("id" INTEGER PRIMARY KEY AUTOINCREMENT NOT NULL, "user_id" integer, "bio" text, "photo" varchar(255), "created_at" datetime, "updated_at" datetime, "eng_name" varchar(255), "chi_name" varchar(255)) [0m
  [1m[35m (0.9ms)[0m  CREATE TABLE "talk_process_lists" ("id" INTEGER PRIMARY KEY AUTOINCREMENT NOT NULL, "talk_id" integer, "process_id" integer, "created_at" datetime, "updated_at" datetime) 
  [1m[36m (0.7ms)[0m  [1mCREATE TABLE "talks" ("id" INTEGER PRIMARY KEY AUTOINCREMENT NOT NULL, "title" varchar(255), "intro" text, "bg" varchar(255), "poster" varchar(255), "slide1" varchar(255), "slide2" varchar(255), "slide3" varchar(255), "videourl1" varchar(255), "videourl2" varchar(255), "videourl3" varchar(255), "videocomment1" text, "videocomment2" text, "videocomment3" text, "feedback1" varchar(255), "feedback2" varchar(255), "feedback3" varchar(255), "signup" datetime, "created_at" datetime, "updated_at" datetime, "photography_file_name" varchar(255), "photography_content_type" varchar(255), "photography_file_size" integer, "photography_updated_at" datetime, "speaker_profile_id" integer) [0m
  [1m[35m (0.7ms)[0m  CREATE TABLE "user_talks" ("id" INTEGER PRIMARY KEY AUTOINCREMENT NOT NULL, "created_at" datetime, "updated_at" datetime, "user_id" integer, "talk_id" integer) 
  [1m[36m (0.6ms)[0m  [1mCREATE TABLE "usercomments" ("id" INTEGER PRIMARY KEY AUTOINCREMENT NOT NULL, "user_id" integer, "comment_id" integer, "created_at" datetime, "updated_at" datetime) [0m
  [1m[35m (1.0ms)[0m  CREATE TABLE "users" ("id" INTEGER PRIMARY KEY AUTOINCREMENT NOT NULL, "email" varchar(255) DEFAULT '' NOT NULL, "encrypted_password" varchar(255) DEFAULT '' NOT NULL, "reset_password_token" varchar(255), "reset_password_sent_at" datetime, "remember_created_at" datetime, "sign_in_count" integer DEFAULT 0 NOT NULL, "current_sign_in_at" datetime, "last_sign_in_at" datetime, "current_sign_in_ip" varchar(255), "last_sign_in_ip" varchar(255), "created_at" datetime, "updated_at" datetime, "role" varchar(255), "name" varchar(255)) 
  [1m[36m (0.7ms)[0m  [1mCREATE UNIQUE INDEX "index_users_on_email" ON "users" ("email")[0m
  [1m[35m (0.8ms)[0m  CREATE UNIQUE INDEX "index_users_on_reset_password_token" ON "users" ("reset_password_token")
  [1m[36m (0.8ms)[0m  [1mCREATE TABLE "schema_migrations" ("version" varchar(255) NOT NULL) [0m
  [1m[35m (0.8ms)[0m  CREATE UNIQUE INDEX "unique_schema_migrations" ON "schema_migrations" ("version")
  [1m[36m (0.1ms)[0m  [1mSELECT version FROM "schema_migrations"[0m
  [1m[35m (0.7ms)[0m  INSERT INTO "schema_migrations" (version) VALUES ('20140218055353')
  [1m[36m (0.7ms)[0m  [1mINSERT INTO "schema_migrations" (version) VALUES ('20140211062520')[0m
  [1m[35m (0.8ms)[0m  INSERT INTO "schema_migrations" (version) VALUES ('20140211070234')
  [1m[36m (0.7ms)[0m  [1mINSERT INTO "schema_migrations" (version) VALUES ('20140211071831')[0m
  [1m[35m (0.7ms)[0m  INSERT INTO "schema_migrations" (version) VALUES ('20140211072311')
  [1m[36m (0.7ms)[0m  [1mINSERT INTO "schema_migrations" (version) VALUES ('20140211072456')[0m
  [1m[35m (0.7ms)[0m  INSERT INTO "schema_migrations" (version) VALUES ('20140211074844')
  [1m[36m (0.7ms)[0m  [1mINSERT INTO "schema_migrations" (version) VALUES ('20140211074918')[0m
  [1m[35m (1.2ms)[0m  INSERT INTO "schema_migrations" (version) VALUES ('20140211075954')
  [1m[36m (0.7ms)[0m  [1mINSERT INTO "schema_migrations" (version) VALUES ('20140211083329')[0m
  [1m[35m (0.6ms)[0m  INSERT INTO "schema_migrations" (version) VALUES ('20140212094058')
  [1m[36m (0.6ms)[0m  [1mINSERT INTO "schema_migrations" (version) VALUES ('20140213043514')[0m
  [1m[35m (0.6ms)[0m  INSERT INTO "schema_migrations" (version) VALUES ('20140213071013')
  [1m[36m (0.7ms)[0m  [1mINSERT INTO "schema_migrations" (version) VALUES ('20140213071757')[0m
  [1m[35m (0.8ms)[0m  INSERT INTO "schema_migrations" (version) VALUES ('20140213072209')
  [1m[36mActiveRecord::SchemaMigration Load (0.1ms)[0m  [1mSELECT "schema_migrations".* FROM "schema_migrations"[0m
  [1m[35mActiveRecord::SchemaMigration Load (0.1ms)[0m  SELECT "schema_migrations".* FROM "schema_migrations"
Unable to load usertalk, underlying cause No such file to load -- usertalk 

 /Users/apple/.rvm/gems/ruby-2.1.0/gems/activesupport-4.0.2/lib/active_support/dependencies.rb:229:in `require'
/Users/apple/.rvm/gems/ruby-2.1.0/gems/activesupport-4.0.2/lib/active_support/dependencies.rb:229:in `block in require'
/Users/apple/.rvm/gems/ruby-2.1.0/gems/activesupport-4.0.2/lib/active_support/dependencies.rb:214:in `load_dependency'
/Users/apple/.rvm/gems/ruby-2.1.0/gems/activesupport-4.0.2/lib/active_support/dependencies.rb:229:in `require'
/Users/apple/.rvm/gems/ruby-2.1.0/gems/activesupport-4.0.2/lib/active_support/dependencies.rb:330:in `require_or_load'
/Users/apple/.rvm/gems/ruby-2.1.0/gems/activesupport-4.0.2/lib/active_support/dependencies.rb:289:in `depend_on'
/Users/apple/.rvm/gems/ruby-2.1.0/gems/activesupport-4.0.2/lib/active_support/dependencies.rb:207:in `require_dependency'
/Users/apple/.rvm/gems/ruby-2.1.0/gems/activerecord-4.0.2/lib/active_record/fixtures.rb:773:in `try_to_load_dependency'
/Users/apple/.rvm/gems/ruby-2.1.0/gems/activerecord-4.0.2/lib/active_record/fixtures.rb:792:in `block in require_fixture_classes'
/Users/apple/.rvm/gems/ruby-2.1.0/gems/activerecord-4.0.2/lib/active_record/fixtures.rb:790:in `each'
/Users/apple/.rvm/gems/ruby-2.1.0/gems/activerecord-4.0.2/lib/active_record/fixtures.rb:790:in `require_fixture_classes'
/Users/apple/.rvm/gems/ruby-2.1.0/gems/activerecord-4.0.2/lib/active_record/fixtures.rb:768:in `fixtures'
/Users/apple/projects/TempIoIo/test/test_helper.rb:12:in `<class:TestCase>'
/Users/apple/projects/TempIoIo/test/test_helper.rb:5:in `<top (required)>'
/Users/apple/.rvm/gems/ruby-2.1.0/gems/activesupport-4.0.2/lib/active_support/dependencies.rb:229:in `require'
/Users/apple/.rvm/gems/ruby-2.1.0/gems/activesupport-4.0.2/lib/active_support/dependencies.rb:229:in `block in require'
/Users/apple/.rvm/gems/ruby-2.1.0/gems/activesupport-4.0.2/lib/active_support/dependencies.rb:214:in `load_dependency'
/Users/apple/.rvm/gems/ruby-2.1.0/gems/activesupport-4.0.2/lib/active_support/dependencies.rb:229:in `require'
/Users/apple/projects/TempIoIo/test/helpers/first_page_helper_test.rb:1:in `<top (required)>'
/Users/apple/.rvm/gems/ruby-2.1.0/gems/activesupport-4.0.2/lib/active_support/dependencies.rb:229:in `require'
/Users/apple/.rvm/gems/ruby-2.1.0/gems/activesupport-4.0.2/lib/active_support/dependencies.rb:229:in `block in require'
/Users/apple/.rvm/gems/ruby-2.1.0/gems/activesupport-4.0.2/lib/active_support/dependencies.rb:214:in `load_dependency'
/Users/apple/.rvm/gems/ruby-2.1.0/gems/activesupport-4.0.2/lib/active_support/dependencies.rb:229:in `require'
/Users/apple/.rvm/gems/ruby-2.1.0/gems/railties-4.0.2/lib/rails/test_unit/sub_test_task.rb:73:in `block (3 levels) in define'
/Users/apple/.rvm/gems/ruby-2.1.0/gems/railties-4.0.2/lib/rails/test_unit/sub_test_task.rb:73:in `each'
/Users/apple/.rvm/gems/ruby-2.1.0/gems/railties-4.0.2/lib/rails/test_unit/sub_test_task.rb:73:in `block (2 levels) in define'
/Users/apple/.rvm/gems/ruby-2.1.0/gems/railties-4.0.2/lib/rails/test_unit/sub_test_task.rb:72:in `each'
/Users/apple/.rvm/gems/ruby-2.1.0/gems/railties-4.0.2/lib/rails/test_unit/sub_test_task.rb:72:in `block in define'
/Users/apple/.rvm/gems/ruby-2.1.0/gems/rake-10.1.1/lib/rake/task.rb:236:in `call'
/Users/apple/.rvm/gems/ruby-2.1.0/gems/rake-10.1.1/lib/rake/task.rb:236:in `block in execute'
/Users/apple/.rvm/gems/ruby-2.1.0/gems/rake-10.1.1/lib/rake/task.rb:231:in `each'
/Users/apple/.rvm/gems/ruby-2.1.0/gems/rake-10.1.1/lib/rake/task.rb:231:in `execute'
/Users/apple/.rvm/gems/ruby-2.1.0/gems/rake-10.1.1/lib/rake/task.rb:175:in `block in invoke_with_call_chain'
/Users/apple/.rvm/rubies/ruby-2.1.0/lib/ruby/2.1.0/monitor.rb:211:in `mon_synchronize'
/Users/apple/.rvm/gems/ruby-2.1.0/gems/rake-10.1.1/lib/rake/task.rb:168:in `invoke_with_call_chain'
/Users/apple/.rvm/gems/ruby-2.1.0/gems/rake-10.1.1/lib/rake/task.rb:197:in `block in invoke_prerequisites'
/Users/apple/.rvm/gems/ruby-2.1.0/gems/rake-10.1.1/lib/rake/task.rb:195:in `each'
/Users/apple/.rvm/gems/ruby-2.1.0/gems/rake-10.1.1/lib/rake/task.rb:195:in `invoke_prerequisites'
/Users/apple/.rvm/gems/ruby-2.1.0/gems/rake-10.1.1/lib/rake/task.rb:174:in `block in invoke_with_call_chain'
/Users/apple/.rvm/rubies/ruby-2.1.0/lib/ruby/2.1.0/monitor.rb:211:in `mon_synchronize'
/Users/apple/.rvm/gems/ruby-2.1.0/gems/rake-10.1.1/lib/rake/task.rb:168:in `invoke_with_call_chain'
/Users/apple/.rvm/gems/ruby-2.1.0/gems/rake-10.1.1/lib/rake/task.rb:161:in `invoke'
/Users/apple/.rvm/gems/ruby-2.1.0/gems/railties-4.0.2/lib/rails/test_unit/testing.rake:61:in `block in <top (required)>'
/Users/apple/.rvm/gems/ruby-2.1.0/gems/rake-10.1.1/lib/rake/task.rb:236:in `call'
/Users/apple/.rvm/gems/ruby-2.1.0/gems/rake-10.1.1/lib/rake/task.rb:236:in `block in execute'
/Users/apple/.rvm/gems/ruby-2.1.0/gems/rake-10.1.1/lib/rake/task.rb:231:in `each'
/Users/apple/.rvm/gems/ruby-2.1.0/gems/rake-10.1.1/lib/rake/task.rb:231:in `execute'
/Users/apple/.rvm/gems/ruby-2.1.0/gems/rake-10.1.1/lib/rake/task.rb:175:in `block in invoke_with_call_chain'
/Users/apple/.rvm/rubies/ruby-2.1.0/lib/ruby/2.1.0/monitor.rb:211:in `mon_synchronize'
/Users/apple/.rvm/gems/ruby-2.1.0/gems/rake-10.1.1/lib/rake/task.rb:168:in `invoke_with_call_chain'
/Users/apple/.rvm/gems/ruby-2.1.0/gems/rake-10.1.1/lib/rake/task.rb:197:in `block in invoke_prerequisites'
/Users/apple/.rvm/gems/ruby-2.1.0/gems/rake-10.1.1/lib/rake/task.rb:195:in `each'
/Users/apple/.rvm/gems/ruby-2.1.0/gems/rake-10.1.1/lib/rake/task.rb:195:in `invoke_prerequisites'
/Users/apple/.rvm/gems/ruby-2.1.0/gems/rake-10.1.1/lib/rake/task.rb:174:in `block in invoke_with_call_chain'
/Users/apple/.rvm/rubies/ruby-2.1.0/lib/ruby/2.1.0/monitor.rb:211:in `mon_synchronize'
/Users/apple/.rvm/gems/ruby-2.1.0/gems/rake-10.1.1/lib/rake/task.rb:168:in `invoke_with_call_chain'
/Users/apple/.rvm/gems/ruby-2.1.0/gems/rake-10.1.1/lib/rake/task.rb:161:in `invoke'
/Users/apple/.rvm/gems/ruby-2.1.0/gems/rake-10.1.1/lib/rake/application.rb:149:in `invoke_task'
/Users/apple/.rvm/gems/ruby-2.1.0/gems/rake-10.1.1/lib/rake/application.rb:106:in `block (2 levels) in top_level'
/Users/apple/.rvm/gems/ruby-2.1.0/gems/rake-10.1.1/lib/rake/application.rb:106:in `each'
/Users/apple/.rvm/gems/ruby-2.1.0/gems/rake-10.1.1/lib/rake/application.rb:106:in `block in top_level'
/Users/apple/.rvm/gems/ruby-2.1.0/gems/rake-10.1.1/lib/rake/application.rb:115:in `run_with_threads'
/Users/apple/.rvm/gems/ruby-2.1.0/gems/rake-10.1.1/lib/rake/application.rb:100:in `top_level'
/Users/apple/.rvm/gems/ruby-2.1.0/gems/rake-10.1.1/lib/rake/application.rb:78:in `block in run'
/Users/apple/.rvm/gems/ruby-2.1.0/gems/rake-10.1.1/lib/rake/application.rb:165:in `standard_exception_handling'
/Users/apple/.rvm/gems/ruby-2.1.0/gems/rake-10.1.1/lib/rake/application.rb:75:in `run'
/Users/apple/.rvm/gems/ruby-2.1.0/gems/rake-10.1.1/bin/rake:33:in `<top (required)>'
/Users/apple/.rvm/gems/ruby-2.1.0/bin/rake:23:in `load'
/Users/apple/.rvm/gems/ruby-2.1.0/bin/rake:23:in `<main>'
/Users/apple/.rvm/gems/ruby-2.1.0/bin/ruby_executable_hooks:15:in `eval'
/Users/apple/.rvm/gems/ruby-2.1.0/bin/ruby_executable_hooks:15:in `<main>'
  [1m[36m (0.1ms)[0m  [1mbegin transaction[0m
  [1m[35mFixture Delete (0.2ms)[0m  DELETE FROM "acadamic_histories"
  [1m[36mFixture Insert (0.1ms)[0m  [1mINSERT INTO "acadamic_histories" ("user_id", "school", "department", "year", "degree", "nation", "created_at", "updated_at", "id") VALUES (1, 'MyString', 'MyString', 'MyString', 'MyString', 'MyString', '2014-02-18 09:00:42', '2014-02-18 09:00:42', 980190962)[0m
  [1m[35mFixture Insert (0.1ms)[0m  INSERT INTO "acadamic_histories" ("user_id", "school", "department", "year", "degree", "nation", "created_at", "updated_at", "id") VALUES (1, 'MyString', 'MyString', 'MyString', 'MyString', 'MyString', '2014-02-18 09:00:42', '2014-02-18 09:00:42', 298486374)
  [1m[36m (0.3ms)[0m  [1mrollback transaction[0m
  [1m[36m (1.9ms)[0m  [1mCREATE TABLE "acadamic_histories" ("id" INTEGER PRIMARY KEY AUTOINCREMENT NOT NULL, "user_id" integer, "school" varchar(255), "department" varchar(255), "year" varchar(255), "degree" varchar(255), "nation" varchar(255), "created_at" datetime, "updated_at" datetime) [0m
  [1m[35m (0.8ms)[0m  CREATE TABLE "process_lists" ("id" INTEGER PRIMARY KEY AUTOINCREMENT NOT NULL, "title" varchar(255), "process_type" varchar(255), "sequence" integer, "created_at" datetime, "updated_at" datetime) 
  [1m[36m (0.8ms)[0m  [1mCREATE TABLE "speaker_profiles" ("id" INTEGER PRIMARY KEY AUTOINCREMENT NOT NULL, "user_id" integer, "bio" text, "photo" varchar(255), "created_at" datetime, "updated_at" datetime, "eng_name" varchar(255), "chi_name" varchar(255)) [0m
  [1m[35m (0.7ms)[0m  CREATE TABLE "talk_process_lists" ("id" INTEGER PRIMARY KEY AUTOINCREMENT NOT NULL, "talk_id" integer, "process_id" integer, "created_at" datetime, "updated_at" datetime) 
  [1m[36m (0.9ms)[0m  [1mCREATE TABLE "talks" ("id" INTEGER PRIMARY KEY AUTOINCREMENT NOT NULL, "title" varchar(255), "intro" text, "bg" varchar(255), "poster" varchar(255), "slide1" varchar(255), "slide2" varchar(255), "slide3" varchar(255), "videourl1" varchar(255), "videourl2" varchar(255), "videourl3" varchar(255), "videocomment1" text, "videocomment2" text, "videocomment3" text, "feedback1" varchar(255), "feedback2" varchar(255), "feedback3" varchar(255), "signup" datetime, "created_at" datetime, "updated_at" datetime, "photography_file_name" varchar(255), "photography_content_type" varchar(255), "photography_file_size" integer, "photography_updated_at" datetime, "speaker_profile_id" integer) [0m
  [1m[35m (0.7ms)[0m  CREATE TABLE "user_talks" ("id" INTEGER PRIMARY KEY AUTOINCREMENT NOT NULL, "created_at" datetime, "updated_at" datetime, "user_id" integer, "talk_id" integer) 
  [1m[36m (0.7ms)[0m  [1mCREATE TABLE "usercomments" ("id" INTEGER PRIMARY KEY AUTOINCREMENT NOT NULL, "user_id" integer, "comment_id" integer, "created_at" datetime, "updated_at" datetime) [0m
  [1m[35m (1.0ms)[0m  CREATE TABLE "users" ("id" INTEGER PRIMARY KEY AUTOINCREMENT NOT NULL, "email" varchar(255) DEFAULT '' NOT NULL, "encrypted_password" varchar(255) DEFAULT '' NOT NULL, "reset_password_token" varchar(255), "reset_password_sent_at" datetime, "remember_created_at" datetime, "sign_in_count" integer DEFAULT 0 NOT NULL, "current_sign_in_at" datetime, "last_sign_in_at" datetime, "current_sign_in_ip" varchar(255), "last_sign_in_ip" varchar(255), "created_at" datetime, "updated_at" datetime, "role" varchar(255), "name" varchar(255)) 
  [1m[36m (1.0ms)[0m  [1mCREATE UNIQUE INDEX "index_users_on_email" ON "users" ("email")[0m
  [1m[35m (0.8ms)[0m  CREATE UNIQUE INDEX "index_users_on_reset_password_token" ON "users" ("reset_password_token")
  [1m[36m (1.1ms)[0m  [1mCREATE TABLE "schema_migrations" ("version" varchar(255) NOT NULL) [0m
  [1m[35m (0.7ms)[0m  CREATE UNIQUE INDEX "unique_schema_migrations" ON "schema_migrations" ("version")
  [1m[36m (0.1ms)[0m  [1mSELECT version FROM "schema_migrations"[0m
  [1m[35m (0.7ms)[0m  INSERT INTO "schema_migrations" (version) VALUES ('20140218055353')
  [1m[36m (0.8ms)[0m  [1mINSERT INTO "schema_migrations" (version) VALUES ('20140211062520')[0m
  [1m[35m (0.8ms)[0m  INSERT INTO "schema_migrations" (version) VALUES ('20140211070234')
  [1m[36m (0.6ms)[0m  [1mINSERT INTO "schema_migrations" (version) VALUES ('20140211071831')[0m
  [1m[35m (0.7ms)[0m  INSERT INTO "schema_migrations" (version) VALUES ('20140211072311')
  [1m[36m (0.7ms)[0m  [1mINSERT INTO "schema_migrations" (version) VALUES ('20140211072456')[0m
  [1m[35m (0.7ms)[0m  INSERT INTO "schema_migrations" (version) VALUES ('20140211074844')
  [1m[36m (0.8ms)[0m  [1mINSERT INTO "schema_migrations" (version) VALUES ('20140211074918')[0m
  [1m[35m (0.7ms)[0m  INSERT INTO "schema_migrations" (version) VALUES ('20140211075954')
  [1m[36m (0.7ms)[0m  [1mINSERT INTO "schema_migrations" (version) VALUES ('20140211083329')[0m
  [1m[35m (0.7ms)[0m  INSERT INTO "schema_migrations" (version) VALUES ('20140212094058')
  [1m[36m (0.7ms)[0m  [1mINSERT INTO "schema_migrations" (version) VALUES ('20140213043514')[0m
  [1m[35m (0.7ms)[0m  INSERT INTO "schema_migrations" (version) VALUES ('20140213071013')
  [1m[36m (0.6ms)[0m  [1mINSERT INTO "schema_migrations" (version) VALUES ('20140213071757')[0m
  [1m[35m (0.7ms)[0m  INSERT INTO "schema_migrations" (version) VALUES ('20140213072209')
  [1m[36mActiveRecord::SchemaMigration Load (0.1ms)[0m  [1mSELECT "schema_migrations".* FROM "schema_migrations"[0m
  [1m[35mActiveRecord::SchemaMigration Load (0.1ms)[0m  SELECT "schema_migrations".* FROM "schema_migrations"
Unable to load comment, underlying cause No such file to load -- comment 

 /Users/apple/.rvm/gems/ruby-2.1.0/gems/activesupport-4.0.2/lib/active_support/dependencies.rb:229:in `require'
/Users/apple/.rvm/gems/ruby-2.1.0/gems/activesupport-4.0.2/lib/active_support/dependencies.rb:229:in `block in require'
/Users/apple/.rvm/gems/ruby-2.1.0/gems/activesupport-4.0.2/lib/active_support/dependencies.rb:214:in `load_dependency'
/Users/apple/.rvm/gems/ruby-2.1.0/gems/activesupport-4.0.2/lib/active_support/dependencies.rb:229:in `require'
/Users/apple/.rvm/gems/ruby-2.1.0/gems/activesupport-4.0.2/lib/active_support/dependencies.rb:330:in `require_or_load'
/Users/apple/.rvm/gems/ruby-2.1.0/gems/activesupport-4.0.2/lib/active_support/dependencies.rb:289:in `depend_on'
/Users/apple/.rvm/gems/ruby-2.1.0/gems/activesupport-4.0.2/lib/active_support/dependencies.rb:207:in `require_dependency'
/Users/apple/.rvm/gems/ruby-2.1.0/gems/activerecord-4.0.2/lib/active_record/fixtures.rb:773:in `try_to_load_dependency'
/Users/apple/.rvm/gems/ruby-2.1.0/gems/activerecord-4.0.2/lib/active_record/fixtures.rb:792:in `block in require_fixture_classes'
/Users/apple/.rvm/gems/ruby-2.1.0/gems/activerecord-4.0.2/lib/active_record/fixtures.rb:790:in `each'
/Users/apple/.rvm/gems/ruby-2.1.0/gems/activerecord-4.0.2/lib/active_record/fixtures.rb:790:in `require_fixture_classes'
/Users/apple/.rvm/gems/ruby-2.1.0/gems/activerecord-4.0.2/lib/active_record/fixtures.rb:768:in `fixtures'
/Users/apple/projects/TempIoIo/test/test_helper.rb:12:in `<class:TestCase>'
/Users/apple/projects/TempIoIo/test/test_helper.rb:5:in `<top (required)>'
/Users/apple/.rvm/gems/ruby-2.1.0/gems/activesupport-4.0.2/lib/active_support/dependencies.rb:229:in `require'
/Users/apple/.rvm/gems/ruby-2.1.0/gems/activesupport-4.0.2/lib/active_support/dependencies.rb:229:in `block in require'
/Users/apple/.rvm/gems/ruby-2.1.0/gems/activesupport-4.0.2/lib/active_support/dependencies.rb:214:in `load_dependency'
/Users/apple/.rvm/gems/ruby-2.1.0/gems/activesupport-4.0.2/lib/active_support/dependencies.rb:229:in `require'
/Users/apple/projects/TempIoIo/test/helpers/first_page_helper_test.rb:1:in `<top (required)>'
/Users/apple/.rvm/gems/ruby-2.1.0/gems/activesupport-4.0.2/lib/active_support/dependencies.rb:229:in `require'
/Users/apple/.rvm/gems/ruby-2.1.0/gems/activesupport-4.0.2/lib/active_support/dependencies.rb:229:in `block in require'
/Users/apple/.rvm/gems/ruby-2.1.0/gems/activesupport-4.0.2/lib/active_support/dependencies.rb:214:in `load_dependency'
/Users/apple/.rvm/gems/ruby-2.1.0/gems/activesupport-4.0.2/lib/active_support/dependencies.rb:229:in `require'
/Users/apple/.rvm/gems/ruby-2.1.0/gems/railties-4.0.2/lib/rails/test_unit/sub_test_task.rb:73:in `block (3 levels) in define'
/Users/apple/.rvm/gems/ruby-2.1.0/gems/railties-4.0.2/lib/rails/test_unit/sub_test_task.rb:73:in `each'
/Users/apple/.rvm/gems/ruby-2.1.0/gems/railties-4.0.2/lib/rails/test_unit/sub_test_task.rb:73:in `block (2 levels) in define'
/Users/apple/.rvm/gems/ruby-2.1.0/gems/railties-4.0.2/lib/rails/test_unit/sub_test_task.rb:72:in `each'
/Users/apple/.rvm/gems/ruby-2.1.0/gems/railties-4.0.2/lib/rails/test_unit/sub_test_task.rb:72:in `block in define'
/Users/apple/.rvm/gems/ruby-2.1.0/gems/rake-10.1.1/lib/rake/task.rb:236:in `call'
/Users/apple/.rvm/gems/ruby-2.1.0/gems/rake-10.1.1/lib/rake/task.rb:236:in `block in execute'
/Users/apple/.rvm/gems/ruby-2.1.0/gems/rake-10.1.1/lib/rake/task.rb:231:in `each'
/Users/apple/.rvm/gems/ruby-2.1.0/gems/rake-10.1.1/lib/rake/task.rb:231:in `execute'
/Users/apple/.rvm/gems/ruby-2.1.0/gems/rake-10.1.1/lib/rake/task.rb:175:in `block in invoke_with_call_chain'
/Users/apple/.rvm/rubies/ruby-2.1.0/lib/ruby/2.1.0/monitor.rb:211:in `mon_synchronize'
/Users/apple/.rvm/gems/ruby-2.1.0/gems/rake-10.1.1/lib/rake/task.rb:168:in `invoke_with_call_chain'
/Users/apple/.rvm/gems/ruby-2.1.0/gems/rake-10.1.1/lib/rake/task.rb:197:in `block in invoke_prerequisites'
/Users/apple/.rvm/gems/ruby-2.1.0/gems/rake-10.1.1/lib/rake/task.rb:195:in `each'
/Users/apple/.rvm/gems/ruby-2.1.0/gems/rake-10.1.1/lib/rake/task.rb:195:in `invoke_prerequisites'
/Users/apple/.rvm/gems/ruby-2.1.0/gems/rake-10.1.1/lib/rake/task.rb:174:in `block in invoke_with_call_chain'
/Users/apple/.rvm/rubies/ruby-2.1.0/lib/ruby/2.1.0/monitor.rb:211:in `mon_synchronize'
/Users/apple/.rvm/gems/ruby-2.1.0/gems/rake-10.1.1/lib/rake/task.rb:168:in `invoke_with_call_chain'
/Users/apple/.rvm/gems/ruby-2.1.0/gems/rake-10.1.1/lib/rake/task.rb:161:in `invoke'
/Users/apple/.rvm/gems/ruby-2.1.0/gems/railties-4.0.2/lib/rails/test_unit/testing.rake:61:in `block in <top (required)>'
/Users/apple/.rvm/gems/ruby-2.1.0/gems/rake-10.1.1/lib/rake/task.rb:236:in `call'
/Users/apple/.rvm/gems/ruby-2.1.0/gems/rake-10.1.1/lib/rake/task.rb:236:in `block in execute'
/Users/apple/.rvm/gems/ruby-2.1.0/gems/rake-10.1.1/lib/rake/task.rb:231:in `each'
/Users/apple/.rvm/gems/ruby-2.1.0/gems/rake-10.1.1/lib/rake/task.rb:231:in `execute'
/Users/apple/.rvm/gems/ruby-2.1.0/gems/rake-10.1.1/lib/rake/task.rb:175:in `block in invoke_with_call_chain'
/Users/apple/.rvm/rubies/ruby-2.1.0/lib/ruby/2.1.0/monitor.rb:211:in `mon_synchronize'
/Users/apple/.rvm/gems/ruby-2.1.0/gems/rake-10.1.1/lib/rake/task.rb:168:in `invoke_with_call_chain'
/Users/apple/.rvm/gems/ruby-2.1.0/gems/rake-10.1.1/lib/rake/task.rb:197:in `block in invoke_prerequisites'
/Users/apple/.rvm/gems/ruby-2.1.0/gems/rake-10.1.1/lib/rake/task.rb:195:in `each'
/Users/apple/.rvm/gems/ruby-2.1.0/gems/rake-10.1.1/lib/rake/task.rb:195:in `invoke_prerequisites'
/Users/apple/.rvm/gems/ruby-2.1.0/gems/rake-10.1.1/lib/rake/task.rb:174:in `block in invoke_with_call_chain'
/Users/apple/.rvm/rubies/ruby-2.1.0/lib/ruby/2.1.0/monitor.rb:211:in `mon_synchronize'
/Users/apple/.rvm/gems/ruby-2.1.0/gems/rake-10.1.1/lib/rake/task.rb:168:in `invoke_with_call_chain'
/Users/apple/.rvm/gems/ruby-2.1.0/gems/rake-10.1.1/lib/rake/task.rb:161:in `invoke'
/Users/apple/.rvm/gems/ruby-2.1.0/gems/rake-10.1.1/lib/rake/application.rb:149:in `invoke_task'
/Users/apple/.rvm/gems/ruby-2.1.0/gems/rake-10.1.1/lib/rake/application.rb:106:in `block (2 levels) in top_level'
/Users/apple/.rvm/gems/ruby-2.1.0/gems/rake-10.1.1/lib/rake/application.rb:106:in `each'
/Users/apple/.rvm/gems/ruby-2.1.0/gems/rake-10.1.1/lib/rake/application.rb:106:in `block in top_level'
/Users/apple/.rvm/gems/ruby-2.1.0/gems/rake-10.1.1/lib/rake/application.rb:115:in `run_with_threads'
/Users/apple/.rvm/gems/ruby-2.1.0/gems/rake-10.1.1/lib/rake/application.rb:100:in `top_level'
/Users/apple/.rvm/gems/ruby-2.1.0/gems/rake-10.1.1/lib/rake/application.rb:78:in `block in run'
/Users/apple/.rvm/gems/ruby-2.1.0/gems/rake-10.1.1/lib/rake/application.rb:165:in `standard_exception_handling'
/Users/apple/.rvm/gems/ruby-2.1.0/gems/rake-10.1.1/lib/rake/application.rb:75:in `run'
/Users/apple/.rvm/gems/ruby-2.1.0/gems/rake-10.1.1/bin/rake:33:in `<top (required)>'
/Users/apple/.rvm/gems/ruby-2.1.0/bin/rake:23:in `load'
/Users/apple/.rvm/gems/ruby-2.1.0/bin/rake:23:in `<main>'
/Users/apple/.rvm/gems/ruby-2.1.0/bin/ruby_executable_hooks:15:in `eval'
/Users/apple/.rvm/gems/ruby-2.1.0/bin/ruby_executable_hooks:15:in `<main>'
Unable to load usertalk, underlying cause No such file to load -- usertalk 

 /Users/apple/.rvm/gems/ruby-2.1.0/gems/activesupport-4.0.2/lib/active_support/dependencies.rb:229:in `require'
/Users/apple/.rvm/gems/ruby-2.1.0/gems/activesupport-4.0.2/lib/active_support/dependencies.rb:229:in `block in require'
/Users/apple/.rvm/gems/ruby-2.1.0/gems/activesupport-4.0.2/lib/active_support/dependencies.rb:214:in `load_dependency'
/Users/apple/.rvm/gems/ruby-2.1.0/gems/activesupport-4.0.2/lib/active_support/dependencies.rb:229:in `require'
/Users/apple/.rvm/gems/ruby-2.1.0/gems/activesupport-4.0.2/lib/active_support/dependencies.rb:330:in `require_or_load'
/Users/apple/.rvm/gems/ruby-2.1.0/gems/activesupport-4.0.2/lib/active_support/dependencies.rb:289:in `depend_on'
/Users/apple/.rvm/gems/ruby-2.1.0/gems/activesupport-4.0.2/lib/active_support/dependencies.rb:207:in `require_dependency'
/Users/apple/.rvm/gems/ruby-2.1.0/gems/activerecord-4.0.2/lib/active_record/fixtures.rb:773:in `try_to_load_dependency'
/Users/apple/.rvm/gems/ruby-2.1.0/gems/activerecord-4.0.2/lib/active_record/fixtures.rb:792:in `block in require_fixture_classes'
/Users/apple/.rvm/gems/ruby-2.1.0/gems/activerecord-4.0.2/lib/active_record/fixtures.rb:790:in `each'
/Users/apple/.rvm/gems/ruby-2.1.0/gems/activerecord-4.0.2/lib/active_record/fixtures.rb:790:in `require_fixture_classes'
/Users/apple/.rvm/gems/ruby-2.1.0/gems/activerecord-4.0.2/lib/active_record/fixtures.rb:768:in `fixtures'
/Users/apple/projects/TempIoIo/test/test_helper.rb:12:in `<class:TestCase>'
/Users/apple/projects/TempIoIo/test/test_helper.rb:5:in `<top (required)>'
/Users/apple/.rvm/gems/ruby-2.1.0/gems/activesupport-4.0.2/lib/active_support/dependencies.rb:229:in `require'
/Users/apple/.rvm/gems/ruby-2.1.0/gems/activesupport-4.0.2/lib/active_support/dependencies.rb:229:in `block in require'
/Users/apple/.rvm/gems/ruby-2.1.0/gems/activesupport-4.0.2/lib/active_support/dependencies.rb:214:in `load_dependency'
/Users/apple/.rvm/gems/ruby-2.1.0/gems/activesupport-4.0.2/lib/active_support/dependencies.rb:229:in `require'
/Users/apple/projects/TempIoIo/test/helpers/first_page_helper_test.rb:1:in `<top (required)>'
/Users/apple/.rvm/gems/ruby-2.1.0/gems/activesupport-4.0.2/lib/active_support/dependencies.rb:229:in `require'
/Users/apple/.rvm/gems/ruby-2.1.0/gems/activesupport-4.0.2/lib/active_support/dependencies.rb:229:in `block in require'
/Users/apple/.rvm/gems/ruby-2.1.0/gems/activesupport-4.0.2/lib/active_support/dependencies.rb:214:in `load_dependency'
/Users/apple/.rvm/gems/ruby-2.1.0/gems/activesupport-4.0.2/lib/active_support/dependencies.rb:229:in `require'
/Users/apple/.rvm/gems/ruby-2.1.0/gems/railties-4.0.2/lib/rails/test_unit/sub_test_task.rb:73:in `block (3 levels) in define'
/Users/apple/.rvm/gems/ruby-2.1.0/gems/railties-4.0.2/lib/rails/test_unit/sub_test_task.rb:73:in `each'
/Users/apple/.rvm/gems/ruby-2.1.0/gems/railties-4.0.2/lib/rails/test_unit/sub_test_task.rb:73:in `block (2 levels) in define'
/Users/apple/.rvm/gems/ruby-2.1.0/gems/railties-4.0.2/lib/rails/test_unit/sub_test_task.rb:72:in `each'
/Users/apple/.rvm/gems/ruby-2.1.0/gems/railties-4.0.2/lib/rails/test_unit/sub_test_task.rb:72:in `block in define'
/Users/apple/.rvm/gems/ruby-2.1.0/gems/rake-10.1.1/lib/rake/task.rb:236:in `call'
/Users/apple/.rvm/gems/ruby-2.1.0/gems/rake-10.1.1/lib/rake/task.rb:236:in `block in execute'
/Users/apple/.rvm/gems/ruby-2.1.0/gems/rake-10.1.1/lib/rake/task.rb:231:in `each'
/Users/apple/.rvm/gems/ruby-2.1.0/gems/rake-10.1.1/lib/rake/task.rb:231:in `execute'
/Users/apple/.rvm/gems/ruby-2.1.0/gems/rake-10.1.1/lib/rake/task.rb:175:in `block in invoke_with_call_chain'
/Users/apple/.rvm/rubies/ruby-2.1.0/lib/ruby/2.1.0/monitor.rb:211:in `mon_synchronize'
/Users/apple/.rvm/gems/ruby-2.1.0/gems/rake-10.1.1/lib/rake/task.rb:168:in `invoke_with_call_chain'
/Users/apple/.rvm/gems/ruby-2.1.0/gems/rake-10.1.1/lib/rake/task.rb:197:in `block in invoke_prerequisites'
/Users/apple/.rvm/gems/ruby-2.1.0/gems/rake-10.1.1/lib/rake/task.rb:195:in `each'
/Users/apple/.rvm/gems/ruby-2.1.0/gems/rake-10.1.1/lib/rake/task.rb:195:in `invoke_prerequisites'
/Users/apple/.rvm/gems/ruby-2.1.0/gems/rake-10.1.1/lib/rake/task.rb:174:in `block in invoke_with_call_chain'
/Users/apple/.rvm/rubies/ruby-2.1.0/lib/ruby/2.1.0/monitor.rb:211:in `mon_synchronize'
/Users/apple/.rvm/gems/ruby-2.1.0/gems/rake-10.1.1/lib/rake/task.rb:168:in `invoke_with_call_chain'
/Users/apple/.rvm/gems/ruby-2.1.0/gems/rake-10.1.1/lib/rake/task.rb:161:in `invoke'
/Users/apple/.rvm/gems/ruby-2.1.0/gems/railties-4.0.2/lib/rails/test_unit/testing.rake:61:in `block in <top (required)>'
/Users/apple/.rvm/gems/ruby-2.1.0/gems/rake-10.1.1/lib/rake/task.rb:236:in `call'
/Users/apple/.rvm/gems/ruby-2.1.0/gems/rake-10.1.1/lib/rake/task.rb:236:in `block in execute'
/Users/apple/.rvm/gems/ruby-2.1.0/gems/rake-10.1.1/lib/rake/task.rb:231:in `each'
/Users/apple/.rvm/gems/ruby-2.1.0/gems/rake-10.1.1/lib/rake/task.rb:231:in `execute'
/Users/apple/.rvm/gems/ruby-2.1.0/gems/rake-10.1.1/lib/rake/task.rb:175:in `block in invoke_with_call_chain'
/Users/apple/.rvm/rubies/ruby-2.1.0/lib/ruby/2.1.0/monitor.rb:211:in `mon_synchronize'
/Users/apple/.rvm/gems/ruby-2.1.0/gems/rake-10.1.1/lib/rake/task.rb:168:in `invoke_with_call_chain'
/Users/apple/.rvm/gems/ruby-2.1.0/gems/rake-10.1.1/lib/rake/task.rb:197:in `block in invoke_prerequisites'
/Users/apple/.rvm/gems/ruby-2.1.0/gems/rake-10.1.1/lib/rake/task.rb:195:in `each'
/Users/apple/.rvm/gems/ruby-2.1.0/gems/rake-10.1.1/lib/rake/task.rb:195:in `invoke_prerequisites'
/Users/apple/.rvm/gems/ruby-2.1.0/gems/rake-10.1.1/lib/rake/task.rb:174:in `block in invoke_with_call_chain'
/Users/apple/.rvm/rubies/ruby-2.1.0/lib/ruby/2.1.0/monitor.rb:211:in `mon_synchronize'
/Users/apple/.rvm/gems/ruby-2.1.0/gems/rake-10.1.1/lib/rake/task.rb:168:in `invoke_with_call_chain'
/Users/apple/.rvm/gems/ruby-2.1.0/gems/rake-10.1.1/lib/rake/task.rb:161:in `invoke'
/Users/apple/.rvm/gems/ruby-2.1.0/gems/rake-10.1.1/lib/rake/application.rb:149:in `invoke_task'
/Users/apple/.rvm/gems/ruby-2.1.0/gems/rake-10.1.1/lib/rake/application.rb:106:in `block (2 levels) in top_level'
/Users/apple/.rvm/gems/ruby-2.1.0/gems/rake-10.1.1/lib/rake/application.rb:106:in `each'
/Users/apple/.rvm/gems/ruby-2.1.0/gems/rake-10.1.1/lib/rake/application.rb:106:in `block in top_level'
/Users/apple/.rvm/gems/ruby-2.1.0/gems/rake-10.1.1/lib/rake/application.rb:115:in `run_with_threads'
/Users/apple/.rvm/gems/ruby-2.1.0/gems/rake-10.1.1/lib/rake/application.rb:100:in `top_level'
/Users/apple/.rvm/gems/ruby-2.1.0/gems/rake-10.1.1/lib/rake/application.rb:78:in `block in run'
/Users/apple/.rvm/gems/ruby-2.1.0/gems/rake-10.1.1/lib/rake/application.rb:165:in `standard_exception_handling'
/Users/apple/.rvm/gems/ruby-2.1.0/gems/rake-10.1.1/lib/rake/application.rb:75:in `run'
/Users/apple/.rvm/gems/ruby-2.1.0/gems/rake-10.1.1/bin/rake:33:in `<top (required)>'
/Users/apple/.rvm/gems/ruby-2.1.0/bin/rake:23:in `load'
/Users/apple/.rvm/gems/ruby-2.1.0/bin/rake:23:in `<main>'
/Users/apple/.rvm/gems/ruby-2.1.0/bin/ruby_executable_hooks:15:in `eval'
/Users/apple/.rvm/gems/ruby-2.1.0/bin/ruby_executable_hooks:15:in `<main>'
  [1m[36m (0.1ms)[0m  [1mbegin transaction[0m
  [1m[35mFixture Delete (0.2ms)[0m  DELETE FROM "acadamic_histories"
  [1m[36mFixture Insert (0.1ms)[0m  [1mINSERT INTO "acadamic_histories" ("user_id", "school", "department", "year", "degree", "nation", "created_at", "updated_at", "id") VALUES (1, 'MyString', 'MyString', 'MyString', 'MyString', 'MyString', '2014-02-18 09:03:07', '2014-02-18 09:03:07', 980190962)[0m
  [1m[35mFixture Insert (0.1ms)[0m  INSERT INTO "acadamic_histories" ("user_id", "school", "department", "year", "degree", "nation", "created_at", "updated_at", "id") VALUES (1, 'MyString', 'MyString', 'MyString', 'MyString', 'MyString', '2014-02-18 09:03:07', '2014-02-18 09:03:07', 298486374)
  [1m[36mFixture Delete (0.1ms)[0m  [1mDELETE FROM "comments"[0m
SQLite3::SQLException: no such table: comments: DELETE FROM "comments"
  [1m[35m (0.9ms)[0m  rollback transaction
  [1m[36m (1.5ms)[0m  [1mCREATE TABLE "acadamic_histories" ("id" INTEGER PRIMARY KEY AUTOINCREMENT NOT NULL, "user_id" integer, "school" varchar(255), "department" varchar(255), "year" varchar(255), "degree" varchar(255), "nation" varchar(255), "created_at" datetime, "updated_at" datetime) [0m
  [1m[35m (0.7ms)[0m  CREATE TABLE "process_lists" ("id" INTEGER PRIMARY KEY AUTOINCREMENT NOT NULL, "title" varchar(255), "process_type" varchar(255), "sequence" integer, "created_at" datetime, "updated_at" datetime) 
  [1m[36m (0.7ms)[0m  [1mCREATE TABLE "speaker_profiles" ("id" INTEGER PRIMARY KEY AUTOINCREMENT NOT NULL, "user_id" integer, "bio" text, "photo" varchar(255), "created_at" datetime, "updated_at" datetime, "eng_name" varchar(255), "chi_name" varchar(255)) [0m
  [1m[35m (0.8ms)[0m  CREATE TABLE "talk_process_lists" ("id" INTEGER PRIMARY KEY AUTOINCREMENT NOT NULL, "talk_id" integer, "process_id" integer, "created_at" datetime, "updated_at" datetime) 
  [1m[36m (0.8ms)[0m  [1mCREATE TABLE "talks" ("id" INTEGER PRIMARY KEY AUTOINCREMENT NOT NULL, "title" varchar(255), "intro" text, "bg" varchar(255), "poster" varchar(255), "slide1" varchar(255), "slide2" varchar(255), "slide3" varchar(255), "videourl1" varchar(255), "videourl2" varchar(255), "videourl3" varchar(255), "videocomment1" text, "videocomment2" text, "videocomment3" text, "feedback1" varchar(255), "feedback2" varchar(255), "feedback3" varchar(255), "signup" datetime, "created_at" datetime, "updated_at" datetime, "photography_file_name" varchar(255), "photography_content_type" varchar(255), "photography_file_size" integer, "photography_updated_at" datetime, "speaker_profile_id" integer) [0m
  [1m[35m (0.7ms)[0m  CREATE TABLE "user_talks" ("id" INTEGER PRIMARY KEY AUTOINCREMENT NOT NULL, "created_at" datetime, "updated_at" datetime, "user_id" integer, "talk_id" integer) 
  [1m[36m (0.9ms)[0m  [1mCREATE TABLE "usercomments" ("id" INTEGER PRIMARY KEY AUTOINCREMENT NOT NULL, "user_id" integer, "comment_id" integer, "created_at" datetime, "updated_at" datetime) [0m
  [1m[35m (0.9ms)[0m  CREATE TABLE "users" ("id" INTEGER PRIMARY KEY AUTOINCREMENT NOT NULL, "email" varchar(255) DEFAULT '' NOT NULL, "encrypted_password" varchar(255) DEFAULT '' NOT NULL, "reset_password_token" varchar(255), "reset_password_sent_at" datetime, "remember_created_at" datetime, "sign_in_count" integer DEFAULT 0 NOT NULL, "current_sign_in_at" datetime, "last_sign_in_at" datetime, "current_sign_in_ip" varchar(255), "last_sign_in_ip" varchar(255), "created_at" datetime, "updated_at" datetime, "role" varchar(255), "name" varchar(255)) 
  [1m[36m (0.7ms)[0m  [1mCREATE UNIQUE INDEX "index_users_on_email" ON "users" ("email")[0m
  [1m[35m (0.7ms)[0m  CREATE UNIQUE INDEX "index_users_on_reset_password_token" ON "users" ("reset_password_token")
  [1m[36m (0.7ms)[0m  [1mCREATE TABLE "schema_migrations" ("version" varchar(255) NOT NULL) [0m
  [1m[35m (0.7ms)[0m  CREATE UNIQUE INDEX "unique_schema_migrations" ON "schema_migrations" ("version")
  [1m[36m (0.1ms)[0m  [1mSELECT version FROM "schema_migrations"[0m
  [1m[35m (0.6ms)[0m  INSERT INTO "schema_migrations" (version) VALUES ('20140218055353')
  [1m[36m (0.6ms)[0m  [1mINSERT INTO "schema_migrations" (version) VALUES ('20140211062520')[0m
  [1m[35m (0.6ms)[0m  INSERT INTO "schema_migrations" (version) VALUES ('20140211070234')
  [1m[36m (0.6ms)[0m  [1mINSERT INTO "schema_migrations" (version) VALUES ('20140211071831')[0m
  [1m[35m (0.7ms)[0m  INSERT INTO "schema_migrations" (version) VALUES ('20140211072311')
  [1m[36m (0.6ms)[0m  [1mINSERT INTO "schema_migrations" (version) VALUES ('20140211072456')[0m
  [1m[35m (0.7ms)[0m  INSERT INTO "schema_migrations" (version) VALUES ('20140211074844')
  [1m[36m (0.6ms)[0m  [1mINSERT INTO "schema_migrations" (version) VALUES ('20140211074918')[0m
  [1m[35m (0.6ms)[0m  INSERT INTO "schema_migrations" (version) VALUES ('20140211075954')
  [1m[36m (0.7ms)[0m  [1mINSERT INTO "schema_migrations" (version) VALUES ('20140211083329')[0m
  [1m[35m (0.8ms)[0m  INSERT INTO "schema_migrations" (version) VALUES ('20140212094058')
  [1m[36m (1.3ms)[0m  [1mINSERT INTO "schema_migrations" (version) VALUES ('20140213043514')[0m
  [1m[35m (0.9ms)[0m  INSERT INTO "schema_migrations" (version) VALUES ('20140213071013')
  [1m[36m (1.3ms)[0m  [1mINSERT INTO "schema_migrations" (version) VALUES ('20140213071757')[0m
  [1m[35m (0.9ms)[0m  INSERT INTO "schema_migrations" (version) VALUES ('20140213072209')
  [1m[36mActiveRecord::SchemaMigration Load (0.2ms)[0m  [1mSELECT "schema_migrations".* FROM "schema_migrations"[0m
  [1m[35mActiveRecord::SchemaMigration Load (0.1ms)[0m  SELECT "schema_migrations".* FROM "schema_migrations"
Unable to load comment, underlying cause No such file to load -- comment 

 /Users/apple/.rvm/gems/ruby-2.1.0/gems/activesupport-4.0.2/lib/active_support/dependencies.rb:229:in `require'
/Users/apple/.rvm/gems/ruby-2.1.0/gems/activesupport-4.0.2/lib/active_support/dependencies.rb:229:in `block in require'
/Users/apple/.rvm/gems/ruby-2.1.0/gems/activesupport-4.0.2/lib/active_support/dependencies.rb:214:in `load_dependency'
/Users/apple/.rvm/gems/ruby-2.1.0/gems/activesupport-4.0.2/lib/active_support/dependencies.rb:229:in `require'
/Users/apple/.rvm/gems/ruby-2.1.0/gems/activesupport-4.0.2/lib/active_support/dependencies.rb:330:in `require_or_load'
/Users/apple/.rvm/gems/ruby-2.1.0/gems/activesupport-4.0.2/lib/active_support/dependencies.rb:289:in `depend_on'
/Users/apple/.rvm/gems/ruby-2.1.0/gems/activesupport-4.0.2/lib/active_support/dependencies.rb:207:in `require_dependency'
/Users/apple/.rvm/gems/ruby-2.1.0/gems/activerecord-4.0.2/lib/active_record/fixtures.rb:773:in `try_to_load_dependency'
/Users/apple/.rvm/gems/ruby-2.1.0/gems/activerecord-4.0.2/lib/active_record/fixtures.rb:792:in `block in require_fixture_classes'
/Users/apple/.rvm/gems/ruby-2.1.0/gems/activerecord-4.0.2/lib/active_record/fixtures.rb:790:in `each'
/Users/apple/.rvm/gems/ruby-2.1.0/gems/activerecord-4.0.2/lib/active_record/fixtures.rb:790:in `require_fixture_classes'
/Users/apple/.rvm/gems/ruby-2.1.0/gems/activerecord-4.0.2/lib/active_record/fixtures.rb:768:in `fixtures'
/Users/apple/projects/TempIoIo/test/test_helper.rb:12:in `<class:TestCase>'
/Users/apple/projects/TempIoIo/test/test_helper.rb:5:in `<top (required)>'
/Users/apple/.rvm/gems/ruby-2.1.0/gems/activesupport-4.0.2/lib/active_support/dependencies.rb:229:in `require'
/Users/apple/.rvm/gems/ruby-2.1.0/gems/activesupport-4.0.2/lib/active_support/dependencies.rb:229:in `block in require'
/Users/apple/.rvm/gems/ruby-2.1.0/gems/activesupport-4.0.2/lib/active_support/dependencies.rb:214:in `load_dependency'
/Users/apple/.rvm/gems/ruby-2.1.0/gems/activesupport-4.0.2/lib/active_support/dependencies.rb:229:in `require'
/Users/apple/projects/TempIoIo/test/helpers/first_page_helper_test.rb:1:in `<top (required)>'
/Users/apple/.rvm/gems/ruby-2.1.0/gems/activesupport-4.0.2/lib/active_support/dependencies.rb:229:in `require'
/Users/apple/.rvm/gems/ruby-2.1.0/gems/activesupport-4.0.2/lib/active_support/dependencies.rb:229:in `block in require'
/Users/apple/.rvm/gems/ruby-2.1.0/gems/activesupport-4.0.2/lib/active_support/dependencies.rb:214:in `load_dependency'
/Users/apple/.rvm/gems/ruby-2.1.0/gems/activesupport-4.0.2/lib/active_support/dependencies.rb:229:in `require'
/Users/apple/.rvm/gems/ruby-2.1.0/gems/railties-4.0.2/lib/rails/test_unit/sub_test_task.rb:73:in `block (3 levels) in define'
/Users/apple/.rvm/gems/ruby-2.1.0/gems/railties-4.0.2/lib/rails/test_unit/sub_test_task.rb:73:in `each'
/Users/apple/.rvm/gems/ruby-2.1.0/gems/railties-4.0.2/lib/rails/test_unit/sub_test_task.rb:73:in `block (2 levels) in define'
/Users/apple/.rvm/gems/ruby-2.1.0/gems/railties-4.0.2/lib/rails/test_unit/sub_test_task.rb:72:in `each'
/Users/apple/.rvm/gems/ruby-2.1.0/gems/railties-4.0.2/lib/rails/test_unit/sub_test_task.rb:72:in `block in define'
/Users/apple/.rvm/gems/ruby-2.1.0/gems/rake-10.1.1/lib/rake/task.rb:236:in `call'
/Users/apple/.rvm/gems/ruby-2.1.0/gems/rake-10.1.1/lib/rake/task.rb:236:in `block in execute'
/Users/apple/.rvm/gems/ruby-2.1.0/gems/rake-10.1.1/lib/rake/task.rb:231:in `each'
/Users/apple/.rvm/gems/ruby-2.1.0/gems/rake-10.1.1/lib/rake/task.rb:231:in `execute'
/Users/apple/.rvm/gems/ruby-2.1.0/gems/rake-10.1.1/lib/rake/task.rb:175:in `block in invoke_with_call_chain'
/Users/apple/.rvm/rubies/ruby-2.1.0/lib/ruby/2.1.0/monitor.rb:211:in `mon_synchronize'
/Users/apple/.rvm/gems/ruby-2.1.0/gems/rake-10.1.1/lib/rake/task.rb:168:in `invoke_with_call_chain'
/Users/apple/.rvm/gems/ruby-2.1.0/gems/rake-10.1.1/lib/rake/task.rb:197:in `block in invoke_prerequisites'
/Users/apple/.rvm/gems/ruby-2.1.0/gems/rake-10.1.1/lib/rake/task.rb:195:in `each'
/Users/apple/.rvm/gems/ruby-2.1.0/gems/rake-10.1.1/lib/rake/task.rb:195:in `invoke_prerequisites'
/Users/apple/.rvm/gems/ruby-2.1.0/gems/rake-10.1.1/lib/rake/task.rb:174:in `block in invoke_with_call_chain'
/Users/apple/.rvm/rubies/ruby-2.1.0/lib/ruby/2.1.0/monitor.rb:211:in `mon_synchronize'
/Users/apple/.rvm/gems/ruby-2.1.0/gems/rake-10.1.1/lib/rake/task.rb:168:in `invoke_with_call_chain'
/Users/apple/.rvm/gems/ruby-2.1.0/gems/rake-10.1.1/lib/rake/task.rb:161:in `invoke'
/Users/apple/.rvm/gems/ruby-2.1.0/gems/railties-4.0.2/lib/rails/test_unit/testing.rake:61:in `block in <top (required)>'
/Users/apple/.rvm/gems/ruby-2.1.0/gems/rake-10.1.1/lib/rake/task.rb:236:in `call'
/Users/apple/.rvm/gems/ruby-2.1.0/gems/rake-10.1.1/lib/rake/task.rb:236:in `block in execute'
/Users/apple/.rvm/gems/ruby-2.1.0/gems/rake-10.1.1/lib/rake/task.rb:231:in `each'
/Users/apple/.rvm/gems/ruby-2.1.0/gems/rake-10.1.1/lib/rake/task.rb:231:in `execute'
/Users/apple/.rvm/gems/ruby-2.1.0/gems/rake-10.1.1/lib/rake/task.rb:175:in `block in invoke_with_call_chain'
/Users/apple/.rvm/rubies/ruby-2.1.0/lib/ruby/2.1.0/monitor.rb:211:in `mon_synchronize'
/Users/apple/.rvm/gems/ruby-2.1.0/gems/rake-10.1.1/lib/rake/task.rb:168:in `invoke_with_call_chain'
/Users/apple/.rvm/gems/ruby-2.1.0/gems/rake-10.1.1/lib/rake/task.rb:197:in `block in invoke_prerequisites'
/Users/apple/.rvm/gems/ruby-2.1.0/gems/rake-10.1.1/lib/rake/task.rb:195:in `each'
/Users/apple/.rvm/gems/ruby-2.1.0/gems/rake-10.1.1/lib/rake/task.rb:195:in `invoke_prerequisites'
/Users/apple/.rvm/gems/ruby-2.1.0/gems/rake-10.1.1/lib/rake/task.rb:174:in `block in invoke_with_call_chain'
/Users/apple/.rvm/rubies/ruby-2.1.0/lib/ruby/2.1.0/monitor.rb:211:in `mon_synchronize'
/Users/apple/.rvm/gems/ruby-2.1.0/gems/rake-10.1.1/lib/rake/task.rb:168:in `invoke_with_call_chain'
/Users/apple/.rvm/gems/ruby-2.1.0/gems/rake-10.1.1/lib/rake/task.rb:161:in `invoke'
/Users/apple/.rvm/gems/ruby-2.1.0/gems/rake-10.1.1/lib/rake/application.rb:149:in `invoke_task'
/Users/apple/.rvm/gems/ruby-2.1.0/gems/rake-10.1.1/lib/rake/application.rb:106:in `block (2 levels) in top_level'
/Users/apple/.rvm/gems/ruby-2.1.0/gems/rake-10.1.1/lib/rake/application.rb:106:in `each'
/Users/apple/.rvm/gems/ruby-2.1.0/gems/rake-10.1.1/lib/rake/application.rb:106:in `block in top_level'
/Users/apple/.rvm/gems/ruby-2.1.0/gems/rake-10.1.1/lib/rake/application.rb:115:in `run_with_threads'
/Users/apple/.rvm/gems/ruby-2.1.0/gems/rake-10.1.1/lib/rake/application.rb:100:in `top_level'
/Users/apple/.rvm/gems/ruby-2.1.0/gems/rake-10.1.1/lib/rake/application.rb:78:in `block in run'
/Users/apple/.rvm/gems/ruby-2.1.0/gems/rake-10.1.1/lib/rake/application.rb:165:in `standard_exception_handling'
/Users/apple/.rvm/gems/ruby-2.1.0/gems/rake-10.1.1/lib/rake/application.rb:75:in `run'
/Users/apple/.rvm/gems/ruby-2.1.0/gems/rake-10.1.1/bin/rake:33:in `<top (required)>'
/Users/apple/.rvm/gems/ruby-2.1.0/bin/rake:23:in `load'
/Users/apple/.rvm/gems/ruby-2.1.0/bin/rake:23:in `<main>'
/Users/apple/.rvm/gems/ruby-2.1.0/bin/ruby_executable_hooks:15:in `eval'
/Users/apple/.rvm/gems/ruby-2.1.0/bin/ruby_executable_hooks:15:in `<main>'
Unable to load usertalk, underlying cause No such file to load -- usertalk 

 /Users/apple/.rvm/gems/ruby-2.1.0/gems/activesupport-4.0.2/lib/active_support/dependencies.rb:229:in `require'
/Users/apple/.rvm/gems/ruby-2.1.0/gems/activesupport-4.0.2/lib/active_support/dependencies.rb:229:in `block in require'
/Users/apple/.rvm/gems/ruby-2.1.0/gems/activesupport-4.0.2/lib/active_support/dependencies.rb:214:in `load_dependency'
/Users/apple/.rvm/gems/ruby-2.1.0/gems/activesupport-4.0.2/lib/active_support/dependencies.rb:229:in `require'
/Users/apple/.rvm/gems/ruby-2.1.0/gems/activesupport-4.0.2/lib/active_support/dependencies.rb:330:in `require_or_load'
/Users/apple/.rvm/gems/ruby-2.1.0/gems/activesupport-4.0.2/lib/active_support/dependencies.rb:289:in `depend_on'
/Users/apple/.rvm/gems/ruby-2.1.0/gems/activesupport-4.0.2/lib/active_support/dependencies.rb:207:in `require_dependency'
/Users/apple/.rvm/gems/ruby-2.1.0/gems/activerecord-4.0.2/lib/active_record/fixtures.rb:773:in `try_to_load_dependency'
/Users/apple/.rvm/gems/ruby-2.1.0/gems/activerecord-4.0.2/lib/active_record/fixtures.rb:792:in `block in require_fixture_classes'
/Users/apple/.rvm/gems/ruby-2.1.0/gems/activerecord-4.0.2/lib/active_record/fixtures.rb:790:in `each'
/Users/apple/.rvm/gems/ruby-2.1.0/gems/activerecord-4.0.2/lib/active_record/fixtures.rb:790:in `require_fixture_classes'
/Users/apple/.rvm/gems/ruby-2.1.0/gems/activerecord-4.0.2/lib/active_record/fixtures.rb:768:in `fixtures'
/Users/apple/projects/TempIoIo/test/test_helper.rb:12:in `<class:TestCase>'
/Users/apple/projects/TempIoIo/test/test_helper.rb:5:in `<top (required)>'
/Users/apple/.rvm/gems/ruby-2.1.0/gems/activesupport-4.0.2/lib/active_support/dependencies.rb:229:in `require'
/Users/apple/.rvm/gems/ruby-2.1.0/gems/activesupport-4.0.2/lib/active_support/dependencies.rb:229:in `block in require'
/Users/apple/.rvm/gems/ruby-2.1.0/gems/activesupport-4.0.2/lib/active_support/dependencies.rb:214:in `load_dependency'
/Users/apple/.rvm/gems/ruby-2.1.0/gems/activesupport-4.0.2/lib/active_support/dependencies.rb:229:in `require'
/Users/apple/projects/TempIoIo/test/helpers/first_page_helper_test.rb:1:in `<top (required)>'
/Users/apple/.rvm/gems/ruby-2.1.0/gems/activesupport-4.0.2/lib/active_support/dependencies.rb:229:in `require'
/Users/apple/.rvm/gems/ruby-2.1.0/gems/activesupport-4.0.2/lib/active_support/dependencies.rb:229:in `block in require'
/Users/apple/.rvm/gems/ruby-2.1.0/gems/activesupport-4.0.2/lib/active_support/dependencies.rb:214:in `load_dependency'
/Users/apple/.rvm/gems/ruby-2.1.0/gems/activesupport-4.0.2/lib/active_support/dependencies.rb:229:in `require'
/Users/apple/.rvm/gems/ruby-2.1.0/gems/railties-4.0.2/lib/rails/test_unit/sub_test_task.rb:73:in `block (3 levels) in define'
/Users/apple/.rvm/gems/ruby-2.1.0/gems/railties-4.0.2/lib/rails/test_unit/sub_test_task.rb:73:in `each'
/Users/apple/.rvm/gems/ruby-2.1.0/gems/railties-4.0.2/lib/rails/test_unit/sub_test_task.rb:73:in `block (2 levels) in define'
/Users/apple/.rvm/gems/ruby-2.1.0/gems/railties-4.0.2/lib/rails/test_unit/sub_test_task.rb:72:in `each'
/Users/apple/.rvm/gems/ruby-2.1.0/gems/railties-4.0.2/lib/rails/test_unit/sub_test_task.rb:72:in `block in define'
/Users/apple/.rvm/gems/ruby-2.1.0/gems/rake-10.1.1/lib/rake/task.rb:236:in `call'
/Users/apple/.rvm/gems/ruby-2.1.0/gems/rake-10.1.1/lib/rake/task.rb:236:in `block in execute'
/Users/apple/.rvm/gems/ruby-2.1.0/gems/rake-10.1.1/lib/rake/task.rb:231:in `each'
/Users/apple/.rvm/gems/ruby-2.1.0/gems/rake-10.1.1/lib/rake/task.rb:231:in `execute'
/Users/apple/.rvm/gems/ruby-2.1.0/gems/rake-10.1.1/lib/rake/task.rb:175:in `block in invoke_with_call_chain'
/Users/apple/.rvm/rubies/ruby-2.1.0/lib/ruby/2.1.0/monitor.rb:211:in `mon_synchronize'
/Users/apple/.rvm/gems/ruby-2.1.0/gems/rake-10.1.1/lib/rake/task.rb:168:in `invoke_with_call_chain'
/Users/apple/.rvm/gems/ruby-2.1.0/gems/rake-10.1.1/lib/rake/task.rb:197:in `block in invoke_prerequisites'
/Users/apple/.rvm/gems/ruby-2.1.0/gems/rake-10.1.1/lib/rake/task.rb:195:in `each'
/Users/apple/.rvm/gems/ruby-2.1.0/gems/rake-10.1.1/lib/rake/task.rb:195:in `invoke_prerequisites'
/Users/apple/.rvm/gems/ruby-2.1.0/gems/rake-10.1.1/lib/rake/task.rb:174:in `block in invoke_with_call_chain'
/Users/apple/.rvm/rubies/ruby-2.1.0/lib/ruby/2.1.0/monitor.rb:211:in `mon_synchronize'
/Users/apple/.rvm/gems/ruby-2.1.0/gems/rake-10.1.1/lib/rake/task.rb:168:in `invoke_with_call_chain'
/Users/apple/.rvm/gems/ruby-2.1.0/gems/rake-10.1.1/lib/rake/task.rb:161:in `invoke'
/Users/apple/.rvm/gems/ruby-2.1.0/gems/railties-4.0.2/lib/rails/test_unit/testing.rake:61:in `block in <top (required)>'
/Users/apple/.rvm/gems/ruby-2.1.0/gems/rake-10.1.1/lib/rake/task.rb:236:in `call'
/Users/apple/.rvm/gems/ruby-2.1.0/gems/rake-10.1.1/lib/rake/task.rb:236:in `block in execute'
/Users/apple/.rvm/gems/ruby-2.1.0/gems/rake-10.1.1/lib/rake/task.rb:231:in `each'
/Users/apple/.rvm/gems/ruby-2.1.0/gems/rake-10.1.1/lib/rake/task.rb:231:in `execute'
/Users/apple/.rvm/gems/ruby-2.1.0/gems/rake-10.1.1/lib/rake/task.rb:175:in `block in invoke_with_call_chain'
/Users/apple/.rvm/rubies/ruby-2.1.0/lib/ruby/2.1.0/monitor.rb:211:in `mon_synchronize'
/Users/apple/.rvm/gems/ruby-2.1.0/gems/rake-10.1.1/lib/rake/task.rb:168:in `invoke_with_call_chain'
/Users/apple/.rvm/gems/ruby-2.1.0/gems/rake-10.1.1/lib/rake/task.rb:197:in `block in invoke_prerequisites'
/Users/apple/.rvm/gems/ruby-2.1.0/gems/rake-10.1.1/lib/rake/task.rb:195:in `each'
/Users/apple/.rvm/gems/ruby-2.1.0/gems/rake-10.1.1/lib/rake/task.rb:195:in `invoke_prerequisites'
/Users/apple/.rvm/gems/ruby-2.1.0/gems/rake-10.1.1/lib/rake/task.rb:174:in `block in invoke_with_call_chain'
/Users/apple/.rvm/rubies/ruby-2.1.0/lib/ruby/2.1.0/monitor.rb:211:in `mon_synchronize'
/Users/apple/.rvm/gems/ruby-2.1.0/gems/rake-10.1.1/lib/rake/task.rb:168:in `invoke_with_call_chain'
/Users/apple/.rvm/gems/ruby-2.1.0/gems/rake-10.1.1/lib/rake/task.rb:161:in `invoke'
/Users/apple/.rvm/gems/ruby-2.1.0/gems/rake-10.1.1/lib/rake/application.rb:149:in `invoke_task'
/Users/apple/.rvm/gems/ruby-2.1.0/gems/rake-10.1.1/lib/rake/application.rb:106:in `block (2 levels) in top_level'
/Users/apple/.rvm/gems/ruby-2.1.0/gems/rake-10.1.1/lib/rake/application.rb:106:in `each'
/Users/apple/.rvm/gems/ruby-2.1.0/gems/rake-10.1.1/lib/rake/application.rb:106:in `block in top_level'
/Users/apple/.rvm/gems/ruby-2.1.0/gems/rake-10.1.1/lib/rake/application.rb:115:in `run_with_threads'
/Users/apple/.rvm/gems/ruby-2.1.0/gems/rake-10.1.1/lib/rake/application.rb:100:in `top_level'
/Users/apple/.rvm/gems/ruby-2.1.0/gems/rake-10.1.1/lib/rake/application.rb:78:in `block in run'
/Users/apple/.rvm/gems/ruby-2.1.0/gems/rake-10.1.1/lib/rake/application.rb:165:in `standard_exception_handling'
/Users/apple/.rvm/gems/ruby-2.1.0/gems/rake-10.1.1/lib/rake/application.rb:75:in `run'
/Users/apple/.rvm/gems/ruby-2.1.0/gems/rake-10.1.1/bin/rake:33:in `<top (required)>'
/Users/apple/.rvm/gems/ruby-2.1.0/bin/rake:23:in `load'
/Users/apple/.rvm/gems/ruby-2.1.0/bin/rake:23:in `<main>'
/Users/apple/.rvm/gems/ruby-2.1.0/bin/ruby_executable_hooks:15:in `eval'
/Users/apple/.rvm/gems/ruby-2.1.0/bin/ruby_executable_hooks:15:in `<main>'
  [1m[36m (0.1ms)[0m  [1mbegin transaction[0m
  [1m[35mFixture Delete (0.2ms)[0m  DELETE FROM "acadamic_histories"
  [1m[36mFixture Insert (0.1ms)[0m  [1mINSERT INTO "acadamic_histories" ("user_id", "school", "department", "year", "degree", "nation", "created_at", "updated_at", "id") VALUES (1, 'MyString', 'MyString', 'MyString', 'MyString', 'MyString', '2014-02-18 09:04:55', '2014-02-18 09:04:55', 980190962)[0m
  [1m[35mFixture Insert (0.1ms)[0m  INSERT INTO "acadamic_histories" ("user_id", "school", "department", "year", "degree", "nation", "created_at", "updated_at", "id") VALUES (1, 'MyString', 'MyString', 'MyString', 'MyString', 'MyString', '2014-02-18 09:04:55', '2014-02-18 09:04:55', 298486374)
  [1m[36mFixture Delete (0.1ms)[0m  [1mDELETE FROM "comments"[0m
SQLite3::SQLException: no such table: comments: DELETE FROM "comments"
  [1m[35m (0.8ms)[0m  rollback transaction
  [1m[36m (1.7ms)[0m  [1mCREATE TABLE "acadamic_histories" ("id" INTEGER PRIMARY KEY AUTOINCREMENT NOT NULL, "user_id" integer, "school" varchar(255), "department" varchar(255), "year" varchar(255), "degree" varchar(255), "nation" varchar(255), "created_at" datetime, "updated_at" datetime) [0m
  [1m[35m (0.8ms)[0m  CREATE TABLE "process_lists" ("id" INTEGER PRIMARY KEY AUTOINCREMENT NOT NULL, "title" varchar(255), "process_type" varchar(255), "sequence" integer, "created_at" datetime, "updated_at" datetime) 
  [1m[36m (0.7ms)[0m  [1mCREATE TABLE "speaker_profiles" ("id" INTEGER PRIMARY KEY AUTOINCREMENT NOT NULL, "user_id" integer, "bio" text, "photo" varchar(255), "created_at" datetime, "updated_at" datetime, "eng_name" varchar(255), "chi_name" varchar(255)) [0m
  [1m[35m (0.7ms)[0m  CREATE TABLE "talk_process_lists" ("id" INTEGER PRIMARY KEY AUTOINCREMENT NOT NULL, "talk_id" integer, "process_id" integer, "created_at" datetime, "updated_at" datetime) 
  [1m[36m (0.7ms)[0m  [1mCREATE TABLE "talks" ("id" INTEGER PRIMARY KEY AUTOINCREMENT NOT NULL, "title" varchar(255), "intro" text, "bg" varchar(255), "poster" varchar(255), "slide1" varchar(255), "slide2" varchar(255), "slide3" varchar(255), "videourl1" varchar(255), "videourl2" varchar(255), "videourl3" varchar(255), "videocomment1" text, "videocomment2" text, "videocomment3" text, "feedback1" varchar(255), "feedback2" varchar(255), "feedback3" varchar(255), "signup" datetime, "created_at" datetime, "updated_at" datetime, "photography_file_name" varchar(255), "photography_content_type" varchar(255), "photography_file_size" integer, "photography_updated_at" datetime, "speaker_profile_id" integer) [0m
  [1m[35m (0.6ms)[0m  CREATE TABLE "user_talks" ("id" INTEGER PRIMARY KEY AUTOINCREMENT NOT NULL, "created_at" datetime, "updated_at" datetime, "user_id" integer, "talk_id" integer) 
  [1m[36m (0.6ms)[0m  [1mCREATE TABLE "usercomments" ("id" INTEGER PRIMARY KEY AUTOINCREMENT NOT NULL, "user_id" integer, "comment_id" integer, "created_at" datetime, "updated_at" datetime) [0m
  [1m[35m (0.9ms)[0m  CREATE TABLE "users" ("id" INTEGER PRIMARY KEY AUTOINCREMENT NOT NULL, "email" varchar(255) DEFAULT '' NOT NULL, "encrypted_password" varchar(255) DEFAULT '' NOT NULL, "reset_password_token" varchar(255), "reset_password_sent_at" datetime, "remember_created_at" datetime, "sign_in_count" integer DEFAULT 0 NOT NULL, "current_sign_in_at" datetime, "last_sign_in_at" datetime, "current_sign_in_ip" varchar(255), "last_sign_in_ip" varchar(255), "created_at" datetime, "updated_at" datetime, "role" varchar(255), "name" varchar(255)) 
  [1m[36m (0.9ms)[0m  [1mCREATE UNIQUE INDEX "index_users_on_email" ON "users" ("email")[0m
  [1m[35m (0.9ms)[0m  CREATE UNIQUE INDEX "index_users_on_reset_password_token" ON "users" ("reset_password_token")
  [1m[36m (0.8ms)[0m  [1mCREATE TABLE "schema_migrations" ("version" varchar(255) NOT NULL) [0m
  [1m[35m (0.8ms)[0m  CREATE UNIQUE INDEX "unique_schema_migrations" ON "schema_migrations" ("version")
  [1m[36m (0.1ms)[0m  [1mSELECT version FROM "schema_migrations"[0m
  [1m[35m (0.7ms)[0m  INSERT INTO "schema_migrations" (version) VALUES ('20140218055353')
  [1m[36m (0.7ms)[0m  [1mINSERT INTO "schema_migrations" (version) VALUES ('20140211062520')[0m
  [1m[35m (0.7ms)[0m  INSERT INTO "schema_migrations" (version) VALUES ('20140211070234')
  [1m[36m (0.6ms)[0m  [1mINSERT INTO "schema_migrations" (version) VALUES ('20140211071831')[0m
  [1m[35m (0.7ms)[0m  INSERT INTO "schema_migrations" (version) VALUES ('20140211072311')
  [1m[36m (0.7ms)[0m  [1mINSERT INTO "schema_migrations" (version) VALUES ('20140211072456')[0m
  [1m[35m (0.7ms)[0m  INSERT INTO "schema_migrations" (version) VALUES ('20140211074844')
  [1m[36m (0.7ms)[0m  [1mINSERT INTO "schema_migrations" (version) VALUES ('20140211074918')[0m
  [1m[35m (0.7ms)[0m  INSERT INTO "schema_migrations" (version) VALUES ('20140211075954')
  [1m[36m (0.6ms)[0m  [1mINSERT INTO "schema_migrations" (version) VALUES ('20140211083329')[0m
  [1m[35m (0.7ms)[0m  INSERT INTO "schema_migrations" (version) VALUES ('20140212094058')
  [1m[36m (0.9ms)[0m  [1mINSERT INTO "schema_migrations" (version) VALUES ('20140213043514')[0m
  [1m[35m (0.7ms)[0m  INSERT INTO "schema_migrations" (version) VALUES ('20140213071013')
  [1m[36m (0.6ms)[0m  [1mINSERT INTO "schema_migrations" (version) VALUES ('20140213071757')[0m
  [1m[35m (0.7ms)[0m  INSERT INTO "schema_migrations" (version) VALUES ('20140213072209')
  [1m[36mActiveRecord::SchemaMigration Load (0.1ms)[0m  [1mSELECT "schema_migrations".* FROM "schema_migrations"[0m
  [1m[35mActiveRecord::SchemaMigration Load (0.2ms)[0m  SELECT "schema_migrations".* FROM "schema_migrations"
Unable to load comment, underlying cause No such file to load -- comment 

 /Users/apple/.rvm/gems/ruby-2.1.0/gems/activesupport-4.0.2/lib/active_support/dependencies.rb:229:in `require'
/Users/apple/.rvm/gems/ruby-2.1.0/gems/activesupport-4.0.2/lib/active_support/dependencies.rb:229:in `block in require'
/Users/apple/.rvm/gems/ruby-2.1.0/gems/activesupport-4.0.2/lib/active_support/dependencies.rb:214:in `load_dependency'
/Users/apple/.rvm/gems/ruby-2.1.0/gems/activesupport-4.0.2/lib/active_support/dependencies.rb:229:in `require'
/Users/apple/.rvm/gems/ruby-2.1.0/gems/activesupport-4.0.2/lib/active_support/dependencies.rb:330:in `require_or_load'
/Users/apple/.rvm/gems/ruby-2.1.0/gems/activesupport-4.0.2/lib/active_support/dependencies.rb:289:in `depend_on'
/Users/apple/.rvm/gems/ruby-2.1.0/gems/activesupport-4.0.2/lib/active_support/dependencies.rb:207:in `require_dependency'
/Users/apple/.rvm/gems/ruby-2.1.0/gems/activerecord-4.0.2/lib/active_record/fixtures.rb:773:in `try_to_load_dependency'
/Users/apple/.rvm/gems/ruby-2.1.0/gems/activerecord-4.0.2/lib/active_record/fixtures.rb:792:in `block in require_fixture_classes'
/Users/apple/.rvm/gems/ruby-2.1.0/gems/activerecord-4.0.2/lib/active_record/fixtures.rb:790:in `each'
/Users/apple/.rvm/gems/ruby-2.1.0/gems/activerecord-4.0.2/lib/active_record/fixtures.rb:790:in `require_fixture_classes'
/Users/apple/.rvm/gems/ruby-2.1.0/gems/activerecord-4.0.2/lib/active_record/fixtures.rb:768:in `fixtures'
/Users/apple/projects/TempIoIo/test/test_helper.rb:12:in `<class:TestCase>'
/Users/apple/projects/TempIoIo/test/test_helper.rb:5:in `<top (required)>'
/Users/apple/.rvm/gems/ruby-2.1.0/gems/activesupport-4.0.2/lib/active_support/dependencies.rb:229:in `require'
/Users/apple/.rvm/gems/ruby-2.1.0/gems/activesupport-4.0.2/lib/active_support/dependencies.rb:229:in `block in require'
/Users/apple/.rvm/gems/ruby-2.1.0/gems/activesupport-4.0.2/lib/active_support/dependencies.rb:214:in `load_dependency'
/Users/apple/.rvm/gems/ruby-2.1.0/gems/activesupport-4.0.2/lib/active_support/dependencies.rb:229:in `require'
/Users/apple/projects/TempIoIo/test/helpers/first_page_helper_test.rb:1:in `<top (required)>'
/Users/apple/.rvm/gems/ruby-2.1.0/gems/activesupport-4.0.2/lib/active_support/dependencies.rb:229:in `require'
/Users/apple/.rvm/gems/ruby-2.1.0/gems/activesupport-4.0.2/lib/active_support/dependencies.rb:229:in `block in require'
/Users/apple/.rvm/gems/ruby-2.1.0/gems/activesupport-4.0.2/lib/active_support/dependencies.rb:214:in `load_dependency'
/Users/apple/.rvm/gems/ruby-2.1.0/gems/activesupport-4.0.2/lib/active_support/dependencies.rb:229:in `require'
/Users/apple/.rvm/gems/ruby-2.1.0/gems/railties-4.0.2/lib/rails/test_unit/sub_test_task.rb:73:in `block (3 levels) in define'
/Users/apple/.rvm/gems/ruby-2.1.0/gems/railties-4.0.2/lib/rails/test_unit/sub_test_task.rb:73:in `each'
/Users/apple/.rvm/gems/ruby-2.1.0/gems/railties-4.0.2/lib/rails/test_unit/sub_test_task.rb:73:in `block (2 levels) in define'
/Users/apple/.rvm/gems/ruby-2.1.0/gems/railties-4.0.2/lib/rails/test_unit/sub_test_task.rb:72:in `each'
/Users/apple/.rvm/gems/ruby-2.1.0/gems/railties-4.0.2/lib/rails/test_unit/sub_test_task.rb:72:in `block in define'
/Users/apple/.rvm/gems/ruby-2.1.0/gems/rake-10.1.1/lib/rake/task.rb:236:in `call'
/Users/apple/.rvm/gems/ruby-2.1.0/gems/rake-10.1.1/lib/rake/task.rb:236:in `block in execute'
/Users/apple/.rvm/gems/ruby-2.1.0/gems/rake-10.1.1/lib/rake/task.rb:231:in `each'
/Users/apple/.rvm/gems/ruby-2.1.0/gems/rake-10.1.1/lib/rake/task.rb:231:in `execute'
/Users/apple/.rvm/gems/ruby-2.1.0/gems/rake-10.1.1/lib/rake/task.rb:175:in `block in invoke_with_call_chain'
/Users/apple/.rvm/rubies/ruby-2.1.0/lib/ruby/2.1.0/monitor.rb:211:in `mon_synchronize'
/Users/apple/.rvm/gems/ruby-2.1.0/gems/rake-10.1.1/lib/rake/task.rb:168:in `invoke_with_call_chain'
/Users/apple/.rvm/gems/ruby-2.1.0/gems/rake-10.1.1/lib/rake/task.rb:197:in `block in invoke_prerequisites'
/Users/apple/.rvm/gems/ruby-2.1.0/gems/rake-10.1.1/lib/rake/task.rb:195:in `each'
/Users/apple/.rvm/gems/ruby-2.1.0/gems/rake-10.1.1/lib/rake/task.rb:195:in `invoke_prerequisites'
/Users/apple/.rvm/gems/ruby-2.1.0/gems/rake-10.1.1/lib/rake/task.rb:174:in `block in invoke_with_call_chain'
/Users/apple/.rvm/rubies/ruby-2.1.0/lib/ruby/2.1.0/monitor.rb:211:in `mon_synchronize'
/Users/apple/.rvm/gems/ruby-2.1.0/gems/rake-10.1.1/lib/rake/task.rb:168:in `invoke_with_call_chain'
/Users/apple/.rvm/gems/ruby-2.1.0/gems/rake-10.1.1/lib/rake/task.rb:161:in `invoke'
/Users/apple/.rvm/gems/ruby-2.1.0/gems/railties-4.0.2/lib/rails/test_unit/testing.rake:61:in `block in <top (required)>'
/Users/apple/.rvm/gems/ruby-2.1.0/gems/rake-10.1.1/lib/rake/task.rb:236:in `call'
/Users/apple/.rvm/gems/ruby-2.1.0/gems/rake-10.1.1/lib/rake/task.rb:236:in `block in execute'
/Users/apple/.rvm/gems/ruby-2.1.0/gems/rake-10.1.1/lib/rake/task.rb:231:in `each'
/Users/apple/.rvm/gems/ruby-2.1.0/gems/rake-10.1.1/lib/rake/task.rb:231:in `execute'
/Users/apple/.rvm/gems/ruby-2.1.0/gems/rake-10.1.1/lib/rake/task.rb:175:in `block in invoke_with_call_chain'
/Users/apple/.rvm/rubies/ruby-2.1.0/lib/ruby/2.1.0/monitor.rb:211:in `mon_synchronize'
/Users/apple/.rvm/gems/ruby-2.1.0/gems/rake-10.1.1/lib/rake/task.rb:168:in `invoke_with_call_chain'
/Users/apple/.rvm/gems/ruby-2.1.0/gems/rake-10.1.1/lib/rake/task.rb:197:in `block in invoke_prerequisites'
/Users/apple/.rvm/gems/ruby-2.1.0/gems/rake-10.1.1/lib/rake/task.rb:195:in `each'
/Users/apple/.rvm/gems/ruby-2.1.0/gems/rake-10.1.1/lib/rake/task.rb:195:in `invoke_prerequisites'
/Users/apple/.rvm/gems/ruby-2.1.0/gems/rake-10.1.1/lib/rake/task.rb:174:in `block in invoke_with_call_chain'
/Users/apple/.rvm/rubies/ruby-2.1.0/lib/ruby/2.1.0/monitor.rb:211:in `mon_synchronize'
/Users/apple/.rvm/gems/ruby-2.1.0/gems/rake-10.1.1/lib/rake/task.rb:168:in `invoke_with_call_chain'
/Users/apple/.rvm/gems/ruby-2.1.0/gems/rake-10.1.1/lib/rake/task.rb:161:in `invoke'
/Users/apple/.rvm/gems/ruby-2.1.0/gems/rake-10.1.1/lib/rake/application.rb:149:in `invoke_task'
/Users/apple/.rvm/gems/ruby-2.1.0/gems/rake-10.1.1/lib/rake/application.rb:106:in `block (2 levels) in top_level'
/Users/apple/.rvm/gems/ruby-2.1.0/gems/rake-10.1.1/lib/rake/application.rb:106:in `each'
/Users/apple/.rvm/gems/ruby-2.1.0/gems/rake-10.1.1/lib/rake/application.rb:106:in `block in top_level'
/Users/apple/.rvm/gems/ruby-2.1.0/gems/rake-10.1.1/lib/rake/application.rb:115:in `run_with_threads'
/Users/apple/.rvm/gems/ruby-2.1.0/gems/rake-10.1.1/lib/rake/application.rb:100:in `top_level'
/Users/apple/.rvm/gems/ruby-2.1.0/gems/rake-10.1.1/lib/rake/application.rb:78:in `block in run'
/Users/apple/.rvm/gems/ruby-2.1.0/gems/rake-10.1.1/lib/rake/application.rb:165:in `standard_exception_handling'
/Users/apple/.rvm/gems/ruby-2.1.0/gems/rake-10.1.1/lib/rake/application.rb:75:in `run'
/Users/apple/.rvm/gems/ruby-2.1.0/gems/rake-10.1.1/bin/rake:33:in `<top (required)>'
/Users/apple/.rvm/gems/ruby-2.1.0/bin/rake:23:in `load'
/Users/apple/.rvm/gems/ruby-2.1.0/bin/rake:23:in `<main>'
/Users/apple/.rvm/gems/ruby-2.1.0/bin/ruby_executable_hooks:15:in `eval'
/Users/apple/.rvm/gems/ruby-2.1.0/bin/ruby_executable_hooks:15:in `<main>'
Unable to load usertalk, underlying cause No such file to load -- usertalk 

 /Users/apple/.rvm/gems/ruby-2.1.0/gems/activesupport-4.0.2/lib/active_support/dependencies.rb:229:in `require'
/Users/apple/.rvm/gems/ruby-2.1.0/gems/activesupport-4.0.2/lib/active_support/dependencies.rb:229:in `block in require'
/Users/apple/.rvm/gems/ruby-2.1.0/gems/activesupport-4.0.2/lib/active_support/dependencies.rb:214:in `load_dependency'
/Users/apple/.rvm/gems/ruby-2.1.0/gems/activesupport-4.0.2/lib/active_support/dependencies.rb:229:in `require'
/Users/apple/.rvm/gems/ruby-2.1.0/gems/activesupport-4.0.2/lib/active_support/dependencies.rb:330:in `require_or_load'
/Users/apple/.rvm/gems/ruby-2.1.0/gems/activesupport-4.0.2/lib/active_support/dependencies.rb:289:in `depend_on'
/Users/apple/.rvm/gems/ruby-2.1.0/gems/activesupport-4.0.2/lib/active_support/dependencies.rb:207:in `require_dependency'
/Users/apple/.rvm/gems/ruby-2.1.0/gems/activerecord-4.0.2/lib/active_record/fixtures.rb:773:in `try_to_load_dependency'
/Users/apple/.rvm/gems/ruby-2.1.0/gems/activerecord-4.0.2/lib/active_record/fixtures.rb:792:in `block in require_fixture_classes'
/Users/apple/.rvm/gems/ruby-2.1.0/gems/activerecord-4.0.2/lib/active_record/fixtures.rb:790:in `each'
/Users/apple/.rvm/gems/ruby-2.1.0/gems/activerecord-4.0.2/lib/active_record/fixtures.rb:790:in `require_fixture_classes'
/Users/apple/.rvm/gems/ruby-2.1.0/gems/activerecord-4.0.2/lib/active_record/fixtures.rb:768:in `fixtures'
/Users/apple/projects/TempIoIo/test/test_helper.rb:12:in `<class:TestCase>'
/Users/apple/projects/TempIoIo/test/test_helper.rb:5:in `<top (required)>'
/Users/apple/.rvm/gems/ruby-2.1.0/gems/activesupport-4.0.2/lib/active_support/dependencies.rb:229:in `require'
/Users/apple/.rvm/gems/ruby-2.1.0/gems/activesupport-4.0.2/lib/active_support/dependencies.rb:229:in `block in require'
/Users/apple/.rvm/gems/ruby-2.1.0/gems/activesupport-4.0.2/lib/active_support/dependencies.rb:214:in `load_dependency'
/Users/apple/.rvm/gems/ruby-2.1.0/gems/activesupport-4.0.2/lib/active_support/dependencies.rb:229:in `require'
/Users/apple/projects/TempIoIo/test/helpers/first_page_helper_test.rb:1:in `<top (required)>'
/Users/apple/.rvm/gems/ruby-2.1.0/gems/activesupport-4.0.2/lib/active_support/dependencies.rb:229:in `require'
/Users/apple/.rvm/gems/ruby-2.1.0/gems/activesupport-4.0.2/lib/active_support/dependencies.rb:229:in `block in require'
/Users/apple/.rvm/gems/ruby-2.1.0/gems/activesupport-4.0.2/lib/active_support/dependencies.rb:214:in `load_dependency'
/Users/apple/.rvm/gems/ruby-2.1.0/gems/activesupport-4.0.2/lib/active_support/dependencies.rb:229:in `require'
/Users/apple/.rvm/gems/ruby-2.1.0/gems/railties-4.0.2/lib/rails/test_unit/sub_test_task.rb:73:in `block (3 levels) in define'
/Users/apple/.rvm/gems/ruby-2.1.0/gems/railties-4.0.2/lib/rails/test_unit/sub_test_task.rb:73:in `each'
/Users/apple/.rvm/gems/ruby-2.1.0/gems/railties-4.0.2/lib/rails/test_unit/sub_test_task.rb:73:in `block (2 levels) in define'
/Users/apple/.rvm/gems/ruby-2.1.0/gems/railties-4.0.2/lib/rails/test_unit/sub_test_task.rb:72:in `each'
/Users/apple/.rvm/gems/ruby-2.1.0/gems/railties-4.0.2/lib/rails/test_unit/sub_test_task.rb:72:in `block in define'
/Users/apple/.rvm/gems/ruby-2.1.0/gems/rake-10.1.1/lib/rake/task.rb:236:in `call'
/Users/apple/.rvm/gems/ruby-2.1.0/gems/rake-10.1.1/lib/rake/task.rb:236:in `block in execute'
/Users/apple/.rvm/gems/ruby-2.1.0/gems/rake-10.1.1/lib/rake/task.rb:231:in `each'
/Users/apple/.rvm/gems/ruby-2.1.0/gems/rake-10.1.1/lib/rake/task.rb:231:in `execute'
/Users/apple/.rvm/gems/ruby-2.1.0/gems/rake-10.1.1/lib/rake/task.rb:175:in `block in invoke_with_call_chain'
/Users/apple/.rvm/rubies/ruby-2.1.0/lib/ruby/2.1.0/monitor.rb:211:in `mon_synchronize'
/Users/apple/.rvm/gems/ruby-2.1.0/gems/rake-10.1.1/lib/rake/task.rb:168:in `invoke_with_call_chain'
/Users/apple/.rvm/gems/ruby-2.1.0/gems/rake-10.1.1/lib/rake/task.rb:197:in `block in invoke_prerequisites'
/Users/apple/.rvm/gems/ruby-2.1.0/gems/rake-10.1.1/lib/rake/task.rb:195:in `each'
/Users/apple/.rvm/gems/ruby-2.1.0/gems/rake-10.1.1/lib/rake/task.rb:195:in `invoke_prerequisites'
/Users/apple/.rvm/gems/ruby-2.1.0/gems/rake-10.1.1/lib/rake/task.rb:174:in `block in invoke_with_call_chain'
/Users/apple/.rvm/rubies/ruby-2.1.0/lib/ruby/2.1.0/monitor.rb:211:in `mon_synchronize'
/Users/apple/.rvm/gems/ruby-2.1.0/gems/rake-10.1.1/lib/rake/task.rb:168:in `invoke_with_call_chain'
/Users/apple/.rvm/gems/ruby-2.1.0/gems/rake-10.1.1/lib/rake/task.rb:161:in `invoke'
/Users/apple/.rvm/gems/ruby-2.1.0/gems/railties-4.0.2/lib/rails/test_unit/testing.rake:61:in `block in <top (required)>'
/Users/apple/.rvm/gems/ruby-2.1.0/gems/rake-10.1.1/lib/rake/task.rb:236:in `call'
/Users/apple/.rvm/gems/ruby-2.1.0/gems/rake-10.1.1/lib/rake/task.rb:236:in `block in execute'
/Users/apple/.rvm/gems/ruby-2.1.0/gems/rake-10.1.1/lib/rake/task.rb:231:in `each'
/Users/apple/.rvm/gems/ruby-2.1.0/gems/rake-10.1.1/lib/rake/task.rb:231:in `execute'
/Users/apple/.rvm/gems/ruby-2.1.0/gems/rake-10.1.1/lib/rake/task.rb:175:in `block in invoke_with_call_chain'
/Users/apple/.rvm/rubies/ruby-2.1.0/lib/ruby/2.1.0/monitor.rb:211:in `mon_synchronize'
/Users/apple/.rvm/gems/ruby-2.1.0/gems/rake-10.1.1/lib/rake/task.rb:168:in `invoke_with_call_chain'
/Users/apple/.rvm/gems/ruby-2.1.0/gems/rake-10.1.1/lib/rake/task.rb:197:in `block in invoke_prerequisites'
/Users/apple/.rvm/gems/ruby-2.1.0/gems/rake-10.1.1/lib/rake/task.rb:195:in `each'
/Users/apple/.rvm/gems/ruby-2.1.0/gems/rake-10.1.1/lib/rake/task.rb:195:in `invoke_prerequisites'
/Users/apple/.rvm/gems/ruby-2.1.0/gems/rake-10.1.1/lib/rake/task.rb:174:in `block in invoke_with_call_chain'
/Users/apple/.rvm/rubies/ruby-2.1.0/lib/ruby/2.1.0/monitor.rb:211:in `mon_synchronize'
/Users/apple/.rvm/gems/ruby-2.1.0/gems/rake-10.1.1/lib/rake/task.rb:168:in `invoke_with_call_chain'
/Users/apple/.rvm/gems/ruby-2.1.0/gems/rake-10.1.1/lib/rake/task.rb:161:in `invoke'
/Users/apple/.rvm/gems/ruby-2.1.0/gems/rake-10.1.1/lib/rake/application.rb:149:in `invoke_task'
/Users/apple/.rvm/gems/ruby-2.1.0/gems/rake-10.1.1/lib/rake/application.rb:106:in `block (2 levels) in top_level'
/Users/apple/.rvm/gems/ruby-2.1.0/gems/rake-10.1.1/lib/rake/application.rb:106:in `each'
/Users/apple/.rvm/gems/ruby-2.1.0/gems/rake-10.1.1/lib/rake/application.rb:106:in `block in top_level'
/Users/apple/.rvm/gems/ruby-2.1.0/gems/rake-10.1.1/lib/rake/application.rb:115:in `run_with_threads'
/Users/apple/.rvm/gems/ruby-2.1.0/gems/rake-10.1.1/lib/rake/application.rb:100:in `top_level'
/Users/apple/.rvm/gems/ruby-2.1.0/gems/rake-10.1.1/lib/rake/application.rb:78:in `block in run'
/Users/apple/.rvm/gems/ruby-2.1.0/gems/rake-10.1.1/lib/rake/application.rb:165:in `standard_exception_handling'
/Users/apple/.rvm/gems/ruby-2.1.0/gems/rake-10.1.1/lib/rake/application.rb:75:in `run'
/Users/apple/.rvm/gems/ruby-2.1.0/gems/rake-10.1.1/bin/rake:33:in `<top (required)>'
/Users/apple/.rvm/gems/ruby-2.1.0/bin/rake:23:in `load'
/Users/apple/.rvm/gems/ruby-2.1.0/bin/rake:23:in `<main>'
/Users/apple/.rvm/gems/ruby-2.1.0/bin/ruby_executable_hooks:15:in `eval'
/Users/apple/.rvm/gems/ruby-2.1.0/bin/ruby_executable_hooks:15:in `<main>'
  [1m[36m (0.1ms)[0m  [1mbegin transaction[0m
  [1m[35mFixture Delete (0.1ms)[0m  DELETE FROM "acadamic_histories"
  [1m[36mFixture Insert (0.1ms)[0m  [1mINSERT INTO "acadamic_histories" ("user_id", "school", "department", "year", "degree", "nation", "created_at", "updated_at", "id") VALUES (1, 'MyString', 'MyString', 'MyString', 'MyString', 'MyString', '2014-02-18 09:05:31', '2014-02-18 09:05:31', 980190962)[0m
  [1m[35mFixture Insert (0.0ms)[0m  INSERT INTO "acadamic_histories" ("user_id", "school", "department", "year", "degree", "nation", "created_at", "updated_at", "id") VALUES (1, 'MyString', 'MyString', 'MyString', 'MyString', 'MyString', '2014-02-18 09:05:31', '2014-02-18 09:05:31', 298486374)
  [1m[36mFixture Delete (0.1ms)[0m  [1mDELETE FROM "comments"[0m
SQLite3::SQLException: no such table: comments: DELETE FROM "comments"
  [1m[35m (0.3ms)[0m  rollback transaction
  [1m[36m (1.4ms)[0m  [1mCREATE TABLE "acadamic_histories" ("id" INTEGER PRIMARY KEY AUTOINCREMENT NOT NULL, "user_id" integer, "school" varchar(255), "department" varchar(255), "year" varchar(255), "degree" varchar(255), "nation" varchar(255), "created_at" datetime, "updated_at" datetime) [0m
  [1m[35m (1.0ms)[0m  CREATE TABLE "process_lists" ("id" INTEGER PRIMARY KEY AUTOINCREMENT NOT NULL, "title" varchar(255), "process_type" varchar(255), "sequence" integer, "created_at" datetime, "updated_at" datetime) 
  [1m[36m (0.8ms)[0m  [1mCREATE TABLE "speaker_profiles" ("id" INTEGER PRIMARY KEY AUTOINCREMENT NOT NULL, "user_id" integer, "bio" text, "photo" varchar(255), "created_at" datetime, "updated_at" datetime, "eng_name" varchar(255), "chi_name" varchar(255)) [0m
  [1m[35m (0.6ms)[0m  CREATE TABLE "talk_process_lists" ("id" INTEGER PRIMARY KEY AUTOINCREMENT NOT NULL, "talk_id" integer, "process_id" integer, "created_at" datetime, "updated_at" datetime) 
  [1m[36m (0.8ms)[0m  [1mCREATE TABLE "talks" ("id" INTEGER PRIMARY KEY AUTOINCREMENT NOT NULL, "title" varchar(255), "intro" text, "bg" varchar(255), "poster" varchar(255), "slide1" varchar(255), "slide2" varchar(255), "slide3" varchar(255), "videourl1" varchar(255), "videourl2" varchar(255), "videourl3" varchar(255), "videocomment1" text, "videocomment2" text, "videocomment3" text, "feedback1" varchar(255), "feedback2" varchar(255), "feedback3" varchar(255), "signup" datetime, "created_at" datetime, "updated_at" datetime, "photography_file_name" varchar(255), "photography_content_type" varchar(255), "photography_file_size" integer, "photography_updated_at" datetime, "speaker_profile_id" integer) [0m
  [1m[35m (0.6ms)[0m  CREATE TABLE "user_talks" ("id" INTEGER PRIMARY KEY AUTOINCREMENT NOT NULL, "created_at" datetime, "updated_at" datetime, "user_id" integer, "talk_id" integer) 
  [1m[36m (0.6ms)[0m  [1mCREATE TABLE "usercomments" ("id" INTEGER PRIMARY KEY AUTOINCREMENT NOT NULL, "user_id" integer, "comment_id" integer, "created_at" datetime, "updated_at" datetime) [0m
  [1m[35m (0.7ms)[0m  CREATE TABLE "users" ("id" INTEGER PRIMARY KEY AUTOINCREMENT NOT NULL, "email" varchar(255) DEFAULT '' NOT NULL, "encrypted_password" varchar(255) DEFAULT '' NOT NULL, "reset_password_token" varchar(255), "reset_password_sent_at" datetime, "remember_created_at" datetime, "sign_in_count" integer DEFAULT 0 NOT NULL, "current_sign_in_at" datetime, "last_sign_in_at" datetime, "current_sign_in_ip" varchar(255), "last_sign_in_ip" varchar(255), "created_at" datetime, "updated_at" datetime, "role" varchar(255), "name" varchar(255)) 
  [1m[36m (0.6ms)[0m  [1mCREATE UNIQUE INDEX "index_users_on_email" ON "users" ("email")[0m
  [1m[35m (0.7ms)[0m  CREATE UNIQUE INDEX "index_users_on_reset_password_token" ON "users" ("reset_password_token")
  [1m[36m (0.7ms)[0m  [1mCREATE TABLE "schema_migrations" ("version" varchar(255) NOT NULL) [0m
  [1m[35m (0.6ms)[0m  CREATE UNIQUE INDEX "unique_schema_migrations" ON "schema_migrations" ("version")
  [1m[36m (0.1ms)[0m  [1mSELECT version FROM "schema_migrations"[0m
  [1m[35m (0.6ms)[0m  INSERT INTO "schema_migrations" (version) VALUES ('20140218055353')
  [1m[36m (0.5ms)[0m  [1mINSERT INTO "schema_migrations" (version) VALUES ('20140211062520')[0m
  [1m[35m (0.6ms)[0m  INSERT INTO "schema_migrations" (version) VALUES ('20140211070234')
  [1m[36m (0.7ms)[0m  [1mINSERT INTO "schema_migrations" (version) VALUES ('20140211071831')[0m
  [1m[35m (0.6ms)[0m  INSERT INTO "schema_migrations" (version) VALUES ('20140211072311')
  [1m[36m (0.6ms)[0m  [1mINSERT INTO "schema_migrations" (version) VALUES ('20140211072456')[0m
  [1m[35m (0.6ms)[0m  INSERT INTO "schema_migrations" (version) VALUES ('20140211074844')
  [1m[36m (0.5ms)[0m  [1mINSERT INTO "schema_migrations" (version) VALUES ('20140211074918')[0m
  [1m[35m (0.6ms)[0m  INSERT INTO "schema_migrations" (version) VALUES ('20140211075954')
  [1m[36m (0.7ms)[0m  [1mINSERT INTO "schema_migrations" (version) VALUES ('20140211083329')[0m
  [1m[35m (0.6ms)[0m  INSERT INTO "schema_migrations" (version) VALUES ('20140212094058')
  [1m[36m (0.7ms)[0m  [1mINSERT INTO "schema_migrations" (version) VALUES ('20140213043514')[0m
  [1m[35m (0.5ms)[0m  INSERT INTO "schema_migrations" (version) VALUES ('20140213071013')
  [1m[36m (0.6ms)[0m  [1mINSERT INTO "schema_migrations" (version) VALUES ('20140213071757')[0m
  [1m[35m (0.6ms)[0m  INSERT INTO "schema_migrations" (version) VALUES ('20140213072209')
  [1m[36mActiveRecord::SchemaMigration Load (0.1ms)[0m  [1mSELECT "schema_migrations".* FROM "schema_migrations"[0m
  [1m[35mActiveRecord::SchemaMigration Load (0.1ms)[0m  SELECT "schema_migrations".* FROM "schema_migrations"
Unable to load comment, underlying cause No such file to load -- comment 

 /Users/apple/.rvm/gems/ruby-2.1.0/gems/activesupport-4.0.2/lib/active_support/dependencies.rb:229:in `require'
/Users/apple/.rvm/gems/ruby-2.1.0/gems/activesupport-4.0.2/lib/active_support/dependencies.rb:229:in `block in require'
/Users/apple/.rvm/gems/ruby-2.1.0/gems/activesupport-4.0.2/lib/active_support/dependencies.rb:214:in `load_dependency'
/Users/apple/.rvm/gems/ruby-2.1.0/gems/activesupport-4.0.2/lib/active_support/dependencies.rb:229:in `require'
/Users/apple/.rvm/gems/ruby-2.1.0/gems/activesupport-4.0.2/lib/active_support/dependencies.rb:330:in `require_or_load'
/Users/apple/.rvm/gems/ruby-2.1.0/gems/activesupport-4.0.2/lib/active_support/dependencies.rb:289:in `depend_on'
/Users/apple/.rvm/gems/ruby-2.1.0/gems/activesupport-4.0.2/lib/active_support/dependencies.rb:207:in `require_dependency'
/Users/apple/.rvm/gems/ruby-2.1.0/gems/activerecord-4.0.2/lib/active_record/fixtures.rb:773:in `try_to_load_dependency'
/Users/apple/.rvm/gems/ruby-2.1.0/gems/activerecord-4.0.2/lib/active_record/fixtures.rb:792:in `block in require_fixture_classes'
/Users/apple/.rvm/gems/ruby-2.1.0/gems/activerecord-4.0.2/lib/active_record/fixtures.rb:790:in `each'
/Users/apple/.rvm/gems/ruby-2.1.0/gems/activerecord-4.0.2/lib/active_record/fixtures.rb:790:in `require_fixture_classes'
/Users/apple/.rvm/gems/ruby-2.1.0/gems/activerecord-4.0.2/lib/active_record/fixtures.rb:768:in `fixtures'
/Users/apple/projects/TempIoIo/test/test_helper.rb:12:in `<class:TestCase>'
/Users/apple/projects/TempIoIo/test/test_helper.rb:5:in `<top (required)>'
/Users/apple/.rvm/gems/ruby-2.1.0/gems/activesupport-4.0.2/lib/active_support/dependencies.rb:229:in `require'
/Users/apple/.rvm/gems/ruby-2.1.0/gems/activesupport-4.0.2/lib/active_support/dependencies.rb:229:in `block in require'
/Users/apple/.rvm/gems/ruby-2.1.0/gems/activesupport-4.0.2/lib/active_support/dependencies.rb:214:in `load_dependency'
/Users/apple/.rvm/gems/ruby-2.1.0/gems/activesupport-4.0.2/lib/active_support/dependencies.rb:229:in `require'
/Users/apple/projects/TempIoIo/test/helpers/first_page_helper_test.rb:1:in `<top (required)>'
/Users/apple/.rvm/gems/ruby-2.1.0/gems/activesupport-4.0.2/lib/active_support/dependencies.rb:229:in `require'
/Users/apple/.rvm/gems/ruby-2.1.0/gems/activesupport-4.0.2/lib/active_support/dependencies.rb:229:in `block in require'
/Users/apple/.rvm/gems/ruby-2.1.0/gems/activesupport-4.0.2/lib/active_support/dependencies.rb:214:in `load_dependency'
/Users/apple/.rvm/gems/ruby-2.1.0/gems/activesupport-4.0.2/lib/active_support/dependencies.rb:229:in `require'
/Users/apple/.rvm/gems/ruby-2.1.0/gems/railties-4.0.2/lib/rails/test_unit/sub_test_task.rb:73:in `block (3 levels) in define'
/Users/apple/.rvm/gems/ruby-2.1.0/gems/railties-4.0.2/lib/rails/test_unit/sub_test_task.rb:73:in `each'
/Users/apple/.rvm/gems/ruby-2.1.0/gems/railties-4.0.2/lib/rails/test_unit/sub_test_task.rb:73:in `block (2 levels) in define'
/Users/apple/.rvm/gems/ruby-2.1.0/gems/railties-4.0.2/lib/rails/test_unit/sub_test_task.rb:72:in `each'
/Users/apple/.rvm/gems/ruby-2.1.0/gems/railties-4.0.2/lib/rails/test_unit/sub_test_task.rb:72:in `block in define'
/Users/apple/.rvm/gems/ruby-2.1.0/gems/rake-10.1.1/lib/rake/task.rb:236:in `call'
/Users/apple/.rvm/gems/ruby-2.1.0/gems/rake-10.1.1/lib/rake/task.rb:236:in `block in execute'
/Users/apple/.rvm/gems/ruby-2.1.0/gems/rake-10.1.1/lib/rake/task.rb:231:in `each'
/Users/apple/.rvm/gems/ruby-2.1.0/gems/rake-10.1.1/lib/rake/task.rb:231:in `execute'
/Users/apple/.rvm/gems/ruby-2.1.0/gems/rake-10.1.1/lib/rake/task.rb:175:in `block in invoke_with_call_chain'
/Users/apple/.rvm/rubies/ruby-2.1.0/lib/ruby/2.1.0/monitor.rb:211:in `mon_synchronize'
/Users/apple/.rvm/gems/ruby-2.1.0/gems/rake-10.1.1/lib/rake/task.rb:168:in `invoke_with_call_chain'
/Users/apple/.rvm/gems/ruby-2.1.0/gems/rake-10.1.1/lib/rake/task.rb:197:in `block in invoke_prerequisites'
/Users/apple/.rvm/gems/ruby-2.1.0/gems/rake-10.1.1/lib/rake/task.rb:195:in `each'
/Users/apple/.rvm/gems/ruby-2.1.0/gems/rake-10.1.1/lib/rake/task.rb:195:in `invoke_prerequisites'
/Users/apple/.rvm/gems/ruby-2.1.0/gems/rake-10.1.1/lib/rake/task.rb:174:in `block in invoke_with_call_chain'
/Users/apple/.rvm/rubies/ruby-2.1.0/lib/ruby/2.1.0/monitor.rb:211:in `mon_synchronize'
/Users/apple/.rvm/gems/ruby-2.1.0/gems/rake-10.1.1/lib/rake/task.rb:168:in `invoke_with_call_chain'
/Users/apple/.rvm/gems/ruby-2.1.0/gems/rake-10.1.1/lib/rake/task.rb:161:in `invoke'
/Users/apple/.rvm/gems/ruby-2.1.0/gems/railties-4.0.2/lib/rails/test_unit/testing.rake:61:in `block in <top (required)>'
/Users/apple/.rvm/gems/ruby-2.1.0/gems/rake-10.1.1/lib/rake/task.rb:236:in `call'
/Users/apple/.rvm/gems/ruby-2.1.0/gems/rake-10.1.1/lib/rake/task.rb:236:in `block in execute'
/Users/apple/.rvm/gems/ruby-2.1.0/gems/rake-10.1.1/lib/rake/task.rb:231:in `each'
/Users/apple/.rvm/gems/ruby-2.1.0/gems/rake-10.1.1/lib/rake/task.rb:231:in `execute'
/Users/apple/.rvm/gems/ruby-2.1.0/gems/rake-10.1.1/lib/rake/task.rb:175:in `block in invoke_with_call_chain'
/Users/apple/.rvm/rubies/ruby-2.1.0/lib/ruby/2.1.0/monitor.rb:211:in `mon_synchronize'
/Users/apple/.rvm/gems/ruby-2.1.0/gems/rake-10.1.1/lib/rake/task.rb:168:in `invoke_with_call_chain'
/Users/apple/.rvm/gems/ruby-2.1.0/gems/rake-10.1.1/lib/rake/task.rb:197:in `block in invoke_prerequisites'
/Users/apple/.rvm/gems/ruby-2.1.0/gems/rake-10.1.1/lib/rake/task.rb:195:in `each'
/Users/apple/.rvm/gems/ruby-2.1.0/gems/rake-10.1.1/lib/rake/task.rb:195:in `invoke_prerequisites'
/Users/apple/.rvm/gems/ruby-2.1.0/gems/rake-10.1.1/lib/rake/task.rb:174:in `block in invoke_with_call_chain'
/Users/apple/.rvm/rubies/ruby-2.1.0/lib/ruby/2.1.0/monitor.rb:211:in `mon_synchronize'
/Users/apple/.rvm/gems/ruby-2.1.0/gems/rake-10.1.1/lib/rake/task.rb:168:in `invoke_with_call_chain'
/Users/apple/.rvm/gems/ruby-2.1.0/gems/rake-10.1.1/lib/rake/task.rb:161:in `invoke'
/Users/apple/.rvm/gems/ruby-2.1.0/gems/rake-10.1.1/lib/rake/application.rb:149:in `invoke_task'
/Users/apple/.rvm/gems/ruby-2.1.0/gems/rake-10.1.1/lib/rake/application.rb:106:in `block (2 levels) in top_level'
/Users/apple/.rvm/gems/ruby-2.1.0/gems/rake-10.1.1/lib/rake/application.rb:106:in `each'
/Users/apple/.rvm/gems/ruby-2.1.0/gems/rake-10.1.1/lib/rake/application.rb:106:in `block in top_level'
/Users/apple/.rvm/gems/ruby-2.1.0/gems/rake-10.1.1/lib/rake/application.rb:115:in `run_with_threads'
/Users/apple/.rvm/gems/ruby-2.1.0/gems/rake-10.1.1/lib/rake/application.rb:100:in `top_level'
/Users/apple/.rvm/gems/ruby-2.1.0/gems/rake-10.1.1/lib/rake/application.rb:78:in `block in run'
/Users/apple/.rvm/gems/ruby-2.1.0/gems/rake-10.1.1/lib/rake/application.rb:165:in `standard_exception_handling'
/Users/apple/.rvm/gems/ruby-2.1.0/gems/rake-10.1.1/lib/rake/application.rb:75:in `run'
/Users/apple/.rvm/gems/ruby-2.1.0/gems/rake-10.1.1/bin/rake:33:in `<top (required)>'
/Users/apple/.rvm/gems/ruby-2.1.0/bin/rake:23:in `load'
/Users/apple/.rvm/gems/ruby-2.1.0/bin/rake:23:in `<main>'
/Users/apple/.rvm/gems/ruby-2.1.0/bin/ruby_executable_hooks:15:in `eval'
/Users/apple/.rvm/gems/ruby-2.1.0/bin/ruby_executable_hooks:15:in `<main>'
Unable to load usertalk, underlying cause No such file to load -- usertalk 

 /Users/apple/.rvm/gems/ruby-2.1.0/gems/activesupport-4.0.2/lib/active_support/dependencies.rb:229:in `require'
/Users/apple/.rvm/gems/ruby-2.1.0/gems/activesupport-4.0.2/lib/active_support/dependencies.rb:229:in `block in require'
/Users/apple/.rvm/gems/ruby-2.1.0/gems/activesupport-4.0.2/lib/active_support/dependencies.rb:214:in `load_dependency'
/Users/apple/.rvm/gems/ruby-2.1.0/gems/activesupport-4.0.2/lib/active_support/dependencies.rb:229:in `require'
/Users/apple/.rvm/gems/ruby-2.1.0/gems/activesupport-4.0.2/lib/active_support/dependencies.rb:330:in `require_or_load'
/Users/apple/.rvm/gems/ruby-2.1.0/gems/activesupport-4.0.2/lib/active_support/dependencies.rb:289:in `depend_on'
/Users/apple/.rvm/gems/ruby-2.1.0/gems/activesupport-4.0.2/lib/active_support/dependencies.rb:207:in `require_dependency'
/Users/apple/.rvm/gems/ruby-2.1.0/gems/activerecord-4.0.2/lib/active_record/fixtures.rb:773:in `try_to_load_dependency'
/Users/apple/.rvm/gems/ruby-2.1.0/gems/activerecord-4.0.2/lib/active_record/fixtures.rb:792:in `block in require_fixture_classes'
/Users/apple/.rvm/gems/ruby-2.1.0/gems/activerecord-4.0.2/lib/active_record/fixtures.rb:790:in `each'
/Users/apple/.rvm/gems/ruby-2.1.0/gems/activerecord-4.0.2/lib/active_record/fixtures.rb:790:in `require_fixture_classes'
/Users/apple/.rvm/gems/ruby-2.1.0/gems/activerecord-4.0.2/lib/active_record/fixtures.rb:768:in `fixtures'
/Users/apple/projects/TempIoIo/test/test_helper.rb:12:in `<class:TestCase>'
/Users/apple/projects/TempIoIo/test/test_helper.rb:5:in `<top (required)>'
/Users/apple/.rvm/gems/ruby-2.1.0/gems/activesupport-4.0.2/lib/active_support/dependencies.rb:229:in `require'
/Users/apple/.rvm/gems/ruby-2.1.0/gems/activesupport-4.0.2/lib/active_support/dependencies.rb:229:in `block in require'
/Users/apple/.rvm/gems/ruby-2.1.0/gems/activesupport-4.0.2/lib/active_support/dependencies.rb:214:in `load_dependency'
/Users/apple/.rvm/gems/ruby-2.1.0/gems/activesupport-4.0.2/lib/active_support/dependencies.rb:229:in `require'
/Users/apple/projects/TempIoIo/test/helpers/first_page_helper_test.rb:1:in `<top (required)>'
/Users/apple/.rvm/gems/ruby-2.1.0/gems/activesupport-4.0.2/lib/active_support/dependencies.rb:229:in `require'
/Users/apple/.rvm/gems/ruby-2.1.0/gems/activesupport-4.0.2/lib/active_support/dependencies.rb:229:in `block in require'
/Users/apple/.rvm/gems/ruby-2.1.0/gems/activesupport-4.0.2/lib/active_support/dependencies.rb:214:in `load_dependency'
/Users/apple/.rvm/gems/ruby-2.1.0/gems/activesupport-4.0.2/lib/active_support/dependencies.rb:229:in `require'
/Users/apple/.rvm/gems/ruby-2.1.0/gems/railties-4.0.2/lib/rails/test_unit/sub_test_task.rb:73:in `block (3 levels) in define'
/Users/apple/.rvm/gems/ruby-2.1.0/gems/railties-4.0.2/lib/rails/test_unit/sub_test_task.rb:73:in `each'
/Users/apple/.rvm/gems/ruby-2.1.0/gems/railties-4.0.2/lib/rails/test_unit/sub_test_task.rb:73:in `block (2 levels) in define'
/Users/apple/.rvm/gems/ruby-2.1.0/gems/railties-4.0.2/lib/rails/test_unit/sub_test_task.rb:72:in `each'
/Users/apple/.rvm/gems/ruby-2.1.0/gems/railties-4.0.2/lib/rails/test_unit/sub_test_task.rb:72:in `block in define'
/Users/apple/.rvm/gems/ruby-2.1.0/gems/rake-10.1.1/lib/rake/task.rb:236:in `call'
/Users/apple/.rvm/gems/ruby-2.1.0/gems/rake-10.1.1/lib/rake/task.rb:236:in `block in execute'
/Users/apple/.rvm/gems/ruby-2.1.0/gems/rake-10.1.1/lib/rake/task.rb:231:in `each'
/Users/apple/.rvm/gems/ruby-2.1.0/gems/rake-10.1.1/lib/rake/task.rb:231:in `execute'
/Users/apple/.rvm/gems/ruby-2.1.0/gems/rake-10.1.1/lib/rake/task.rb:175:in `block in invoke_with_call_chain'
/Users/apple/.rvm/rubies/ruby-2.1.0/lib/ruby/2.1.0/monitor.rb:211:in `mon_synchronize'
/Users/apple/.rvm/gems/ruby-2.1.0/gems/rake-10.1.1/lib/rake/task.rb:168:in `invoke_with_call_chain'
/Users/apple/.rvm/gems/ruby-2.1.0/gems/rake-10.1.1/lib/rake/task.rb:197:in `block in invoke_prerequisites'
/Users/apple/.rvm/gems/ruby-2.1.0/gems/rake-10.1.1/lib/rake/task.rb:195:in `each'
/Users/apple/.rvm/gems/ruby-2.1.0/gems/rake-10.1.1/lib/rake/task.rb:195:in `invoke_prerequisites'
/Users/apple/.rvm/gems/ruby-2.1.0/gems/rake-10.1.1/lib/rake/task.rb:174:in `block in invoke_with_call_chain'
/Users/apple/.rvm/rubies/ruby-2.1.0/lib/ruby/2.1.0/monitor.rb:211:in `mon_synchronize'
/Users/apple/.rvm/gems/ruby-2.1.0/gems/rake-10.1.1/lib/rake/task.rb:168:in `invoke_with_call_chain'
/Users/apple/.rvm/gems/ruby-2.1.0/gems/rake-10.1.1/lib/rake/task.rb:161:in `invoke'
/Users/apple/.rvm/gems/ruby-2.1.0/gems/railties-4.0.2/lib/rails/test_unit/testing.rake:61:in `block in <top (required)>'
/Users/apple/.rvm/gems/ruby-2.1.0/gems/rake-10.1.1/lib/rake/task.rb:236:in `call'
/Users/apple/.rvm/gems/ruby-2.1.0/gems/rake-10.1.1/lib/rake/task.rb:236:in `block in execute'
/Users/apple/.rvm/gems/ruby-2.1.0/gems/rake-10.1.1/lib/rake/task.rb:231:in `each'
/Users/apple/.rvm/gems/ruby-2.1.0/gems/rake-10.1.1/lib/rake/task.rb:231:in `execute'
/Users/apple/.rvm/gems/ruby-2.1.0/gems/rake-10.1.1/lib/rake/task.rb:175:in `block in invoke_with_call_chain'
/Users/apple/.rvm/rubies/ruby-2.1.0/lib/ruby/2.1.0/monitor.rb:211:in `mon_synchronize'
/Users/apple/.rvm/gems/ruby-2.1.0/gems/rake-10.1.1/lib/rake/task.rb:168:in `invoke_with_call_chain'
/Users/apple/.rvm/gems/ruby-2.1.0/gems/rake-10.1.1/lib/rake/task.rb:197:in `block in invoke_prerequisites'
/Users/apple/.rvm/gems/ruby-2.1.0/gems/rake-10.1.1/lib/rake/task.rb:195:in `each'
/Users/apple/.rvm/gems/ruby-2.1.0/gems/rake-10.1.1/lib/rake/task.rb:195:in `invoke_prerequisites'
/Users/apple/.rvm/gems/ruby-2.1.0/gems/rake-10.1.1/lib/rake/task.rb:174:in `block in invoke_with_call_chain'
/Users/apple/.rvm/rubies/ruby-2.1.0/lib/ruby/2.1.0/monitor.rb:211:in `mon_synchronize'
/Users/apple/.rvm/gems/ruby-2.1.0/gems/rake-10.1.1/lib/rake/task.rb:168:in `invoke_with_call_chain'
/Users/apple/.rvm/gems/ruby-2.1.0/gems/rake-10.1.1/lib/rake/task.rb:161:in `invoke'
/Users/apple/.rvm/gems/ruby-2.1.0/gems/rake-10.1.1/lib/rake/application.rb:149:in `invoke_task'
/Users/apple/.rvm/gems/ruby-2.1.0/gems/rake-10.1.1/lib/rake/application.rb:106:in `block (2 levels) in top_level'
/Users/apple/.rvm/gems/ruby-2.1.0/gems/rake-10.1.1/lib/rake/application.rb:106:in `each'
/Users/apple/.rvm/gems/ruby-2.1.0/gems/rake-10.1.1/lib/rake/application.rb:106:in `block in top_level'
/Users/apple/.rvm/gems/ruby-2.1.0/gems/rake-10.1.1/lib/rake/application.rb:115:in `run_with_threads'
/Users/apple/.rvm/gems/ruby-2.1.0/gems/rake-10.1.1/lib/rake/application.rb:100:in `top_level'
/Users/apple/.rvm/gems/ruby-2.1.0/gems/rake-10.1.1/lib/rake/application.rb:78:in `block in run'
/Users/apple/.rvm/gems/ruby-2.1.0/gems/rake-10.1.1/lib/rake/application.rb:165:in `standard_exception_handling'
/Users/apple/.rvm/gems/ruby-2.1.0/gems/rake-10.1.1/lib/rake/application.rb:75:in `run'
/Users/apple/.rvm/gems/ruby-2.1.0/gems/rake-10.1.1/bin/rake:33:in `<top (required)>'
/Users/apple/.rvm/gems/ruby-2.1.0/bin/rake:23:in `load'
/Users/apple/.rvm/gems/ruby-2.1.0/bin/rake:23:in `<main>'
/Users/apple/.rvm/gems/ruby-2.1.0/bin/ruby_executable_hooks:15:in `eval'
/Users/apple/.rvm/gems/ruby-2.1.0/bin/ruby_executable_hooks:15:in `<main>'
  [1m[36m (0.1ms)[0m  [1mbegin transaction[0m
  [1m[35mFixture Delete (0.1ms)[0m  DELETE FROM "acadamic_histories"
  [1m[36mFixture Insert (0.1ms)[0m  [1mINSERT INTO "acadamic_histories" ("user_id", "school", "department", "year", "degree", "nation", "created_at", "updated_at", "id") VALUES (1, 'MyString', 'MyString', 'MyString', 'MyString', 'MyString', '2014-02-18 09:05:34', '2014-02-18 09:05:34', 980190962)[0m
  [1m[35mFixture Insert (0.1ms)[0m  INSERT INTO "acadamic_histories" ("user_id", "school", "department", "year", "degree", "nation", "created_at", "updated_at", "id") VALUES (1, 'MyString', 'MyString', 'MyString', 'MyString', 'MyString', '2014-02-18 09:05:34', '2014-02-18 09:05:34', 298486374)
  [1m[36mFixture Delete (0.1ms)[0m  [1mDELETE FROM "comments"[0m
SQLite3::SQLException: no such table: comments: DELETE FROM "comments"
  [1m[35m (0.7ms)[0m  rollback transaction
  [1m[36m (1.6ms)[0m  [1mCREATE TABLE "acadamic_histories" ("id" INTEGER PRIMARY KEY AUTOINCREMENT NOT NULL, "user_id" integer, "school" varchar(255), "department" varchar(255), "year" varchar(255), "degree" varchar(255), "nation" varchar(255), "created_at" datetime, "updated_at" datetime) [0m
  [1m[35m (0.6ms)[0m  CREATE TABLE "comments" ("id" INTEGER PRIMARY KEY AUTOINCREMENT NOT NULL) 
  [1m[36m (0.8ms)[0m  [1mCREATE TABLE "process_lists" ("id" INTEGER PRIMARY KEY AUTOINCREMENT NOT NULL, "title" varchar(255), "process_type" varchar(255), "sequence" integer, "created_at" datetime, "updated_at" datetime) [0m
  [1m[35m (0.7ms)[0m  CREATE TABLE "speaker_profiles" ("id" INTEGER PRIMARY KEY AUTOINCREMENT NOT NULL, "user_id" integer, "bio" text, "photo" varchar(255), "created_at" datetime, "updated_at" datetime, "eng_name" varchar(255), "chi_name" varchar(255)) 
  [1m[36m (0.7ms)[0m  [1mCREATE TABLE "talk_process_lists" ("id" INTEGER PRIMARY KEY AUTOINCREMENT NOT NULL, "talk_id" integer, "process_id" integer, "created_at" datetime, "updated_at" datetime) [0m
  [1m[35m (0.7ms)[0m  CREATE TABLE "talks" ("id" INTEGER PRIMARY KEY AUTOINCREMENT NOT NULL, "title" varchar(255), "intro" text, "bg" varchar(255), "poster" varchar(255), "slide1" varchar(255), "slide2" varchar(255), "slide3" varchar(255), "videourl1" varchar(255), "videourl2" varchar(255), "videourl3" varchar(255), "videocomment1" text, "videocomment2" text, "videocomment3" text, "feedback1" varchar(255), "feedback2" varchar(255), "feedback3" varchar(255), "signup" datetime, "created_at" datetime, "updated_at" datetime, "photography_file_name" varchar(255), "photography_content_type" varchar(255), "photography_file_size" integer, "photography_updated_at" datetime, "speaker_profile_id" integer) 
  [1m[36m (0.6ms)[0m  [1mCREATE TABLE "user_talks" ("id" INTEGER PRIMARY KEY AUTOINCREMENT NOT NULL, "created_at" datetime, "updated_at" datetime, "user_id" integer, "talk_id" integer) [0m
  [1m[35m (0.7ms)[0m  CREATE TABLE "usercomments" ("id" INTEGER PRIMARY KEY AUTOINCREMENT NOT NULL, "user_id" integer, "comment_id" integer, "created_at" datetime, "updated_at" datetime) 
  [1m[36m (1.1ms)[0m  [1mCREATE TABLE "users" ("id" INTEGER PRIMARY KEY AUTOINCREMENT NOT NULL, "email" varchar(255) DEFAULT '' NOT NULL, "encrypted_password" varchar(255) DEFAULT '' NOT NULL, "reset_password_token" varchar(255), "reset_password_sent_at" datetime, "remember_created_at" datetime, "sign_in_count" integer DEFAULT 0 NOT NULL, "current_sign_in_at" datetime, "last_sign_in_at" datetime, "current_sign_in_ip" varchar(255), "last_sign_in_ip" varchar(255), "created_at" datetime, "updated_at" datetime, "role" varchar(255), "name" varchar(255)) [0m
  [1m[35m (0.8ms)[0m  CREATE UNIQUE INDEX "index_users_on_email" ON "users" ("email")
  [1m[36m (0.7ms)[0m  [1mCREATE UNIQUE INDEX "index_users_on_reset_password_token" ON "users" ("reset_password_token")[0m
  [1m[35m (0.9ms)[0m  CREATE TABLE "schema_migrations" ("version" varchar(255) NOT NULL) 
  [1m[36m (0.9ms)[0m  [1mCREATE UNIQUE INDEX "unique_schema_migrations" ON "schema_migrations" ("version")[0m
  [1m[35m (0.1ms)[0m  SELECT version FROM "schema_migrations"
  [1m[36m (0.7ms)[0m  [1mINSERT INTO "schema_migrations" (version) VALUES ('20140218055353')[0m
  [1m[35m (0.8ms)[0m  INSERT INTO "schema_migrations" (version) VALUES ('20140211062520')
  [1m[36m (0.8ms)[0m  [1mINSERT INTO "schema_migrations" (version) VALUES ('20140211070234')[0m
  [1m[35m (0.7ms)[0m  INSERT INTO "schema_migrations" (version) VALUES ('20140211071831')
  [1m[36m (0.7ms)[0m  [1mINSERT INTO "schema_migrations" (version) VALUES ('20140211072311')[0m
  [1m[35m (0.7ms)[0m  INSERT INTO "schema_migrations" (version) VALUES ('20140211072456')
  [1m[36m (0.7ms)[0m  [1mINSERT INTO "schema_migrations" (version) VALUES ('20140211074844')[0m
  [1m[35m (0.7ms)[0m  INSERT INTO "schema_migrations" (version) VALUES ('20140211074918')
  [1m[36m (0.9ms)[0m  [1mINSERT INTO "schema_migrations" (version) VALUES ('20140211075954')[0m
  [1m[35m (0.7ms)[0m  INSERT INTO "schema_migrations" (version) VALUES ('20140211083329')
  [1m[36m (0.7ms)[0m  [1mINSERT INTO "schema_migrations" (version) VALUES ('20140212094058')[0m
  [1m[35m (0.7ms)[0m  INSERT INTO "schema_migrations" (version) VALUES ('20140213043514')
  [1m[36m (0.7ms)[0m  [1mINSERT INTO "schema_migrations" (version) VALUES ('20140213071013')[0m
  [1m[35m (0.8ms)[0m  INSERT INTO "schema_migrations" (version) VALUES ('20140213071757')
  [1m[36m (0.8ms)[0m  [1mINSERT INTO "schema_migrations" (version) VALUES ('20140213072209')[0m
  [1m[35mActiveRecord::SchemaMigration Load (0.1ms)[0m  SELECT "schema_migrations".* FROM "schema_migrations"
  [1m[36mActiveRecord::SchemaMigration Load (0.2ms)[0m  [1mSELECT "schema_migrations".* FROM "schema_migrations"[0m
Unable to load comment, underlying cause No such file to load -- comment 

 /Users/apple/.rvm/gems/ruby-2.1.0/gems/activesupport-4.0.2/lib/active_support/dependencies.rb:229:in `require'
/Users/apple/.rvm/gems/ruby-2.1.0/gems/activesupport-4.0.2/lib/active_support/dependencies.rb:229:in `block in require'
/Users/apple/.rvm/gems/ruby-2.1.0/gems/activesupport-4.0.2/lib/active_support/dependencies.rb:214:in `load_dependency'
/Users/apple/.rvm/gems/ruby-2.1.0/gems/activesupport-4.0.2/lib/active_support/dependencies.rb:229:in `require'
/Users/apple/.rvm/gems/ruby-2.1.0/gems/activesupport-4.0.2/lib/active_support/dependencies.rb:330:in `require_or_load'
/Users/apple/.rvm/gems/ruby-2.1.0/gems/activesupport-4.0.2/lib/active_support/dependencies.rb:289:in `depend_on'
/Users/apple/.rvm/gems/ruby-2.1.0/gems/activesupport-4.0.2/lib/active_support/dependencies.rb:207:in `require_dependency'
/Users/apple/.rvm/gems/ruby-2.1.0/gems/activerecord-4.0.2/lib/active_record/fixtures.rb:773:in `try_to_load_dependency'
/Users/apple/.rvm/gems/ruby-2.1.0/gems/activerecord-4.0.2/lib/active_record/fixtures.rb:792:in `block in require_fixture_classes'
/Users/apple/.rvm/gems/ruby-2.1.0/gems/activerecord-4.0.2/lib/active_record/fixtures.rb:790:in `each'
/Users/apple/.rvm/gems/ruby-2.1.0/gems/activerecord-4.0.2/lib/active_record/fixtures.rb:790:in `require_fixture_classes'
/Users/apple/.rvm/gems/ruby-2.1.0/gems/activerecord-4.0.2/lib/active_record/fixtures.rb:768:in `fixtures'
/Users/apple/projects/TempIoIo/test/test_helper.rb:12:in `<class:TestCase>'
/Users/apple/projects/TempIoIo/test/test_helper.rb:5:in `<top (required)>'
/Users/apple/.rvm/gems/ruby-2.1.0/gems/activesupport-4.0.2/lib/active_support/dependencies.rb:229:in `require'
/Users/apple/.rvm/gems/ruby-2.1.0/gems/activesupport-4.0.2/lib/active_support/dependencies.rb:229:in `block in require'
/Users/apple/.rvm/gems/ruby-2.1.0/gems/activesupport-4.0.2/lib/active_support/dependencies.rb:214:in `load_dependency'
/Users/apple/.rvm/gems/ruby-2.1.0/gems/activesupport-4.0.2/lib/active_support/dependencies.rb:229:in `require'
/Users/apple/projects/TempIoIo/test/helpers/first_page_helper_test.rb:1:in `<top (required)>'
/Users/apple/.rvm/gems/ruby-2.1.0/gems/activesupport-4.0.2/lib/active_support/dependencies.rb:229:in `require'
/Users/apple/.rvm/gems/ruby-2.1.0/gems/activesupport-4.0.2/lib/active_support/dependencies.rb:229:in `block in require'
/Users/apple/.rvm/gems/ruby-2.1.0/gems/activesupport-4.0.2/lib/active_support/dependencies.rb:214:in `load_dependency'
/Users/apple/.rvm/gems/ruby-2.1.0/gems/activesupport-4.0.2/lib/active_support/dependencies.rb:229:in `require'
/Users/apple/.rvm/gems/ruby-2.1.0/gems/railties-4.0.2/lib/rails/test_unit/sub_test_task.rb:73:in `block (3 levels) in define'
/Users/apple/.rvm/gems/ruby-2.1.0/gems/railties-4.0.2/lib/rails/test_unit/sub_test_task.rb:73:in `each'
/Users/apple/.rvm/gems/ruby-2.1.0/gems/railties-4.0.2/lib/rails/test_unit/sub_test_task.rb:73:in `block (2 levels) in define'
/Users/apple/.rvm/gems/ruby-2.1.0/gems/railties-4.0.2/lib/rails/test_unit/sub_test_task.rb:72:in `each'
/Users/apple/.rvm/gems/ruby-2.1.0/gems/railties-4.0.2/lib/rails/test_unit/sub_test_task.rb:72:in `block in define'
/Users/apple/.rvm/gems/ruby-2.1.0/gems/rake-10.1.1/lib/rake/task.rb:236:in `call'
/Users/apple/.rvm/gems/ruby-2.1.0/gems/rake-10.1.1/lib/rake/task.rb:236:in `block in execute'
/Users/apple/.rvm/gems/ruby-2.1.0/gems/rake-10.1.1/lib/rake/task.rb:231:in `each'
/Users/apple/.rvm/gems/ruby-2.1.0/gems/rake-10.1.1/lib/rake/task.rb:231:in `execute'
/Users/apple/.rvm/gems/ruby-2.1.0/gems/rake-10.1.1/lib/rake/task.rb:175:in `block in invoke_with_call_chain'
/Users/apple/.rvm/rubies/ruby-2.1.0/lib/ruby/2.1.0/monitor.rb:211:in `mon_synchronize'
/Users/apple/.rvm/gems/ruby-2.1.0/gems/rake-10.1.1/lib/rake/task.rb:168:in `invoke_with_call_chain'
/Users/apple/.rvm/gems/ruby-2.1.0/gems/rake-10.1.1/lib/rake/task.rb:197:in `block in invoke_prerequisites'
/Users/apple/.rvm/gems/ruby-2.1.0/gems/rake-10.1.1/lib/rake/task.rb:195:in `each'
/Users/apple/.rvm/gems/ruby-2.1.0/gems/rake-10.1.1/lib/rake/task.rb:195:in `invoke_prerequisites'
/Users/apple/.rvm/gems/ruby-2.1.0/gems/rake-10.1.1/lib/rake/task.rb:174:in `block in invoke_with_call_chain'
/Users/apple/.rvm/rubies/ruby-2.1.0/lib/ruby/2.1.0/monitor.rb:211:in `mon_synchronize'
/Users/apple/.rvm/gems/ruby-2.1.0/gems/rake-10.1.1/lib/rake/task.rb:168:in `invoke_with_call_chain'
/Users/apple/.rvm/gems/ruby-2.1.0/gems/rake-10.1.1/lib/rake/task.rb:161:in `invoke'
/Users/apple/.rvm/gems/ruby-2.1.0/gems/railties-4.0.2/lib/rails/test_unit/testing.rake:61:in `block in <top (required)>'
/Users/apple/.rvm/gems/ruby-2.1.0/gems/rake-10.1.1/lib/rake/task.rb:236:in `call'
/Users/apple/.rvm/gems/ruby-2.1.0/gems/rake-10.1.1/lib/rake/task.rb:236:in `block in execute'
/Users/apple/.rvm/gems/ruby-2.1.0/gems/rake-10.1.1/lib/rake/task.rb:231:in `each'
/Users/apple/.rvm/gems/ruby-2.1.0/gems/rake-10.1.1/lib/rake/task.rb:231:in `execute'
/Users/apple/.rvm/gems/ruby-2.1.0/gems/rake-10.1.1/lib/rake/task.rb:175:in `block in invoke_with_call_chain'
/Users/apple/.rvm/rubies/ruby-2.1.0/lib/ruby/2.1.0/monitor.rb:211:in `mon_synchronize'
/Users/apple/.rvm/gems/ruby-2.1.0/gems/rake-10.1.1/lib/rake/task.rb:168:in `invoke_with_call_chain'
/Users/apple/.rvm/gems/ruby-2.1.0/gems/rake-10.1.1/lib/rake/task.rb:197:in `block in invoke_prerequisites'
/Users/apple/.rvm/gems/ruby-2.1.0/gems/rake-10.1.1/lib/rake/task.rb:195:in `each'
/Users/apple/.rvm/gems/ruby-2.1.0/gems/rake-10.1.1/lib/rake/task.rb:195:in `invoke_prerequisites'
/Users/apple/.rvm/gems/ruby-2.1.0/gems/rake-10.1.1/lib/rake/task.rb:174:in `block in invoke_with_call_chain'
/Users/apple/.rvm/rubies/ruby-2.1.0/lib/ruby/2.1.0/monitor.rb:211:in `mon_synchronize'
/Users/apple/.rvm/gems/ruby-2.1.0/gems/rake-10.1.1/lib/rake/task.rb:168:in `invoke_with_call_chain'
/Users/apple/.rvm/gems/ruby-2.1.0/gems/rake-10.1.1/lib/rake/task.rb:161:in `invoke'
/Users/apple/.rvm/gems/ruby-2.1.0/gems/rake-10.1.1/lib/rake/application.rb:149:in `invoke_task'
/Users/apple/.rvm/gems/ruby-2.1.0/gems/rake-10.1.1/lib/rake/application.rb:106:in `block (2 levels) in top_level'
/Users/apple/.rvm/gems/ruby-2.1.0/gems/rake-10.1.1/lib/rake/application.rb:106:in `each'
/Users/apple/.rvm/gems/ruby-2.1.0/gems/rake-10.1.1/lib/rake/application.rb:106:in `block in top_level'
/Users/apple/.rvm/gems/ruby-2.1.0/gems/rake-10.1.1/lib/rake/application.rb:115:in `run_with_threads'
/Users/apple/.rvm/gems/ruby-2.1.0/gems/rake-10.1.1/lib/rake/application.rb:100:in `top_level'
/Users/apple/.rvm/gems/ruby-2.1.0/gems/rake-10.1.1/lib/rake/application.rb:78:in `block in run'
/Users/apple/.rvm/gems/ruby-2.1.0/gems/rake-10.1.1/lib/rake/application.rb:165:in `standard_exception_handling'
/Users/apple/.rvm/gems/ruby-2.1.0/gems/rake-10.1.1/lib/rake/application.rb:75:in `run'
/Users/apple/.rvm/gems/ruby-2.1.0/gems/rake-10.1.1/bin/rake:33:in `<top (required)>'
/Users/apple/.rvm/gems/ruby-2.1.0/bin/rake:23:in `load'
/Users/apple/.rvm/gems/ruby-2.1.0/bin/rake:23:in `<main>'
/Users/apple/.rvm/gems/ruby-2.1.0/bin/ruby_executable_hooks:15:in `eval'
/Users/apple/.rvm/gems/ruby-2.1.0/bin/ruby_executable_hooks:15:in `<main>'
Unable to load usertalk, underlying cause No such file to load -- usertalk 

 /Users/apple/.rvm/gems/ruby-2.1.0/gems/activesupport-4.0.2/lib/active_support/dependencies.rb:229:in `require'
/Users/apple/.rvm/gems/ruby-2.1.0/gems/activesupport-4.0.2/lib/active_support/dependencies.rb:229:in `block in require'
/Users/apple/.rvm/gems/ruby-2.1.0/gems/activesupport-4.0.2/lib/active_support/dependencies.rb:214:in `load_dependency'
/Users/apple/.rvm/gems/ruby-2.1.0/gems/activesupport-4.0.2/lib/active_support/dependencies.rb:229:in `require'
/Users/apple/.rvm/gems/ruby-2.1.0/gems/activesupport-4.0.2/lib/active_support/dependencies.rb:330:in `require_or_load'
/Users/apple/.rvm/gems/ruby-2.1.0/gems/activesupport-4.0.2/lib/active_support/dependencies.rb:289:in `depend_on'
/Users/apple/.rvm/gems/ruby-2.1.0/gems/activesupport-4.0.2/lib/active_support/dependencies.rb:207:in `require_dependency'
/Users/apple/.rvm/gems/ruby-2.1.0/gems/activerecord-4.0.2/lib/active_record/fixtures.rb:773:in `try_to_load_dependency'
/Users/apple/.rvm/gems/ruby-2.1.0/gems/activerecord-4.0.2/lib/active_record/fixtures.rb:792:in `block in require_fixture_classes'
/Users/apple/.rvm/gems/ruby-2.1.0/gems/activerecord-4.0.2/lib/active_record/fixtures.rb:790:in `each'
/Users/apple/.rvm/gems/ruby-2.1.0/gems/activerecord-4.0.2/lib/active_record/fixtures.rb:790:in `require_fixture_classes'
/Users/apple/.rvm/gems/ruby-2.1.0/gems/activerecord-4.0.2/lib/active_record/fixtures.rb:768:in `fixtures'
/Users/apple/projects/TempIoIo/test/test_helper.rb:12:in `<class:TestCase>'
/Users/apple/projects/TempIoIo/test/test_helper.rb:5:in `<top (required)>'
/Users/apple/.rvm/gems/ruby-2.1.0/gems/activesupport-4.0.2/lib/active_support/dependencies.rb:229:in `require'
/Users/apple/.rvm/gems/ruby-2.1.0/gems/activesupport-4.0.2/lib/active_support/dependencies.rb:229:in `block in require'
/Users/apple/.rvm/gems/ruby-2.1.0/gems/activesupport-4.0.2/lib/active_support/dependencies.rb:214:in `load_dependency'
/Users/apple/.rvm/gems/ruby-2.1.0/gems/activesupport-4.0.2/lib/active_support/dependencies.rb:229:in `require'
/Users/apple/projects/TempIoIo/test/helpers/first_page_helper_test.rb:1:in `<top (required)>'
/Users/apple/.rvm/gems/ruby-2.1.0/gems/activesupport-4.0.2/lib/active_support/dependencies.rb:229:in `require'
/Users/apple/.rvm/gems/ruby-2.1.0/gems/activesupport-4.0.2/lib/active_support/dependencies.rb:229:in `block in require'
/Users/apple/.rvm/gems/ruby-2.1.0/gems/activesupport-4.0.2/lib/active_support/dependencies.rb:214:in `load_dependency'
/Users/apple/.rvm/gems/ruby-2.1.0/gems/activesupport-4.0.2/lib/active_support/dependencies.rb:229:in `require'
/Users/apple/.rvm/gems/ruby-2.1.0/gems/railties-4.0.2/lib/rails/test_unit/sub_test_task.rb:73:in `block (3 levels) in define'
/Users/apple/.rvm/gems/ruby-2.1.0/gems/railties-4.0.2/lib/rails/test_unit/sub_test_task.rb:73:in `each'
/Users/apple/.rvm/gems/ruby-2.1.0/gems/railties-4.0.2/lib/rails/test_unit/sub_test_task.rb:73:in `block (2 levels) in define'
/Users/apple/.rvm/gems/ruby-2.1.0/gems/railties-4.0.2/lib/rails/test_unit/sub_test_task.rb:72:in `each'
/Users/apple/.rvm/gems/ruby-2.1.0/gems/railties-4.0.2/lib/rails/test_unit/sub_test_task.rb:72:in `block in define'
/Users/apple/.rvm/gems/ruby-2.1.0/gems/rake-10.1.1/lib/rake/task.rb:236:in `call'
/Users/apple/.rvm/gems/ruby-2.1.0/gems/rake-10.1.1/lib/rake/task.rb:236:in `block in execute'
/Users/apple/.rvm/gems/ruby-2.1.0/gems/rake-10.1.1/lib/rake/task.rb:231:in `each'
/Users/apple/.rvm/gems/ruby-2.1.0/gems/rake-10.1.1/lib/rake/task.rb:231:in `execute'
/Users/apple/.rvm/gems/ruby-2.1.0/gems/rake-10.1.1/lib/rake/task.rb:175:in `block in invoke_with_call_chain'
/Users/apple/.rvm/rubies/ruby-2.1.0/lib/ruby/2.1.0/monitor.rb:211:in `mon_synchronize'
/Users/apple/.rvm/gems/ruby-2.1.0/gems/rake-10.1.1/lib/rake/task.rb:168:in `invoke_with_call_chain'
/Users/apple/.rvm/gems/ruby-2.1.0/gems/rake-10.1.1/lib/rake/task.rb:197:in `block in invoke_prerequisites'
/Users/apple/.rvm/gems/ruby-2.1.0/gems/rake-10.1.1/lib/rake/task.rb:195:in `each'
/Users/apple/.rvm/gems/ruby-2.1.0/gems/rake-10.1.1/lib/rake/task.rb:195:in `invoke_prerequisites'
/Users/apple/.rvm/gems/ruby-2.1.0/gems/rake-10.1.1/lib/rake/task.rb:174:in `block in invoke_with_call_chain'
/Users/apple/.rvm/rubies/ruby-2.1.0/lib/ruby/2.1.0/monitor.rb:211:in `mon_synchronize'
/Users/apple/.rvm/gems/ruby-2.1.0/gems/rake-10.1.1/lib/rake/task.rb:168:in `invoke_with_call_chain'
/Users/apple/.rvm/gems/ruby-2.1.0/gems/rake-10.1.1/lib/rake/task.rb:161:in `invoke'
/Users/apple/.rvm/gems/ruby-2.1.0/gems/railties-4.0.2/lib/rails/test_unit/testing.rake:61:in `block in <top (required)>'
/Users/apple/.rvm/gems/ruby-2.1.0/gems/rake-10.1.1/lib/rake/task.rb:236:in `call'
/Users/apple/.rvm/gems/ruby-2.1.0/gems/rake-10.1.1/lib/rake/task.rb:236:in `block in execute'
/Users/apple/.rvm/gems/ruby-2.1.0/gems/rake-10.1.1/lib/rake/task.rb:231:in `each'
/Users/apple/.rvm/gems/ruby-2.1.0/gems/rake-10.1.1/lib/rake/task.rb:231:in `execute'
/Users/apple/.rvm/gems/ruby-2.1.0/gems/rake-10.1.1/lib/rake/task.rb:175:in `block in invoke_with_call_chain'
/Users/apple/.rvm/rubies/ruby-2.1.0/lib/ruby/2.1.0/monitor.rb:211:in `mon_synchronize'
/Users/apple/.rvm/gems/ruby-2.1.0/gems/rake-10.1.1/lib/rake/task.rb:168:in `invoke_with_call_chain'
/Users/apple/.rvm/gems/ruby-2.1.0/gems/rake-10.1.1/lib/rake/task.rb:197:in `block in invoke_prerequisites'
/Users/apple/.rvm/gems/ruby-2.1.0/gems/rake-10.1.1/lib/rake/task.rb:195:in `each'
/Users/apple/.rvm/gems/ruby-2.1.0/gems/rake-10.1.1/lib/rake/task.rb:195:in `invoke_prerequisites'
/Users/apple/.rvm/gems/ruby-2.1.0/gems/rake-10.1.1/lib/rake/task.rb:174:in `block in invoke_with_call_chain'
/Users/apple/.rvm/rubies/ruby-2.1.0/lib/ruby/2.1.0/monitor.rb:211:in `mon_synchronize'
/Users/apple/.rvm/gems/ruby-2.1.0/gems/rake-10.1.1/lib/rake/task.rb:168:in `invoke_with_call_chain'
/Users/apple/.rvm/gems/ruby-2.1.0/gems/rake-10.1.1/lib/rake/task.rb:161:in `invoke'
/Users/apple/.rvm/gems/ruby-2.1.0/gems/rake-10.1.1/lib/rake/application.rb:149:in `invoke_task'
/Users/apple/.rvm/gems/ruby-2.1.0/gems/rake-10.1.1/lib/rake/application.rb:106:in `block (2 levels) in top_level'
/Users/apple/.rvm/gems/ruby-2.1.0/gems/rake-10.1.1/lib/rake/application.rb:106:in `each'
/Users/apple/.rvm/gems/ruby-2.1.0/gems/rake-10.1.1/lib/rake/application.rb:106:in `block in top_level'
/Users/apple/.rvm/gems/ruby-2.1.0/gems/rake-10.1.1/lib/rake/application.rb:115:in `run_with_threads'
/Users/apple/.rvm/gems/ruby-2.1.0/gems/rake-10.1.1/lib/rake/application.rb:100:in `top_level'
/Users/apple/.rvm/gems/ruby-2.1.0/gems/rake-10.1.1/lib/rake/application.rb:78:in `block in run'
/Users/apple/.rvm/gems/ruby-2.1.0/gems/rake-10.1.1/lib/rake/application.rb:165:in `standard_exception_handling'
/Users/apple/.rvm/gems/ruby-2.1.0/gems/rake-10.1.1/lib/rake/application.rb:75:in `run'
/Users/apple/.rvm/gems/ruby-2.1.0/gems/rake-10.1.1/bin/rake:33:in `<top (required)>'
/Users/apple/.rvm/gems/ruby-2.1.0/bin/rake:23:in `load'
/Users/apple/.rvm/gems/ruby-2.1.0/bin/rake:23:in `<main>'
/Users/apple/.rvm/gems/ruby-2.1.0/bin/ruby_executable_hooks:15:in `eval'
/Users/apple/.rvm/gems/ruby-2.1.0/bin/ruby_executable_hooks:15:in `<main>'
  [1m[35m (0.1ms)[0m  begin transaction
  [1m[36mFixture Delete (0.2ms)[0m  [1mDELETE FROM "acadamic_histories"[0m
  [1m[35mFixture Insert (0.1ms)[0m  INSERT INTO "acadamic_histories" ("user_id", "school", "department", "year", "degree", "nation", "created_at", "updated_at", "id") VALUES (1, 'MyString', 'MyString', 'MyString', 'MyString', 'MyString', '2014-02-18 09:06:31', '2014-02-18 09:06:31', 980190962)
  [1m[36mFixture Insert (0.1ms)[0m  [1mINSERT INTO "acadamic_histories" ("user_id", "school", "department", "year", "degree", "nation", "created_at", "updated_at", "id") VALUES (1, 'MyString', 'MyString', 'MyString', 'MyString', 'MyString', '2014-02-18 09:06:31', '2014-02-18 09:06:31', 298486374)[0m
  [1m[35mFixture Delete (0.0ms)[0m  DELETE FROM "comments"
  [1m[36mFixture Insert (0.1ms)[0m  [1mINSERT INTO "comments" () VALUES ()[0m
SQLite3::SQLException: near ")": syntax error: INSERT INTO "comments" () VALUES ()
  [1m[35m (0.9ms)[0m  rollback transaction
  [1m[36m (1.3ms)[0m  [1mCREATE TABLE "acadamic_histories" ("id" INTEGER PRIMARY KEY AUTOINCREMENT NOT NULL, "user_id" integer, "school" varchar(255), "department" varchar(255), "year" varchar(255), "degree" varchar(255), "nation" varchar(255), "created_at" datetime, "updated_at" datetime) [0m
  [1m[35m (0.8ms)[0m  CREATE TABLE "comments" ("id" INTEGER PRIMARY KEY AUTOINCREMENT NOT NULL) 
  [1m[36m (0.7ms)[0m  [1mCREATE TABLE "process_lists" ("id" INTEGER PRIMARY KEY AUTOINCREMENT NOT NULL, "title" varchar(255), "process_type" varchar(255), "sequence" integer, "created_at" datetime, "updated_at" datetime) [0m
  [1m[35m (0.7ms)[0m  CREATE TABLE "speaker_profiles" ("id" INTEGER PRIMARY KEY AUTOINCREMENT NOT NULL, "user_id" integer, "bio" text, "photo" varchar(255), "created_at" datetime, "updated_at" datetime, "eng_name" varchar(255), "chi_name" varchar(255)) 
  [1m[36m (0.8ms)[0m  [1mCREATE TABLE "talk_process_lists" ("id" INTEGER PRIMARY KEY AUTOINCREMENT NOT NULL, "talk_id" integer, "process_id" integer, "created_at" datetime, "updated_at" datetime) [0m
  [1m[35m (0.8ms)[0m  CREATE TABLE "talks" ("id" INTEGER PRIMARY KEY AUTOINCREMENT NOT NULL, "title" varchar(255), "intro" text, "bg" varchar(255), "poster" varchar(255), "slide1" varchar(255), "slide2" varchar(255), "slide3" varchar(255), "videourl1" varchar(255), "videourl2" varchar(255), "videourl3" varchar(255), "videocomment1" text, "videocomment2" text, "videocomment3" text, "feedback1" varchar(255), "feedback2" varchar(255), "feedback3" varchar(255), "signup" datetime, "created_at" datetime, "updated_at" datetime, "photography_file_name" varchar(255), "photography_content_type" varchar(255), "photography_file_size" integer, "photography_updated_at" datetime, "speaker_profile_id" integer) 
  [1m[36m (0.7ms)[0m  [1mCREATE TABLE "user_talks" ("id" INTEGER PRIMARY KEY AUTOINCREMENT NOT NULL, "created_at" datetime, "updated_at" datetime, "user_id" integer, "talk_id" integer) [0m
  [1m[35m (0.7ms)[0m  CREATE TABLE "usercomments" ("id" INTEGER PRIMARY KEY AUTOINCREMENT NOT NULL, "user_id" integer, "comment_id" integer, "created_at" datetime, "updated_at" datetime) 
  [1m[36m (0.9ms)[0m  [1mCREATE TABLE "users" ("id" INTEGER PRIMARY KEY AUTOINCREMENT NOT NULL, "email" varchar(255) DEFAULT '' NOT NULL, "encrypted_password" varchar(255) DEFAULT '' NOT NULL, "reset_password_token" varchar(255), "reset_password_sent_at" datetime, "remember_created_at" datetime, "sign_in_count" integer DEFAULT 0 NOT NULL, "current_sign_in_at" datetime, "last_sign_in_at" datetime, "current_sign_in_ip" varchar(255), "last_sign_in_ip" varchar(255), "created_at" datetime, "updated_at" datetime, "role" varchar(255), "name" varchar(255)) [0m
  [1m[35m (0.8ms)[0m  CREATE UNIQUE INDEX "index_users_on_email" ON "users" ("email")
  [1m[36m (0.6ms)[0m  [1mCREATE UNIQUE INDEX "index_users_on_reset_password_token" ON "users" ("reset_password_token")[0m
  [1m[35m (0.7ms)[0m  CREATE TABLE "schema_migrations" ("version" varchar(255) NOT NULL) 
  [1m[36m (0.9ms)[0m  [1mCREATE UNIQUE INDEX "unique_schema_migrations" ON "schema_migrations" ("version")[0m
  [1m[35m (0.1ms)[0m  SELECT version FROM "schema_migrations"
  [1m[36m (0.7ms)[0m  [1mINSERT INTO "schema_migrations" (version) VALUES ('20140218055353')[0m
  [1m[35m (0.6ms)[0m  INSERT INTO "schema_migrations" (version) VALUES ('20140211062520')
  [1m[36m (0.8ms)[0m  [1mINSERT INTO "schema_migrations" (version) VALUES ('20140211070234')[0m
  [1m[35m (0.7ms)[0m  INSERT INTO "schema_migrations" (version) VALUES ('20140211071831')
  [1m[36m (0.7ms)[0m  [1mINSERT INTO "schema_migrations" (version) VALUES ('20140211072311')[0m
  [1m[35m (0.7ms)[0m  INSERT INTO "schema_migrations" (version) VALUES ('20140211072456')
  [1m[36m (0.7ms)[0m  [1mINSERT INTO "schema_migrations" (version) VALUES ('20140211074844')[0m
  [1m[35m (0.7ms)[0m  INSERT INTO "schema_migrations" (version) VALUES ('20140211074918')
  [1m[36m (0.6ms)[0m  [1mINSERT INTO "schema_migrations" (version) VALUES ('20140211075954')[0m
  [1m[35m (0.7ms)[0m  INSERT INTO "schema_migrations" (version) VALUES ('20140211083329')
  [1m[36m (0.7ms)[0m  [1mINSERT INTO "schema_migrations" (version) VALUES ('20140212094058')[0m
  [1m[35m (0.7ms)[0m  INSERT INTO "schema_migrations" (version) VALUES ('20140213043514')
  [1m[36m (0.8ms)[0m  [1mINSERT INTO "schema_migrations" (version) VALUES ('20140213071013')[0m
  [1m[35m (0.8ms)[0m  INSERT INTO "schema_migrations" (version) VALUES ('20140213071757')
  [1m[36m (0.7ms)[0m  [1mINSERT INTO "schema_migrations" (version) VALUES ('20140213072209')[0m
  [1m[35mActiveRecord::SchemaMigration Load (0.1ms)[0m  SELECT "schema_migrations".* FROM "schema_migrations"
  [1m[36mActiveRecord::SchemaMigration Load (0.1ms)[0m  [1mSELECT "schema_migrations".* FROM "schema_migrations"[0m
Unable to load comment, underlying cause No such file to load -- comment 

 /Users/apple/.rvm/gems/ruby-2.1.0/gems/activesupport-4.0.2/lib/active_support/dependencies.rb:229:in `require'
/Users/apple/.rvm/gems/ruby-2.1.0/gems/activesupport-4.0.2/lib/active_support/dependencies.rb:229:in `block in require'
/Users/apple/.rvm/gems/ruby-2.1.0/gems/activesupport-4.0.2/lib/active_support/dependencies.rb:214:in `load_dependency'
/Users/apple/.rvm/gems/ruby-2.1.0/gems/activesupport-4.0.2/lib/active_support/dependencies.rb:229:in `require'
/Users/apple/.rvm/gems/ruby-2.1.0/gems/activesupport-4.0.2/lib/active_support/dependencies.rb:330:in `require_or_load'
/Users/apple/.rvm/gems/ruby-2.1.0/gems/activesupport-4.0.2/lib/active_support/dependencies.rb:289:in `depend_on'
/Users/apple/.rvm/gems/ruby-2.1.0/gems/activesupport-4.0.2/lib/active_support/dependencies.rb:207:in `require_dependency'
/Users/apple/.rvm/gems/ruby-2.1.0/gems/activerecord-4.0.2/lib/active_record/fixtures.rb:773:in `try_to_load_dependency'
/Users/apple/.rvm/gems/ruby-2.1.0/gems/activerecord-4.0.2/lib/active_record/fixtures.rb:792:in `block in require_fixture_classes'
/Users/apple/.rvm/gems/ruby-2.1.0/gems/activerecord-4.0.2/lib/active_record/fixtures.rb:790:in `each'
/Users/apple/.rvm/gems/ruby-2.1.0/gems/activerecord-4.0.2/lib/active_record/fixtures.rb:790:in `require_fixture_classes'
/Users/apple/.rvm/gems/ruby-2.1.0/gems/activerecord-4.0.2/lib/active_record/fixtures.rb:768:in `fixtures'
/Users/apple/projects/TempIoIo/test/test_helper.rb:12:in `<class:TestCase>'
/Users/apple/projects/TempIoIo/test/test_helper.rb:5:in `<top (required)>'
/Users/apple/.rvm/gems/ruby-2.1.0/gems/activesupport-4.0.2/lib/active_support/dependencies.rb:229:in `require'
/Users/apple/.rvm/gems/ruby-2.1.0/gems/activesupport-4.0.2/lib/active_support/dependencies.rb:229:in `block in require'
/Users/apple/.rvm/gems/ruby-2.1.0/gems/activesupport-4.0.2/lib/active_support/dependencies.rb:214:in `load_dependency'
/Users/apple/.rvm/gems/ruby-2.1.0/gems/activesupport-4.0.2/lib/active_support/dependencies.rb:229:in `require'
/Users/apple/projects/TempIoIo/test/helpers/first_page_helper_test.rb:1:in `<top (required)>'
/Users/apple/.rvm/gems/ruby-2.1.0/gems/activesupport-4.0.2/lib/active_support/dependencies.rb:229:in `require'
/Users/apple/.rvm/gems/ruby-2.1.0/gems/activesupport-4.0.2/lib/active_support/dependencies.rb:229:in `block in require'
/Users/apple/.rvm/gems/ruby-2.1.0/gems/activesupport-4.0.2/lib/active_support/dependencies.rb:214:in `load_dependency'
/Users/apple/.rvm/gems/ruby-2.1.0/gems/activesupport-4.0.2/lib/active_support/dependencies.rb:229:in `require'
/Users/apple/.rvm/gems/ruby-2.1.0/gems/railties-4.0.2/lib/rails/test_unit/sub_test_task.rb:73:in `block (3 levels) in define'
/Users/apple/.rvm/gems/ruby-2.1.0/gems/railties-4.0.2/lib/rails/test_unit/sub_test_task.rb:73:in `each'
/Users/apple/.rvm/gems/ruby-2.1.0/gems/railties-4.0.2/lib/rails/test_unit/sub_test_task.rb:73:in `block (2 levels) in define'
/Users/apple/.rvm/gems/ruby-2.1.0/gems/railties-4.0.2/lib/rails/test_unit/sub_test_task.rb:72:in `each'
/Users/apple/.rvm/gems/ruby-2.1.0/gems/railties-4.0.2/lib/rails/test_unit/sub_test_task.rb:72:in `block in define'
/Users/apple/.rvm/gems/ruby-2.1.0/gems/rake-10.1.1/lib/rake/task.rb:236:in `call'
/Users/apple/.rvm/gems/ruby-2.1.0/gems/rake-10.1.1/lib/rake/task.rb:236:in `block in execute'
/Users/apple/.rvm/gems/ruby-2.1.0/gems/rake-10.1.1/lib/rake/task.rb:231:in `each'
/Users/apple/.rvm/gems/ruby-2.1.0/gems/rake-10.1.1/lib/rake/task.rb:231:in `execute'
/Users/apple/.rvm/gems/ruby-2.1.0/gems/rake-10.1.1/lib/rake/task.rb:175:in `block in invoke_with_call_chain'
/Users/apple/.rvm/rubies/ruby-2.1.0/lib/ruby/2.1.0/monitor.rb:211:in `mon_synchronize'
/Users/apple/.rvm/gems/ruby-2.1.0/gems/rake-10.1.1/lib/rake/task.rb:168:in `invoke_with_call_chain'
/Users/apple/.rvm/gems/ruby-2.1.0/gems/rake-10.1.1/lib/rake/task.rb:197:in `block in invoke_prerequisites'
/Users/apple/.rvm/gems/ruby-2.1.0/gems/rake-10.1.1/lib/rake/task.rb:195:in `each'
/Users/apple/.rvm/gems/ruby-2.1.0/gems/rake-10.1.1/lib/rake/task.rb:195:in `invoke_prerequisites'
/Users/apple/.rvm/gems/ruby-2.1.0/gems/rake-10.1.1/lib/rake/task.rb:174:in `block in invoke_with_call_chain'
/Users/apple/.rvm/rubies/ruby-2.1.0/lib/ruby/2.1.0/monitor.rb:211:in `mon_synchronize'
/Users/apple/.rvm/gems/ruby-2.1.0/gems/rake-10.1.1/lib/rake/task.rb:168:in `invoke_with_call_chain'
/Users/apple/.rvm/gems/ruby-2.1.0/gems/rake-10.1.1/lib/rake/task.rb:161:in `invoke'
/Users/apple/.rvm/gems/ruby-2.1.0/gems/railties-4.0.2/lib/rails/test_unit/testing.rake:61:in `block in <top (required)>'
/Users/apple/.rvm/gems/ruby-2.1.0/gems/rake-10.1.1/lib/rake/task.rb:236:in `call'
/Users/apple/.rvm/gems/ruby-2.1.0/gems/rake-10.1.1/lib/rake/task.rb:236:in `block in execute'
/Users/apple/.rvm/gems/ruby-2.1.0/gems/rake-10.1.1/lib/rake/task.rb:231:in `each'
/Users/apple/.rvm/gems/ruby-2.1.0/gems/rake-10.1.1/lib/rake/task.rb:231:in `execute'
/Users/apple/.rvm/gems/ruby-2.1.0/gems/rake-10.1.1/lib/rake/task.rb:175:in `block in invoke_with_call_chain'
/Users/apple/.rvm/rubies/ruby-2.1.0/lib/ruby/2.1.0/monitor.rb:211:in `mon_synchronize'
/Users/apple/.rvm/gems/ruby-2.1.0/gems/rake-10.1.1/lib/rake/task.rb:168:in `invoke_with_call_chain'
/Users/apple/.rvm/gems/ruby-2.1.0/gems/rake-10.1.1/lib/rake/task.rb:197:in `block in invoke_prerequisites'
/Users/apple/.rvm/gems/ruby-2.1.0/gems/rake-10.1.1/lib/rake/task.rb:195:in `each'
/Users/apple/.rvm/gems/ruby-2.1.0/gems/rake-10.1.1/lib/rake/task.rb:195:in `invoke_prerequisites'
/Users/apple/.rvm/gems/ruby-2.1.0/gems/rake-10.1.1/lib/rake/task.rb:174:in `block in invoke_with_call_chain'
/Users/apple/.rvm/rubies/ruby-2.1.0/lib/ruby/2.1.0/monitor.rb:211:in `mon_synchronize'
/Users/apple/.rvm/gems/ruby-2.1.0/gems/rake-10.1.1/lib/rake/task.rb:168:in `invoke_with_call_chain'
/Users/apple/.rvm/gems/ruby-2.1.0/gems/rake-10.1.1/lib/rake/task.rb:161:in `invoke'
/Users/apple/.rvm/gems/ruby-2.1.0/gems/rake-10.1.1/lib/rake/application.rb:149:in `invoke_task'
/Users/apple/.rvm/gems/ruby-2.1.0/gems/rake-10.1.1/lib/rake/application.rb:106:in `block (2 levels) in top_level'
/Users/apple/.rvm/gems/ruby-2.1.0/gems/rake-10.1.1/lib/rake/application.rb:106:in `each'
/Users/apple/.rvm/gems/ruby-2.1.0/gems/rake-10.1.1/lib/rake/application.rb:106:in `block in top_level'
/Users/apple/.rvm/gems/ruby-2.1.0/gems/rake-10.1.1/lib/rake/application.rb:115:in `run_with_threads'
/Users/apple/.rvm/gems/ruby-2.1.0/gems/rake-10.1.1/lib/rake/application.rb:100:in `top_level'
/Users/apple/.rvm/gems/ruby-2.1.0/gems/rake-10.1.1/lib/rake/application.rb:78:in `block in run'
/Users/apple/.rvm/gems/ruby-2.1.0/gems/rake-10.1.1/lib/rake/application.rb:165:in `standard_exception_handling'
/Users/apple/.rvm/gems/ruby-2.1.0/gems/rake-10.1.1/lib/rake/application.rb:75:in `run'
/Users/apple/.rvm/gems/ruby-2.1.0/gems/rake-10.1.1/bin/rake:33:in `<top (required)>'
/Users/apple/.rvm/gems/ruby-2.1.0/bin/rake:23:in `load'
/Users/apple/.rvm/gems/ruby-2.1.0/bin/rake:23:in `<main>'
/Users/apple/.rvm/gems/ruby-2.1.0/bin/ruby_executable_hooks:15:in `eval'
/Users/apple/.rvm/gems/ruby-2.1.0/bin/ruby_executable_hooks:15:in `<main>'
Unable to load usertalk, underlying cause No such file to load -- usertalk 

 /Users/apple/.rvm/gems/ruby-2.1.0/gems/activesupport-4.0.2/lib/active_support/dependencies.rb:229:in `require'
/Users/apple/.rvm/gems/ruby-2.1.0/gems/activesupport-4.0.2/lib/active_support/dependencies.rb:229:in `block in require'
/Users/apple/.rvm/gems/ruby-2.1.0/gems/activesupport-4.0.2/lib/active_support/dependencies.rb:214:in `load_dependency'
/Users/apple/.rvm/gems/ruby-2.1.0/gems/activesupport-4.0.2/lib/active_support/dependencies.rb:229:in `require'
/Users/apple/.rvm/gems/ruby-2.1.0/gems/activesupport-4.0.2/lib/active_support/dependencies.rb:330:in `require_or_load'
/Users/apple/.rvm/gems/ruby-2.1.0/gems/activesupport-4.0.2/lib/active_support/dependencies.rb:289:in `depend_on'
/Users/apple/.rvm/gems/ruby-2.1.0/gems/activesupport-4.0.2/lib/active_support/dependencies.rb:207:in `require_dependency'
/Users/apple/.rvm/gems/ruby-2.1.0/gems/activerecord-4.0.2/lib/active_record/fixtures.rb:773:in `try_to_load_dependency'
/Users/apple/.rvm/gems/ruby-2.1.0/gems/activerecord-4.0.2/lib/active_record/fixtures.rb:792:in `block in require_fixture_classes'
/Users/apple/.rvm/gems/ruby-2.1.0/gems/activerecord-4.0.2/lib/active_record/fixtures.rb:790:in `each'
/Users/apple/.rvm/gems/ruby-2.1.0/gems/activerecord-4.0.2/lib/active_record/fixtures.rb:790:in `require_fixture_classes'
/Users/apple/.rvm/gems/ruby-2.1.0/gems/activerecord-4.0.2/lib/active_record/fixtures.rb:768:in `fixtures'
/Users/apple/projects/TempIoIo/test/test_helper.rb:12:in `<class:TestCase>'
/Users/apple/projects/TempIoIo/test/test_helper.rb:5:in `<top (required)>'
/Users/apple/.rvm/gems/ruby-2.1.0/gems/activesupport-4.0.2/lib/active_support/dependencies.rb:229:in `require'
/Users/apple/.rvm/gems/ruby-2.1.0/gems/activesupport-4.0.2/lib/active_support/dependencies.rb:229:in `block in require'
/Users/apple/.rvm/gems/ruby-2.1.0/gems/activesupport-4.0.2/lib/active_support/dependencies.rb:214:in `load_dependency'
/Users/apple/.rvm/gems/ruby-2.1.0/gems/activesupport-4.0.2/lib/active_support/dependencies.rb:229:in `require'
/Users/apple/projects/TempIoIo/test/helpers/first_page_helper_test.rb:1:in `<top (required)>'
/Users/apple/.rvm/gems/ruby-2.1.0/gems/activesupport-4.0.2/lib/active_support/dependencies.rb:229:in `require'
/Users/apple/.rvm/gems/ruby-2.1.0/gems/activesupport-4.0.2/lib/active_support/dependencies.rb:229:in `block in require'
/Users/apple/.rvm/gems/ruby-2.1.0/gems/activesupport-4.0.2/lib/active_support/dependencies.rb:214:in `load_dependency'
/Users/apple/.rvm/gems/ruby-2.1.0/gems/activesupport-4.0.2/lib/active_support/dependencies.rb:229:in `require'
/Users/apple/.rvm/gems/ruby-2.1.0/gems/railties-4.0.2/lib/rails/test_unit/sub_test_task.rb:73:in `block (3 levels) in define'
/Users/apple/.rvm/gems/ruby-2.1.0/gems/railties-4.0.2/lib/rails/test_unit/sub_test_task.rb:73:in `each'
/Users/apple/.rvm/gems/ruby-2.1.0/gems/railties-4.0.2/lib/rails/test_unit/sub_test_task.rb:73:in `block (2 levels) in define'
/Users/apple/.rvm/gems/ruby-2.1.0/gems/railties-4.0.2/lib/rails/test_unit/sub_test_task.rb:72:in `each'
/Users/apple/.rvm/gems/ruby-2.1.0/gems/railties-4.0.2/lib/rails/test_unit/sub_test_task.rb:72:in `block in define'
/Users/apple/.rvm/gems/ruby-2.1.0/gems/rake-10.1.1/lib/rake/task.rb:236:in `call'
/Users/apple/.rvm/gems/ruby-2.1.0/gems/rake-10.1.1/lib/rake/task.rb:236:in `block in execute'
/Users/apple/.rvm/gems/ruby-2.1.0/gems/rake-10.1.1/lib/rake/task.rb:231:in `each'
/Users/apple/.rvm/gems/ruby-2.1.0/gems/rake-10.1.1/lib/rake/task.rb:231:in `execute'
/Users/apple/.rvm/gems/ruby-2.1.0/gems/rake-10.1.1/lib/rake/task.rb:175:in `block in invoke_with_call_chain'
/Users/apple/.rvm/rubies/ruby-2.1.0/lib/ruby/2.1.0/monitor.rb:211:in `mon_synchronize'
/Users/apple/.rvm/gems/ruby-2.1.0/gems/rake-10.1.1/lib/rake/task.rb:168:in `invoke_with_call_chain'
/Users/apple/.rvm/gems/ruby-2.1.0/gems/rake-10.1.1/lib/rake/task.rb:197:in `block in invoke_prerequisites'
/Users/apple/.rvm/gems/ruby-2.1.0/gems/rake-10.1.1/lib/rake/task.rb:195:in `each'
/Users/apple/.rvm/gems/ruby-2.1.0/gems/rake-10.1.1/lib/rake/task.rb:195:in `invoke_prerequisites'
/Users/apple/.rvm/gems/ruby-2.1.0/gems/rake-10.1.1/lib/rake/task.rb:174:in `block in invoke_with_call_chain'
/Users/apple/.rvm/rubies/ruby-2.1.0/lib/ruby/2.1.0/monitor.rb:211:in `mon_synchronize'
/Users/apple/.rvm/gems/ruby-2.1.0/gems/rake-10.1.1/lib/rake/task.rb:168:in `invoke_with_call_chain'
/Users/apple/.rvm/gems/ruby-2.1.0/gems/rake-10.1.1/lib/rake/task.rb:161:in `invoke'
/Users/apple/.rvm/gems/ruby-2.1.0/gems/railties-4.0.2/lib/rails/test_unit/testing.rake:61:in `block in <top (required)>'
/Users/apple/.rvm/gems/ruby-2.1.0/gems/rake-10.1.1/lib/rake/task.rb:236:in `call'
/Users/apple/.rvm/gems/ruby-2.1.0/gems/rake-10.1.1/lib/rake/task.rb:236:in `block in execute'
/Users/apple/.rvm/gems/ruby-2.1.0/gems/rake-10.1.1/lib/rake/task.rb:231:in `each'
/Users/apple/.rvm/gems/ruby-2.1.0/gems/rake-10.1.1/lib/rake/task.rb:231:in `execute'
/Users/apple/.rvm/gems/ruby-2.1.0/gems/rake-10.1.1/lib/rake/task.rb:175:in `block in invoke_with_call_chain'
/Users/apple/.rvm/rubies/ruby-2.1.0/lib/ruby/2.1.0/monitor.rb:211:in `mon_synchronize'
/Users/apple/.rvm/gems/ruby-2.1.0/gems/rake-10.1.1/lib/rake/task.rb:168:in `invoke_with_call_chain'
/Users/apple/.rvm/gems/ruby-2.1.0/gems/rake-10.1.1/lib/rake/task.rb:197:in `block in invoke_prerequisites'
/Users/apple/.rvm/gems/ruby-2.1.0/gems/rake-10.1.1/lib/rake/task.rb:195:in `each'
/Users/apple/.rvm/gems/ruby-2.1.0/gems/rake-10.1.1/lib/rake/task.rb:195:in `invoke_prerequisites'
/Users/apple/.rvm/gems/ruby-2.1.0/gems/rake-10.1.1/lib/rake/task.rb:174:in `block in invoke_with_call_chain'
/Users/apple/.rvm/rubies/ruby-2.1.0/lib/ruby/2.1.0/monitor.rb:211:in `mon_synchronize'
/Users/apple/.rvm/gems/ruby-2.1.0/gems/rake-10.1.1/lib/rake/task.rb:168:in `invoke_with_call_chain'
/Users/apple/.rvm/gems/ruby-2.1.0/gems/rake-10.1.1/lib/rake/task.rb:161:in `invoke'
/Users/apple/.rvm/gems/ruby-2.1.0/gems/rake-10.1.1/lib/rake/application.rb:149:in `invoke_task'
/Users/apple/.rvm/gems/ruby-2.1.0/gems/rake-10.1.1/lib/rake/application.rb:106:in `block (2 levels) in top_level'
/Users/apple/.rvm/gems/ruby-2.1.0/gems/rake-10.1.1/lib/rake/application.rb:106:in `each'
/Users/apple/.rvm/gems/ruby-2.1.0/gems/rake-10.1.1/lib/rake/application.rb:106:in `block in top_level'
/Users/apple/.rvm/gems/ruby-2.1.0/gems/rake-10.1.1/lib/rake/application.rb:115:in `run_with_threads'
/Users/apple/.rvm/gems/ruby-2.1.0/gems/rake-10.1.1/lib/rake/application.rb:100:in `top_level'
/Users/apple/.rvm/gems/ruby-2.1.0/gems/rake-10.1.1/lib/rake/application.rb:78:in `block in run'
/Users/apple/.rvm/gems/ruby-2.1.0/gems/rake-10.1.1/lib/rake/application.rb:165:in `standard_exception_handling'
/Users/apple/.rvm/gems/ruby-2.1.0/gems/rake-10.1.1/lib/rake/application.rb:75:in `run'
/Users/apple/.rvm/gems/ruby-2.1.0/gems/rake-10.1.1/bin/rake:33:in `<top (required)>'
/Users/apple/.rvm/gems/ruby-2.1.0/bin/rake:23:in `load'
/Users/apple/.rvm/gems/ruby-2.1.0/bin/rake:23:in `<main>'
/Users/apple/.rvm/gems/ruby-2.1.0/bin/ruby_executable_hooks:15:in `eval'
/Users/apple/.rvm/gems/ruby-2.1.0/bin/ruby_executable_hooks:15:in `<main>'
  [1m[35m (0.1ms)[0m  begin transaction
  [1m[36mFixture Delete (0.2ms)[0m  [1mDELETE FROM "acadamic_histories"[0m
  [1m[35mFixture Insert (0.1ms)[0m  INSERT INTO "acadamic_histories" ("user_id", "school", "department", "year", "degree", "nation", "created_at", "updated_at", "id") VALUES (1, 'MyString', 'MyString', 'MyString', 'MyString', 'MyString', '2014-02-18 09:07:24', '2014-02-18 09:07:24', 980190962)
  [1m[36mFixture Insert (0.1ms)[0m  [1mINSERT INTO "acadamic_histories" ("user_id", "school", "department", "year", "degree", "nation", "created_at", "updated_at", "id") VALUES (1, 'MyString', 'MyString', 'MyString', 'MyString', 'MyString', '2014-02-18 09:07:24', '2014-02-18 09:07:24', 298486374)[0m
  [1m[35mFixture Delete (0.0ms)[0m  DELETE FROM "comments"
  [1m[36mFixture Insert (0.1ms)[0m  [1mINSERT INTO "comments" () VALUES ()[0m
SQLite3::SQLException: near ")": syntax error: INSERT INTO "comments" () VALUES ()
  [1m[35m (0.5ms)[0m  rollback transaction
  [1m[36m (1.6ms)[0m  [1mCREATE TABLE "acadamic_histories" ("id" INTEGER PRIMARY KEY AUTOINCREMENT NOT NULL, "user_id" integer, "school" varchar(255), "department" varchar(255), "year" varchar(255), "degree" varchar(255), "nation" varchar(255), "created_at" datetime, "updated_at" datetime) [0m
  [1m[35m (0.8ms)[0m  CREATE TABLE "comments" ("id" INTEGER PRIMARY KEY AUTOINCREMENT NOT NULL) 
  [1m[36m (0.7ms)[0m  [1mCREATE TABLE "process_lists" ("id" INTEGER PRIMARY KEY AUTOINCREMENT NOT NULL, "title" varchar(255), "process_type" varchar(255), "sequence" integer, "created_at" datetime, "updated_at" datetime) [0m
  [1m[35m (0.6ms)[0m  CREATE TABLE "speaker_profiles" ("id" INTEGER PRIMARY KEY AUTOINCREMENT NOT NULL, "user_id" integer, "bio" text, "photo" varchar(255), "created_at" datetime, "updated_at" datetime, "eng_name" varchar(255), "chi_name" varchar(255)) 
  [1m[36m (0.8ms)[0m  [1mCREATE TABLE "talk_process_lists" ("id" INTEGER PRIMARY KEY AUTOINCREMENT NOT NULL, "talk_id" integer, "process_id" integer, "created_at" datetime, "updated_at" datetime) [0m
  [1m[35m (0.7ms)[0m  CREATE TABLE "talks" ("id" INTEGER PRIMARY KEY AUTOINCREMENT NOT NULL, "title" varchar(255), "intro" text, "bg" varchar(255), "poster" varchar(255), "slide1" varchar(255), "slide2" varchar(255), "slide3" varchar(255), "videourl1" varchar(255), "videourl2" varchar(255), "videourl3" varchar(255), "videocomment1" text, "videocomment2" text, "videocomment3" text, "feedback1" varchar(255), "feedback2" varchar(255), "feedback3" varchar(255), "signup" datetime, "created_at" datetime, "updated_at" datetime, "photography_file_name" varchar(255), "photography_content_type" varchar(255), "photography_file_size" integer, "photography_updated_at" datetime, "speaker_profile_id" integer) 
  [1m[36m (0.7ms)[0m  [1mCREATE TABLE "user_talks" ("id" INTEGER PRIMARY KEY AUTOINCREMENT NOT NULL, "created_at" datetime, "updated_at" datetime, "user_id" integer, "talk_id" integer) [0m
  [1m[35m (0.7ms)[0m  CREATE TABLE "usercomments" ("id" INTEGER PRIMARY KEY AUTOINCREMENT NOT NULL, "user_id" integer, "comment_id" integer, "created_at" datetime, "updated_at" datetime) 
  [1m[36m (0.8ms)[0m  [1mCREATE TABLE "users" ("id" INTEGER PRIMARY KEY AUTOINCREMENT NOT NULL, "email" varchar(255) DEFAULT '' NOT NULL, "encrypted_password" varchar(255) DEFAULT '' NOT NULL, "reset_password_token" varchar(255), "reset_password_sent_at" datetime, "remember_created_at" datetime, "sign_in_count" integer DEFAULT 0 NOT NULL, "current_sign_in_at" datetime, "last_sign_in_at" datetime, "current_sign_in_ip" varchar(255), "last_sign_in_ip" varchar(255), "created_at" datetime, "updated_at" datetime, "role" varchar(255), "name" varchar(255)) [0m
  [1m[35m (0.7ms)[0m  CREATE UNIQUE INDEX "index_users_on_email" ON "users" ("email")
  [1m[36m (0.7ms)[0m  [1mCREATE UNIQUE INDEX "index_users_on_reset_password_token" ON "users" ("reset_password_token")[0m
  [1m[35m (0.7ms)[0m  CREATE TABLE "schema_migrations" ("version" varchar(255) NOT NULL) 
  [1m[36m (0.7ms)[0m  [1mCREATE UNIQUE INDEX "unique_schema_migrations" ON "schema_migrations" ("version")[0m
  [1m[35m (0.1ms)[0m  SELECT version FROM "schema_migrations"
  [1m[36m (0.7ms)[0m  [1mINSERT INTO "schema_migrations" (version) VALUES ('20140218055353')[0m
  [1m[35m (0.7ms)[0m  INSERT INTO "schema_migrations" (version) VALUES ('20140211062520')
  [1m[36m (0.7ms)[0m  [1mINSERT INTO "schema_migrations" (version) VALUES ('20140211070234')[0m
  [1m[35m (0.7ms)[0m  INSERT INTO "schema_migrations" (version) VALUES ('20140211071831')
  [1m[36m (0.7ms)[0m  [1mINSERT INTO "schema_migrations" (version) VALUES ('20140211072311')[0m
  [1m[35m (0.6ms)[0m  INSERT INTO "schema_migrations" (version) VALUES ('20140211072456')
  [1m[36m (0.7ms)[0m  [1mINSERT INTO "schema_migrations" (version) VALUES ('20140211074844')[0m
  [1m[35m (0.7ms)[0m  INSERT INTO "schema_migrations" (version) VALUES ('20140211074918')
  [1m[36m (0.8ms)[0m  [1mINSERT INTO "schema_migrations" (version) VALUES ('20140211075954')[0m
  [1m[35m (0.7ms)[0m  INSERT INTO "schema_migrations" (version) VALUES ('20140211083329')
  [1m[36m (0.7ms)[0m  [1mINSERT INTO "schema_migrations" (version) VALUES ('20140212094058')[0m
  [1m[35m (0.8ms)[0m  INSERT INTO "schema_migrations" (version) VALUES ('20140213043514')
  [1m[36m (0.7ms)[0m  [1mINSERT INTO "schema_migrations" (version) VALUES ('20140213071013')[0m
  [1m[35m (0.6ms)[0m  INSERT INTO "schema_migrations" (version) VALUES ('20140213071757')
  [1m[36m (0.6ms)[0m  [1mINSERT INTO "schema_migrations" (version) VALUES ('20140213072209')[0m
  [1m[35mActiveRecord::SchemaMigration Load (0.2ms)[0m  SELECT "schema_migrations".* FROM "schema_migrations"
  [1m[36mActiveRecord::SchemaMigration Load (0.1ms)[0m  [1mSELECT "schema_migrations".* FROM "schema_migrations"[0m
Unable to load comment, underlying cause No such file to load -- comment 

 /Users/apple/.rvm/gems/ruby-2.1.0/gems/activesupport-4.0.2/lib/active_support/dependencies.rb:229:in `require'
/Users/apple/.rvm/gems/ruby-2.1.0/gems/activesupport-4.0.2/lib/active_support/dependencies.rb:229:in `block in require'
/Users/apple/.rvm/gems/ruby-2.1.0/gems/activesupport-4.0.2/lib/active_support/dependencies.rb:214:in `load_dependency'
/Users/apple/.rvm/gems/ruby-2.1.0/gems/activesupport-4.0.2/lib/active_support/dependencies.rb:229:in `require'
/Users/apple/.rvm/gems/ruby-2.1.0/gems/activesupport-4.0.2/lib/active_support/dependencies.rb:330:in `require_or_load'
/Users/apple/.rvm/gems/ruby-2.1.0/gems/activesupport-4.0.2/lib/active_support/dependencies.rb:289:in `depend_on'
/Users/apple/.rvm/gems/ruby-2.1.0/gems/activesupport-4.0.2/lib/active_support/dependencies.rb:207:in `require_dependency'
/Users/apple/.rvm/gems/ruby-2.1.0/gems/activerecord-4.0.2/lib/active_record/fixtures.rb:773:in `try_to_load_dependency'
/Users/apple/.rvm/gems/ruby-2.1.0/gems/activerecord-4.0.2/lib/active_record/fixtures.rb:792:in `block in require_fixture_classes'
/Users/apple/.rvm/gems/ruby-2.1.0/gems/activerecord-4.0.2/lib/active_record/fixtures.rb:790:in `each'
/Users/apple/.rvm/gems/ruby-2.1.0/gems/activerecord-4.0.2/lib/active_record/fixtures.rb:790:in `require_fixture_classes'
/Users/apple/.rvm/gems/ruby-2.1.0/gems/activerecord-4.0.2/lib/active_record/fixtures.rb:768:in `fixtures'
/Users/apple/projects/TempIoIo/test/test_helper.rb:12:in `<class:TestCase>'
/Users/apple/projects/TempIoIo/test/test_helper.rb:5:in `<top (required)>'
/Users/apple/.rvm/gems/ruby-2.1.0/gems/activesupport-4.0.2/lib/active_support/dependencies.rb:229:in `require'
/Users/apple/.rvm/gems/ruby-2.1.0/gems/activesupport-4.0.2/lib/active_support/dependencies.rb:229:in `block in require'
/Users/apple/.rvm/gems/ruby-2.1.0/gems/activesupport-4.0.2/lib/active_support/dependencies.rb:214:in `load_dependency'
/Users/apple/.rvm/gems/ruby-2.1.0/gems/activesupport-4.0.2/lib/active_support/dependencies.rb:229:in `require'
/Users/apple/projects/TempIoIo/test/helpers/first_page_helper_test.rb:1:in `<top (required)>'
/Users/apple/.rvm/gems/ruby-2.1.0/gems/activesupport-4.0.2/lib/active_support/dependencies.rb:229:in `require'
/Users/apple/.rvm/gems/ruby-2.1.0/gems/activesupport-4.0.2/lib/active_support/dependencies.rb:229:in `block in require'
/Users/apple/.rvm/gems/ruby-2.1.0/gems/activesupport-4.0.2/lib/active_support/dependencies.rb:214:in `load_dependency'
/Users/apple/.rvm/gems/ruby-2.1.0/gems/activesupport-4.0.2/lib/active_support/dependencies.rb:229:in `require'
/Users/apple/.rvm/gems/ruby-2.1.0/gems/railties-4.0.2/lib/rails/test_unit/sub_test_task.rb:73:in `block (3 levels) in define'
/Users/apple/.rvm/gems/ruby-2.1.0/gems/railties-4.0.2/lib/rails/test_unit/sub_test_task.rb:73:in `each'
/Users/apple/.rvm/gems/ruby-2.1.0/gems/railties-4.0.2/lib/rails/test_unit/sub_test_task.rb:73:in `block (2 levels) in define'
/Users/apple/.rvm/gems/ruby-2.1.0/gems/railties-4.0.2/lib/rails/test_unit/sub_test_task.rb:72:in `each'
/Users/apple/.rvm/gems/ruby-2.1.0/gems/railties-4.0.2/lib/rails/test_unit/sub_test_task.rb:72:in `block in define'
/Users/apple/.rvm/gems/ruby-2.1.0/gems/rake-10.1.1/lib/rake/task.rb:236:in `call'
/Users/apple/.rvm/gems/ruby-2.1.0/gems/rake-10.1.1/lib/rake/task.rb:236:in `block in execute'
/Users/apple/.rvm/gems/ruby-2.1.0/gems/rake-10.1.1/lib/rake/task.rb:231:in `each'
/Users/apple/.rvm/gems/ruby-2.1.0/gems/rake-10.1.1/lib/rake/task.rb:231:in `execute'
/Users/apple/.rvm/gems/ruby-2.1.0/gems/rake-10.1.1/lib/rake/task.rb:175:in `block in invoke_with_call_chain'
/Users/apple/.rvm/rubies/ruby-2.1.0/lib/ruby/2.1.0/monitor.rb:211:in `mon_synchronize'
/Users/apple/.rvm/gems/ruby-2.1.0/gems/rake-10.1.1/lib/rake/task.rb:168:in `invoke_with_call_chain'
/Users/apple/.rvm/gems/ruby-2.1.0/gems/rake-10.1.1/lib/rake/task.rb:197:in `block in invoke_prerequisites'
/Users/apple/.rvm/gems/ruby-2.1.0/gems/rake-10.1.1/lib/rake/task.rb:195:in `each'
/Users/apple/.rvm/gems/ruby-2.1.0/gems/rake-10.1.1/lib/rake/task.rb:195:in `invoke_prerequisites'
/Users/apple/.rvm/gems/ruby-2.1.0/gems/rake-10.1.1/lib/rake/task.rb:174:in `block in invoke_with_call_chain'
/Users/apple/.rvm/rubies/ruby-2.1.0/lib/ruby/2.1.0/monitor.rb:211:in `mon_synchronize'
/Users/apple/.rvm/gems/ruby-2.1.0/gems/rake-10.1.1/lib/rake/task.rb:168:in `invoke_with_call_chain'
/Users/apple/.rvm/gems/ruby-2.1.0/gems/rake-10.1.1/lib/rake/task.rb:161:in `invoke'
/Users/apple/.rvm/gems/ruby-2.1.0/gems/railties-4.0.2/lib/rails/test_unit/testing.rake:61:in `block in <top (required)>'
/Users/apple/.rvm/gems/ruby-2.1.0/gems/rake-10.1.1/lib/rake/task.rb:236:in `call'
/Users/apple/.rvm/gems/ruby-2.1.0/gems/rake-10.1.1/lib/rake/task.rb:236:in `block in execute'
/Users/apple/.rvm/gems/ruby-2.1.0/gems/rake-10.1.1/lib/rake/task.rb:231:in `each'
/Users/apple/.rvm/gems/ruby-2.1.0/gems/rake-10.1.1/lib/rake/task.rb:231:in `execute'
/Users/apple/.rvm/gems/ruby-2.1.0/gems/rake-10.1.1/lib/rake/task.rb:175:in `block in invoke_with_call_chain'
/Users/apple/.rvm/rubies/ruby-2.1.0/lib/ruby/2.1.0/monitor.rb:211:in `mon_synchronize'
/Users/apple/.rvm/gems/ruby-2.1.0/gems/rake-10.1.1/lib/rake/task.rb:168:in `invoke_with_call_chain'
/Users/apple/.rvm/gems/ruby-2.1.0/gems/rake-10.1.1/lib/rake/task.rb:197:in `block in invoke_prerequisites'
/Users/apple/.rvm/gems/ruby-2.1.0/gems/rake-10.1.1/lib/rake/task.rb:195:in `each'
/Users/apple/.rvm/gems/ruby-2.1.0/gems/rake-10.1.1/lib/rake/task.rb:195:in `invoke_prerequisites'
/Users/apple/.rvm/gems/ruby-2.1.0/gems/rake-10.1.1/lib/rake/task.rb:174:in `block in invoke_with_call_chain'
/Users/apple/.rvm/rubies/ruby-2.1.0/lib/ruby/2.1.0/monitor.rb:211:in `mon_synchronize'
/Users/apple/.rvm/gems/ruby-2.1.0/gems/rake-10.1.1/lib/rake/task.rb:168:in `invoke_with_call_chain'
/Users/apple/.rvm/gems/ruby-2.1.0/gems/rake-10.1.1/lib/rake/task.rb:161:in `invoke'
/Users/apple/.rvm/gems/ruby-2.1.0/gems/rake-10.1.1/lib/rake/application.rb:149:in `invoke_task'
/Users/apple/.rvm/gems/ruby-2.1.0/gems/rake-10.1.1/lib/rake/application.rb:106:in `block (2 levels) in top_level'
/Users/apple/.rvm/gems/ruby-2.1.0/gems/rake-10.1.1/lib/rake/application.rb:106:in `each'
/Users/apple/.rvm/gems/ruby-2.1.0/gems/rake-10.1.1/lib/rake/application.rb:106:in `block in top_level'
/Users/apple/.rvm/gems/ruby-2.1.0/gems/rake-10.1.1/lib/rake/application.rb:115:in `run_with_threads'
/Users/apple/.rvm/gems/ruby-2.1.0/gems/rake-10.1.1/lib/rake/application.rb:100:in `top_level'
/Users/apple/.rvm/gems/ruby-2.1.0/gems/rake-10.1.1/lib/rake/application.rb:78:in `block in run'
/Users/apple/.rvm/gems/ruby-2.1.0/gems/rake-10.1.1/lib/rake/application.rb:165:in `standard_exception_handling'
/Users/apple/.rvm/gems/ruby-2.1.0/gems/rake-10.1.1/lib/rake/application.rb:75:in `run'
/Users/apple/.rvm/gems/ruby-2.1.0/gems/rake-10.1.1/bin/rake:33:in `<top (required)>'
/Users/apple/.rvm/gems/ruby-2.1.0/bin/rake:23:in `load'
/Users/apple/.rvm/gems/ruby-2.1.0/bin/rake:23:in `<main>'
/Users/apple/.rvm/gems/ruby-2.1.0/bin/ruby_executable_hooks:15:in `eval'
/Users/apple/.rvm/gems/ruby-2.1.0/bin/ruby_executable_hooks:15:in `<main>'
Unable to load usertalk, underlying cause No such file to load -- usertalk 

 /Users/apple/.rvm/gems/ruby-2.1.0/gems/activesupport-4.0.2/lib/active_support/dependencies.rb:229:in `require'
/Users/apple/.rvm/gems/ruby-2.1.0/gems/activesupport-4.0.2/lib/active_support/dependencies.rb:229:in `block in require'
/Users/apple/.rvm/gems/ruby-2.1.0/gems/activesupport-4.0.2/lib/active_support/dependencies.rb:214:in `load_dependency'
/Users/apple/.rvm/gems/ruby-2.1.0/gems/activesupport-4.0.2/lib/active_support/dependencies.rb:229:in `require'
/Users/apple/.rvm/gems/ruby-2.1.0/gems/activesupport-4.0.2/lib/active_support/dependencies.rb:330:in `require_or_load'
/Users/apple/.rvm/gems/ruby-2.1.0/gems/activesupport-4.0.2/lib/active_support/dependencies.rb:289:in `depend_on'
/Users/apple/.rvm/gems/ruby-2.1.0/gems/activesupport-4.0.2/lib/active_support/dependencies.rb:207:in `require_dependency'
/Users/apple/.rvm/gems/ruby-2.1.0/gems/activerecord-4.0.2/lib/active_record/fixtures.rb:773:in `try_to_load_dependency'
/Users/apple/.rvm/gems/ruby-2.1.0/gems/activerecord-4.0.2/lib/active_record/fixtures.rb:792:in `block in require_fixture_classes'
/Users/apple/.rvm/gems/ruby-2.1.0/gems/activerecord-4.0.2/lib/active_record/fixtures.rb:790:in `each'
/Users/apple/.rvm/gems/ruby-2.1.0/gems/activerecord-4.0.2/lib/active_record/fixtures.rb:790:in `require_fixture_classes'
/Users/apple/.rvm/gems/ruby-2.1.0/gems/activerecord-4.0.2/lib/active_record/fixtures.rb:768:in `fixtures'
/Users/apple/projects/TempIoIo/test/test_helper.rb:12:in `<class:TestCase>'
/Users/apple/projects/TempIoIo/test/test_helper.rb:5:in `<top (required)>'
/Users/apple/.rvm/gems/ruby-2.1.0/gems/activesupport-4.0.2/lib/active_support/dependencies.rb:229:in `require'
/Users/apple/.rvm/gems/ruby-2.1.0/gems/activesupport-4.0.2/lib/active_support/dependencies.rb:229:in `block in require'
/Users/apple/.rvm/gems/ruby-2.1.0/gems/activesupport-4.0.2/lib/active_support/dependencies.rb:214:in `load_dependency'
/Users/apple/.rvm/gems/ruby-2.1.0/gems/activesupport-4.0.2/lib/active_support/dependencies.rb:229:in `require'
/Users/apple/projects/TempIoIo/test/helpers/first_page_helper_test.rb:1:in `<top (required)>'
/Users/apple/.rvm/gems/ruby-2.1.0/gems/activesupport-4.0.2/lib/active_support/dependencies.rb:229:in `require'
/Users/apple/.rvm/gems/ruby-2.1.0/gems/activesupport-4.0.2/lib/active_support/dependencies.rb:229:in `block in require'
/Users/apple/.rvm/gems/ruby-2.1.0/gems/activesupport-4.0.2/lib/active_support/dependencies.rb:214:in `load_dependency'
/Users/apple/.rvm/gems/ruby-2.1.0/gems/activesupport-4.0.2/lib/active_support/dependencies.rb:229:in `require'
/Users/apple/.rvm/gems/ruby-2.1.0/gems/railties-4.0.2/lib/rails/test_unit/sub_test_task.rb:73:in `block (3 levels) in define'
/Users/apple/.rvm/gems/ruby-2.1.0/gems/railties-4.0.2/lib/rails/test_unit/sub_test_task.rb:73:in `each'
/Users/apple/.rvm/gems/ruby-2.1.0/gems/railties-4.0.2/lib/rails/test_unit/sub_test_task.rb:73:in `block (2 levels) in define'
/Users/apple/.rvm/gems/ruby-2.1.0/gems/railties-4.0.2/lib/rails/test_unit/sub_test_task.rb:72:in `each'
/Users/apple/.rvm/gems/ruby-2.1.0/gems/railties-4.0.2/lib/rails/test_unit/sub_test_task.rb:72:in `block in define'
/Users/apple/.rvm/gems/ruby-2.1.0/gems/rake-10.1.1/lib/rake/task.rb:236:in `call'
/Users/apple/.rvm/gems/ruby-2.1.0/gems/rake-10.1.1/lib/rake/task.rb:236:in `block in execute'
/Users/apple/.rvm/gems/ruby-2.1.0/gems/rake-10.1.1/lib/rake/task.rb:231:in `each'
/Users/apple/.rvm/gems/ruby-2.1.0/gems/rake-10.1.1/lib/rake/task.rb:231:in `execute'
/Users/apple/.rvm/gems/ruby-2.1.0/gems/rake-10.1.1/lib/rake/task.rb:175:in `block in invoke_with_call_chain'
/Users/apple/.rvm/rubies/ruby-2.1.0/lib/ruby/2.1.0/monitor.rb:211:in `mon_synchronize'
/Users/apple/.rvm/gems/ruby-2.1.0/gems/rake-10.1.1/lib/rake/task.rb:168:in `invoke_with_call_chain'
/Users/apple/.rvm/gems/ruby-2.1.0/gems/rake-10.1.1/lib/rake/task.rb:197:in `block in invoke_prerequisites'
/Users/apple/.rvm/gems/ruby-2.1.0/gems/rake-10.1.1/lib/rake/task.rb:195:in `each'
/Users/apple/.rvm/gems/ruby-2.1.0/gems/rake-10.1.1/lib/rake/task.rb:195:in `invoke_prerequisites'
/Users/apple/.rvm/gems/ruby-2.1.0/gems/rake-10.1.1/lib/rake/task.rb:174:in `block in invoke_with_call_chain'
/Users/apple/.rvm/rubies/ruby-2.1.0/lib/ruby/2.1.0/monitor.rb:211:in `mon_synchronize'
/Users/apple/.rvm/gems/ruby-2.1.0/gems/rake-10.1.1/lib/rake/task.rb:168:in `invoke_with_call_chain'
/Users/apple/.rvm/gems/ruby-2.1.0/gems/rake-10.1.1/lib/rake/task.rb:161:in `invoke'
/Users/apple/.rvm/gems/ruby-2.1.0/gems/railties-4.0.2/lib/rails/test_unit/testing.rake:61:in `block in <top (required)>'
/Users/apple/.rvm/gems/ruby-2.1.0/gems/rake-10.1.1/lib/rake/task.rb:236:in `call'
/Users/apple/.rvm/gems/ruby-2.1.0/gems/rake-10.1.1/lib/rake/task.rb:236:in `block in execute'
/Users/apple/.rvm/gems/ruby-2.1.0/gems/rake-10.1.1/lib/rake/task.rb:231:in `each'
/Users/apple/.rvm/gems/ruby-2.1.0/gems/rake-10.1.1/lib/rake/task.rb:231:in `execute'
/Users/apple/.rvm/gems/ruby-2.1.0/gems/rake-10.1.1/lib/rake/task.rb:175:in `block in invoke_with_call_chain'
/Users/apple/.rvm/rubies/ruby-2.1.0/lib/ruby/2.1.0/monitor.rb:211:in `mon_synchronize'
/Users/apple/.rvm/gems/ruby-2.1.0/gems/rake-10.1.1/lib/rake/task.rb:168:in `invoke_with_call_chain'
/Users/apple/.rvm/gems/ruby-2.1.0/gems/rake-10.1.1/lib/rake/task.rb:197:in `block in invoke_prerequisites'
/Users/apple/.rvm/gems/ruby-2.1.0/gems/rake-10.1.1/lib/rake/task.rb:195:in `each'
/Users/apple/.rvm/gems/ruby-2.1.0/gems/rake-10.1.1/lib/rake/task.rb:195:in `invoke_prerequisites'
/Users/apple/.rvm/gems/ruby-2.1.0/gems/rake-10.1.1/lib/rake/task.rb:174:in `block in invoke_with_call_chain'
/Users/apple/.rvm/rubies/ruby-2.1.0/lib/ruby/2.1.0/monitor.rb:211:in `mon_synchronize'
/Users/apple/.rvm/gems/ruby-2.1.0/gems/rake-10.1.1/lib/rake/task.rb:168:in `invoke_with_call_chain'
/Users/apple/.rvm/gems/ruby-2.1.0/gems/rake-10.1.1/lib/rake/task.rb:161:in `invoke'
/Users/apple/.rvm/gems/ruby-2.1.0/gems/rake-10.1.1/lib/rake/application.rb:149:in `invoke_task'
/Users/apple/.rvm/gems/ruby-2.1.0/gems/rake-10.1.1/lib/rake/application.rb:106:in `block (2 levels) in top_level'
/Users/apple/.rvm/gems/ruby-2.1.0/gems/rake-10.1.1/lib/rake/application.rb:106:in `each'
/Users/apple/.rvm/gems/ruby-2.1.0/gems/rake-10.1.1/lib/rake/application.rb:106:in `block in top_level'
/Users/apple/.rvm/gems/ruby-2.1.0/gems/rake-10.1.1/lib/rake/application.rb:115:in `run_with_threads'
/Users/apple/.rvm/gems/ruby-2.1.0/gems/rake-10.1.1/lib/rake/application.rb:100:in `top_level'
/Users/apple/.rvm/gems/ruby-2.1.0/gems/rake-10.1.1/lib/rake/application.rb:78:in `block in run'
/Users/apple/.rvm/gems/ruby-2.1.0/gems/rake-10.1.1/lib/rake/application.rb:165:in `standard_exception_handling'
/Users/apple/.rvm/gems/ruby-2.1.0/gems/rake-10.1.1/lib/rake/application.rb:75:in `run'
/Users/apple/.rvm/gems/ruby-2.1.0/gems/rake-10.1.1/bin/rake:33:in `<top (required)>'
/Users/apple/.rvm/gems/ruby-2.1.0/bin/rake:23:in `load'
/Users/apple/.rvm/gems/ruby-2.1.0/bin/rake:23:in `<main>'
/Users/apple/.rvm/gems/ruby-2.1.0/bin/ruby_executable_hooks:15:in `eval'
/Users/apple/.rvm/gems/ruby-2.1.0/bin/ruby_executable_hooks:15:in `<main>'
  [1m[35m (0.1ms)[0m  begin transaction
  [1m[36mFixture Delete (0.2ms)[0m  [1mDELETE FROM "acadamic_histories"[0m
  [1m[35mFixture Insert (0.1ms)[0m  INSERT INTO "acadamic_histories" ("user_id", "school", "department", "year", "degree", "nation", "created_at", "updated_at", "id") VALUES (1, 'MyString', 'MyString', 'MyString', 'MyString', 'MyString', '2014-02-18 09:07:26', '2014-02-18 09:07:26', 980190962)
  [1m[36mFixture Insert (0.0ms)[0m  [1mINSERT INTO "acadamic_histories" ("user_id", "school", "department", "year", "degree", "nation", "created_at", "updated_at", "id") VALUES (1, 'MyString', 'MyString', 'MyString', 'MyString', 'MyString', '2014-02-18 09:07:26', '2014-02-18 09:07:26', 298486374)[0m
  [1m[35mFixture Delete (0.0ms)[0m  DELETE FROM "comments"
  [1m[36mFixture Insert (0.1ms)[0m  [1mINSERT INTO "comments" () VALUES ()[0m
SQLite3::SQLException: near ")": syntax error: INSERT INTO "comments" () VALUES ()
  [1m[35m (0.5ms)[0m  rollback transaction
  [1m[36m (1.4ms)[0m  [1mCREATE TABLE "acadamic_histories" ("id" INTEGER PRIMARY KEY AUTOINCREMENT NOT NULL, "user_id" integer, "school" varchar(255), "department" varchar(255), "year" varchar(255), "degree" varchar(255), "nation" varchar(255), "created_at" datetime, "updated_at" datetime) [0m
  [1m[35m (0.8ms)[0m  CREATE TABLE "process_lists" ("id" INTEGER PRIMARY KEY AUTOINCREMENT NOT NULL, "title" varchar(255), "process_type" varchar(255), "sequence" integer, "created_at" datetime, "updated_at" datetime) 
  [1m[36m (0.7ms)[0m  [1mCREATE TABLE "speaker_profiles" ("id" INTEGER PRIMARY KEY AUTOINCREMENT NOT NULL, "user_id" integer, "bio" text, "photo" varchar(255), "created_at" datetime, "updated_at" datetime, "eng_name" varchar(255), "chi_name" varchar(255)) [0m
  [1m[35m (0.7ms)[0m  CREATE TABLE "talk_process_lists" ("id" INTEGER PRIMARY KEY AUTOINCREMENT NOT NULL, "talk_id" integer, "process_id" integer, "created_at" datetime, "updated_at" datetime) 
  [1m[36m (0.8ms)[0m  [1mCREATE TABLE "talks" ("id" INTEGER PRIMARY KEY AUTOINCREMENT NOT NULL, "title" varchar(255), "intro" text, "bg" varchar(255), "poster" varchar(255), "slide1" varchar(255), "slide2" varchar(255), "slide3" varchar(255), "videourl1" varchar(255), "videourl2" varchar(255), "videourl3" varchar(255), "videocomment1" text, "videocomment2" text, "videocomment3" text, "feedback1" varchar(255), "feedback2" varchar(255), "feedback3" varchar(255), "signup" datetime, "created_at" datetime, "updated_at" datetime, "photography_file_name" varchar(255), "photography_content_type" varchar(255), "photography_file_size" integer, "photography_updated_at" datetime, "speaker_profile_id" integer) [0m
  [1m[35m (0.6ms)[0m  CREATE TABLE "user_talks" ("id" INTEGER PRIMARY KEY AUTOINCREMENT NOT NULL, "created_at" datetime, "updated_at" datetime, "user_id" integer, "talk_id" integer) 
  [1m[36m (0.6ms)[0m  [1mCREATE TABLE "usercomments" ("id" INTEGER PRIMARY KEY AUTOINCREMENT NOT NULL, "user_id" integer, "comment_id" integer, "created_at" datetime, "updated_at" datetime) [0m
  [1m[35m (0.9ms)[0m  CREATE TABLE "users" ("id" INTEGER PRIMARY KEY AUTOINCREMENT NOT NULL, "email" varchar(255) DEFAULT '' NOT NULL, "encrypted_password" varchar(255) DEFAULT '' NOT NULL, "reset_password_token" varchar(255), "reset_password_sent_at" datetime, "remember_created_at" datetime, "sign_in_count" integer DEFAULT 0 NOT NULL, "current_sign_in_at" datetime, "last_sign_in_at" datetime, "current_sign_in_ip" varchar(255), "last_sign_in_ip" varchar(255), "created_at" datetime, "updated_at" datetime, "role" varchar(255), "name" varchar(255)) 
  [1m[36m (1.1ms)[0m  [1mCREATE UNIQUE INDEX "index_users_on_email" ON "users" ("email")[0m
  [1m[35m (0.8ms)[0m  CREATE UNIQUE INDEX "index_users_on_reset_password_token" ON "users" ("reset_password_token")
  [1m[36m (0.8ms)[0m  [1mCREATE TABLE "schema_migrations" ("version" varchar(255) NOT NULL) [0m
  [1m[35m (0.8ms)[0m  CREATE UNIQUE INDEX "unique_schema_migrations" ON "schema_migrations" ("version")
  [1m[36m (0.1ms)[0m  [1mSELECT version FROM "schema_migrations"[0m
  [1m[35m (0.8ms)[0m  INSERT INTO "schema_migrations" (version) VALUES ('20140218055353')
  [1m[36m (0.7ms)[0m  [1mINSERT INTO "schema_migrations" (version) VALUES ('20140211062520')[0m
  [1m[35m (0.8ms)[0m  INSERT INTO "schema_migrations" (version) VALUES ('20140211070234')
  [1m[36m (0.7ms)[0m  [1mINSERT INTO "schema_migrations" (version) VALUES ('20140211071831')[0m
  [1m[35m (0.7ms)[0m  INSERT INTO "schema_migrations" (version) VALUES ('20140211072311')
  [1m[36m (0.7ms)[0m  [1mINSERT INTO "schema_migrations" (version) VALUES ('20140211072456')[0m
  [1m[35m (0.7ms)[0m  INSERT INTO "schema_migrations" (version) VALUES ('20140211074844')
  [1m[36m (0.6ms)[0m  [1mINSERT INTO "schema_migrations" (version) VALUES ('20140211074918')[0m
  [1m[35m (0.7ms)[0m  INSERT INTO "schema_migrations" (version) VALUES ('20140211075954')
  [1m[36m (0.7ms)[0m  [1mINSERT INTO "schema_migrations" (version) VALUES ('20140211083329')[0m
  [1m[35m (0.7ms)[0m  INSERT INTO "schema_migrations" (version) VALUES ('20140212094058')
  [1m[36m (0.7ms)[0m  [1mINSERT INTO "schema_migrations" (version) VALUES ('20140213043514')[0m
  [1m[35m (0.7ms)[0m  INSERT INTO "schema_migrations" (version) VALUES ('20140213071013')
  [1m[36m (0.6ms)[0m  [1mINSERT INTO "schema_migrations" (version) VALUES ('20140213071757')[0m
  [1m[35m (0.7ms)[0m  INSERT INTO "schema_migrations" (version) VALUES ('20140213072209')
  [1m[36mActiveRecord::SchemaMigration Load (0.1ms)[0m  [1mSELECT "schema_migrations".* FROM "schema_migrations"[0m
  [1m[35mActiveRecord::SchemaMigration Load (0.1ms)[0m  SELECT "schema_migrations".* FROM "schema_migrations"
Unable to load comment, underlying cause No such file to load -- comment 

 /Users/apple/.rvm/gems/ruby-2.1.0/gems/activesupport-4.0.2/lib/active_support/dependencies.rb:229:in `require'
/Users/apple/.rvm/gems/ruby-2.1.0/gems/activesupport-4.0.2/lib/active_support/dependencies.rb:229:in `block in require'
/Users/apple/.rvm/gems/ruby-2.1.0/gems/activesupport-4.0.2/lib/active_support/dependencies.rb:214:in `load_dependency'
/Users/apple/.rvm/gems/ruby-2.1.0/gems/activesupport-4.0.2/lib/active_support/dependencies.rb:229:in `require'
/Users/apple/.rvm/gems/ruby-2.1.0/gems/activesupport-4.0.2/lib/active_support/dependencies.rb:330:in `require_or_load'
/Users/apple/.rvm/gems/ruby-2.1.0/gems/activesupport-4.0.2/lib/active_support/dependencies.rb:289:in `depend_on'
/Users/apple/.rvm/gems/ruby-2.1.0/gems/activesupport-4.0.2/lib/active_support/dependencies.rb:207:in `require_dependency'
/Users/apple/.rvm/gems/ruby-2.1.0/gems/activerecord-4.0.2/lib/active_record/fixtures.rb:773:in `try_to_load_dependency'
/Users/apple/.rvm/gems/ruby-2.1.0/gems/activerecord-4.0.2/lib/active_record/fixtures.rb:792:in `block in require_fixture_classes'
/Users/apple/.rvm/gems/ruby-2.1.0/gems/activerecord-4.0.2/lib/active_record/fixtures.rb:790:in `each'
/Users/apple/.rvm/gems/ruby-2.1.0/gems/activerecord-4.0.2/lib/active_record/fixtures.rb:790:in `require_fixture_classes'
/Users/apple/.rvm/gems/ruby-2.1.0/gems/activerecord-4.0.2/lib/active_record/fixtures.rb:768:in `fixtures'
/Users/apple/projects/TempIoIo/test/test_helper.rb:12:in `<class:TestCase>'
/Users/apple/projects/TempIoIo/test/test_helper.rb:5:in `<top (required)>'
/Users/apple/.rvm/gems/ruby-2.1.0/gems/activesupport-4.0.2/lib/active_support/dependencies.rb:229:in `require'
/Users/apple/.rvm/gems/ruby-2.1.0/gems/activesupport-4.0.2/lib/active_support/dependencies.rb:229:in `block in require'
/Users/apple/.rvm/gems/ruby-2.1.0/gems/activesupport-4.0.2/lib/active_support/dependencies.rb:214:in `load_dependency'
/Users/apple/.rvm/gems/ruby-2.1.0/gems/activesupport-4.0.2/lib/active_support/dependencies.rb:229:in `require'
/Users/apple/projects/TempIoIo/test/helpers/first_page_helper_test.rb:1:in `<top (required)>'
/Users/apple/.rvm/gems/ruby-2.1.0/gems/activesupport-4.0.2/lib/active_support/dependencies.rb:229:in `require'
/Users/apple/.rvm/gems/ruby-2.1.0/gems/activesupport-4.0.2/lib/active_support/dependencies.rb:229:in `block in require'
/Users/apple/.rvm/gems/ruby-2.1.0/gems/activesupport-4.0.2/lib/active_support/dependencies.rb:214:in `load_dependency'
/Users/apple/.rvm/gems/ruby-2.1.0/gems/activesupport-4.0.2/lib/active_support/dependencies.rb:229:in `require'
/Users/apple/.rvm/gems/ruby-2.1.0/gems/railties-4.0.2/lib/rails/test_unit/sub_test_task.rb:73:in `block (3 levels) in define'
/Users/apple/.rvm/gems/ruby-2.1.0/gems/railties-4.0.2/lib/rails/test_unit/sub_test_task.rb:73:in `each'
/Users/apple/.rvm/gems/ruby-2.1.0/gems/railties-4.0.2/lib/rails/test_unit/sub_test_task.rb:73:in `block (2 levels) in define'
/Users/apple/.rvm/gems/ruby-2.1.0/gems/railties-4.0.2/lib/rails/test_unit/sub_test_task.rb:72:in `each'
/Users/apple/.rvm/gems/ruby-2.1.0/gems/railties-4.0.2/lib/rails/test_unit/sub_test_task.rb:72:in `block in define'
/Users/apple/.rvm/gems/ruby-2.1.0/gems/rake-10.1.1/lib/rake/task.rb:236:in `call'
/Users/apple/.rvm/gems/ruby-2.1.0/gems/rake-10.1.1/lib/rake/task.rb:236:in `block in execute'
/Users/apple/.rvm/gems/ruby-2.1.0/gems/rake-10.1.1/lib/rake/task.rb:231:in `each'
/Users/apple/.rvm/gems/ruby-2.1.0/gems/rake-10.1.1/lib/rake/task.rb:231:in `execute'
/Users/apple/.rvm/gems/ruby-2.1.0/gems/rake-10.1.1/lib/rake/task.rb:175:in `block in invoke_with_call_chain'
/Users/apple/.rvm/rubies/ruby-2.1.0/lib/ruby/2.1.0/monitor.rb:211:in `mon_synchronize'
/Users/apple/.rvm/gems/ruby-2.1.0/gems/rake-10.1.1/lib/rake/task.rb:168:in `invoke_with_call_chain'
/Users/apple/.rvm/gems/ruby-2.1.0/gems/rake-10.1.1/lib/rake/task.rb:197:in `block in invoke_prerequisites'
/Users/apple/.rvm/gems/ruby-2.1.0/gems/rake-10.1.1/lib/rake/task.rb:195:in `each'
/Users/apple/.rvm/gems/ruby-2.1.0/gems/rake-10.1.1/lib/rake/task.rb:195:in `invoke_prerequisites'
/Users/apple/.rvm/gems/ruby-2.1.0/gems/rake-10.1.1/lib/rake/task.rb:174:in `block in invoke_with_call_chain'
/Users/apple/.rvm/rubies/ruby-2.1.0/lib/ruby/2.1.0/monitor.rb:211:in `mon_synchronize'
/Users/apple/.rvm/gems/ruby-2.1.0/gems/rake-10.1.1/lib/rake/task.rb:168:in `invoke_with_call_chain'
/Users/apple/.rvm/gems/ruby-2.1.0/gems/rake-10.1.1/lib/rake/task.rb:161:in `invoke'
/Users/apple/.rvm/gems/ruby-2.1.0/gems/railties-4.0.2/lib/rails/test_unit/testing.rake:61:in `block in <top (required)>'
/Users/apple/.rvm/gems/ruby-2.1.0/gems/rake-10.1.1/lib/rake/task.rb:236:in `call'
/Users/apple/.rvm/gems/ruby-2.1.0/gems/rake-10.1.1/lib/rake/task.rb:236:in `block in execute'
/Users/apple/.rvm/gems/ruby-2.1.0/gems/rake-10.1.1/lib/rake/task.rb:231:in `each'
/Users/apple/.rvm/gems/ruby-2.1.0/gems/rake-10.1.1/lib/rake/task.rb:231:in `execute'
/Users/apple/.rvm/gems/ruby-2.1.0/gems/rake-10.1.1/lib/rake/task.rb:175:in `block in invoke_with_call_chain'
/Users/apple/.rvm/rubies/ruby-2.1.0/lib/ruby/2.1.0/monitor.rb:211:in `mon_synchronize'
/Users/apple/.rvm/gems/ruby-2.1.0/gems/rake-10.1.1/lib/rake/task.rb:168:in `invoke_with_call_chain'
/Users/apple/.rvm/gems/ruby-2.1.0/gems/rake-10.1.1/lib/rake/task.rb:197:in `block in invoke_prerequisites'
/Users/apple/.rvm/gems/ruby-2.1.0/gems/rake-10.1.1/lib/rake/task.rb:195:in `each'
/Users/apple/.rvm/gems/ruby-2.1.0/gems/rake-10.1.1/lib/rake/task.rb:195:in `invoke_prerequisites'
/Users/apple/.rvm/gems/ruby-2.1.0/gems/rake-10.1.1/lib/rake/task.rb:174:in `block in invoke_with_call_chain'
/Users/apple/.rvm/rubies/ruby-2.1.0/lib/ruby/2.1.0/monitor.rb:211:in `mon_synchronize'
/Users/apple/.rvm/gems/ruby-2.1.0/gems/rake-10.1.1/lib/rake/task.rb:168:in `invoke_with_call_chain'
/Users/apple/.rvm/gems/ruby-2.1.0/gems/rake-10.1.1/lib/rake/task.rb:161:in `invoke'
/Users/apple/.rvm/gems/ruby-2.1.0/gems/rake-10.1.1/lib/rake/application.rb:149:in `invoke_task'
/Users/apple/.rvm/gems/ruby-2.1.0/gems/rake-10.1.1/lib/rake/application.rb:106:in `block (2 levels) in top_level'
/Users/apple/.rvm/gems/ruby-2.1.0/gems/rake-10.1.1/lib/rake/application.rb:106:in `each'
/Users/apple/.rvm/gems/ruby-2.1.0/gems/rake-10.1.1/lib/rake/application.rb:106:in `block in top_level'
/Users/apple/.rvm/gems/ruby-2.1.0/gems/rake-10.1.1/lib/rake/application.rb:115:in `run_with_threads'
/Users/apple/.rvm/gems/ruby-2.1.0/gems/rake-10.1.1/lib/rake/application.rb:100:in `top_level'
/Users/apple/.rvm/gems/ruby-2.1.0/gems/rake-10.1.1/lib/rake/application.rb:78:in `block in run'
/Users/apple/.rvm/gems/ruby-2.1.0/gems/rake-10.1.1/lib/rake/application.rb:165:in `standard_exception_handling'
/Users/apple/.rvm/gems/ruby-2.1.0/gems/rake-10.1.1/lib/rake/application.rb:75:in `run'
/Users/apple/.rvm/gems/ruby-2.1.0/gems/rake-10.1.1/bin/rake:33:in `<top (required)>'
/Users/apple/.rvm/gems/ruby-2.1.0/bin/rake:23:in `load'
/Users/apple/.rvm/gems/ruby-2.1.0/bin/rake:23:in `<main>'
/Users/apple/.rvm/gems/ruby-2.1.0/bin/ruby_executable_hooks:15:in `eval'
/Users/apple/.rvm/gems/ruby-2.1.0/bin/ruby_executable_hooks:15:in `<main>'
Unable to load usertalk, underlying cause No such file to load -- usertalk 

 /Users/apple/.rvm/gems/ruby-2.1.0/gems/activesupport-4.0.2/lib/active_support/dependencies.rb:229:in `require'
/Users/apple/.rvm/gems/ruby-2.1.0/gems/activesupport-4.0.2/lib/active_support/dependencies.rb:229:in `block in require'
/Users/apple/.rvm/gems/ruby-2.1.0/gems/activesupport-4.0.2/lib/active_support/dependencies.rb:214:in `load_dependency'
/Users/apple/.rvm/gems/ruby-2.1.0/gems/activesupport-4.0.2/lib/active_support/dependencies.rb:229:in `require'
/Users/apple/.rvm/gems/ruby-2.1.0/gems/activesupport-4.0.2/lib/active_support/dependencies.rb:330:in `require_or_load'
/Users/apple/.rvm/gems/ruby-2.1.0/gems/activesupport-4.0.2/lib/active_support/dependencies.rb:289:in `depend_on'
/Users/apple/.rvm/gems/ruby-2.1.0/gems/activesupport-4.0.2/lib/active_support/dependencies.rb:207:in `require_dependency'
/Users/apple/.rvm/gems/ruby-2.1.0/gems/activerecord-4.0.2/lib/active_record/fixtures.rb:773:in `try_to_load_dependency'
/Users/apple/.rvm/gems/ruby-2.1.0/gems/activerecord-4.0.2/lib/active_record/fixtures.rb:792:in `block in require_fixture_classes'
/Users/apple/.rvm/gems/ruby-2.1.0/gems/activerecord-4.0.2/lib/active_record/fixtures.rb:790:in `each'
/Users/apple/.rvm/gems/ruby-2.1.0/gems/activerecord-4.0.2/lib/active_record/fixtures.rb:790:in `require_fixture_classes'
/Users/apple/.rvm/gems/ruby-2.1.0/gems/activerecord-4.0.2/lib/active_record/fixtures.rb:768:in `fixtures'
/Users/apple/projects/TempIoIo/test/test_helper.rb:12:in `<class:TestCase>'
/Users/apple/projects/TempIoIo/test/test_helper.rb:5:in `<top (required)>'
/Users/apple/.rvm/gems/ruby-2.1.0/gems/activesupport-4.0.2/lib/active_support/dependencies.rb:229:in `require'
/Users/apple/.rvm/gems/ruby-2.1.0/gems/activesupport-4.0.2/lib/active_support/dependencies.rb:229:in `block in require'
/Users/apple/.rvm/gems/ruby-2.1.0/gems/activesupport-4.0.2/lib/active_support/dependencies.rb:214:in `load_dependency'
/Users/apple/.rvm/gems/ruby-2.1.0/gems/activesupport-4.0.2/lib/active_support/dependencies.rb:229:in `require'
/Users/apple/projects/TempIoIo/test/helpers/first_page_helper_test.rb:1:in `<top (required)>'
/Users/apple/.rvm/gems/ruby-2.1.0/gems/activesupport-4.0.2/lib/active_support/dependencies.rb:229:in `require'
/Users/apple/.rvm/gems/ruby-2.1.0/gems/activesupport-4.0.2/lib/active_support/dependencies.rb:229:in `block in require'
/Users/apple/.rvm/gems/ruby-2.1.0/gems/activesupport-4.0.2/lib/active_support/dependencies.rb:214:in `load_dependency'
/Users/apple/.rvm/gems/ruby-2.1.0/gems/activesupport-4.0.2/lib/active_support/dependencies.rb:229:in `require'
/Users/apple/.rvm/gems/ruby-2.1.0/gems/railties-4.0.2/lib/rails/test_unit/sub_test_task.rb:73:in `block (3 levels) in define'
/Users/apple/.rvm/gems/ruby-2.1.0/gems/railties-4.0.2/lib/rails/test_unit/sub_test_task.rb:73:in `each'
/Users/apple/.rvm/gems/ruby-2.1.0/gems/railties-4.0.2/lib/rails/test_unit/sub_test_task.rb:73:in `block (2 levels) in define'
/Users/apple/.rvm/gems/ruby-2.1.0/gems/railties-4.0.2/lib/rails/test_unit/sub_test_task.rb:72:in `each'
/Users/apple/.rvm/gems/ruby-2.1.0/gems/railties-4.0.2/lib/rails/test_unit/sub_test_task.rb:72:in `block in define'
/Users/apple/.rvm/gems/ruby-2.1.0/gems/rake-10.1.1/lib/rake/task.rb:236:in `call'
/Users/apple/.rvm/gems/ruby-2.1.0/gems/rake-10.1.1/lib/rake/task.rb:236:in `block in execute'
/Users/apple/.rvm/gems/ruby-2.1.0/gems/rake-10.1.1/lib/rake/task.rb:231:in `each'
/Users/apple/.rvm/gems/ruby-2.1.0/gems/rake-10.1.1/lib/rake/task.rb:231:in `execute'
/Users/apple/.rvm/gems/ruby-2.1.0/gems/rake-10.1.1/lib/rake/task.rb:175:in `block in invoke_with_call_chain'
/Users/apple/.rvm/rubies/ruby-2.1.0/lib/ruby/2.1.0/monitor.rb:211:in `mon_synchronize'
/Users/apple/.rvm/gems/ruby-2.1.0/gems/rake-10.1.1/lib/rake/task.rb:168:in `invoke_with_call_chain'
/Users/apple/.rvm/gems/ruby-2.1.0/gems/rake-10.1.1/lib/rake/task.rb:197:in `block in invoke_prerequisites'
/Users/apple/.rvm/gems/ruby-2.1.0/gems/rake-10.1.1/lib/rake/task.rb:195:in `each'
/Users/apple/.rvm/gems/ruby-2.1.0/gems/rake-10.1.1/lib/rake/task.rb:195:in `invoke_prerequisites'
/Users/apple/.rvm/gems/ruby-2.1.0/gems/rake-10.1.1/lib/rake/task.rb:174:in `block in invoke_with_call_chain'
/Users/apple/.rvm/rubies/ruby-2.1.0/lib/ruby/2.1.0/monitor.rb:211:in `mon_synchronize'
/Users/apple/.rvm/gems/ruby-2.1.0/gems/rake-10.1.1/lib/rake/task.rb:168:in `invoke_with_call_chain'
/Users/apple/.rvm/gems/ruby-2.1.0/gems/rake-10.1.1/lib/rake/task.rb:161:in `invoke'
/Users/apple/.rvm/gems/ruby-2.1.0/gems/railties-4.0.2/lib/rails/test_unit/testing.rake:61:in `block in <top (required)>'
/Users/apple/.rvm/gems/ruby-2.1.0/gems/rake-10.1.1/lib/rake/task.rb:236:in `call'
/Users/apple/.rvm/gems/ruby-2.1.0/gems/rake-10.1.1/lib/rake/task.rb:236:in `block in execute'
/Users/apple/.rvm/gems/ruby-2.1.0/gems/rake-10.1.1/lib/rake/task.rb:231:in `each'
/Users/apple/.rvm/gems/ruby-2.1.0/gems/rake-10.1.1/lib/rake/task.rb:231:in `execute'
/Users/apple/.rvm/gems/ruby-2.1.0/gems/rake-10.1.1/lib/rake/task.rb:175:in `block in invoke_with_call_chain'
/Users/apple/.rvm/rubies/ruby-2.1.0/lib/ruby/2.1.0/monitor.rb:211:in `mon_synchronize'
/Users/apple/.rvm/gems/ruby-2.1.0/gems/rake-10.1.1/lib/rake/task.rb:168:in `invoke_with_call_chain'
/Users/apple/.rvm/gems/ruby-2.1.0/gems/rake-10.1.1/lib/rake/task.rb:197:in `block in invoke_prerequisites'
/Users/apple/.rvm/gems/ruby-2.1.0/gems/rake-10.1.1/lib/rake/task.rb:195:in `each'
/Users/apple/.rvm/gems/ruby-2.1.0/gems/rake-10.1.1/lib/rake/task.rb:195:in `invoke_prerequisites'
/Users/apple/.rvm/gems/ruby-2.1.0/gems/rake-10.1.1/lib/rake/task.rb:174:in `block in invoke_with_call_chain'
/Users/apple/.rvm/rubies/ruby-2.1.0/lib/ruby/2.1.0/monitor.rb:211:in `mon_synchronize'
/Users/apple/.rvm/gems/ruby-2.1.0/gems/rake-10.1.1/lib/rake/task.rb:168:in `invoke_with_call_chain'
/Users/apple/.rvm/gems/ruby-2.1.0/gems/rake-10.1.1/lib/rake/task.rb:161:in `invoke'
/Users/apple/.rvm/gems/ruby-2.1.0/gems/rake-10.1.1/lib/rake/application.rb:149:in `invoke_task'
/Users/apple/.rvm/gems/ruby-2.1.0/gems/rake-10.1.1/lib/rake/application.rb:106:in `block (2 levels) in top_level'
/Users/apple/.rvm/gems/ruby-2.1.0/gems/rake-10.1.1/lib/rake/application.rb:106:in `each'
/Users/apple/.rvm/gems/ruby-2.1.0/gems/rake-10.1.1/lib/rake/application.rb:106:in `block in top_level'
/Users/apple/.rvm/gems/ruby-2.1.0/gems/rake-10.1.1/lib/rake/application.rb:115:in `run_with_threads'
/Users/apple/.rvm/gems/ruby-2.1.0/gems/rake-10.1.1/lib/rake/application.rb:100:in `top_level'
/Users/apple/.rvm/gems/ruby-2.1.0/gems/rake-10.1.1/lib/rake/application.rb:78:in `block in run'
/Users/apple/.rvm/gems/ruby-2.1.0/gems/rake-10.1.1/lib/rake/application.rb:165:in `standard_exception_handling'
/Users/apple/.rvm/gems/ruby-2.1.0/gems/rake-10.1.1/lib/rake/application.rb:75:in `run'
/Users/apple/.rvm/gems/ruby-2.1.0/gems/rake-10.1.1/bin/rake:33:in `<top (required)>'
/Users/apple/.rvm/gems/ruby-2.1.0/bin/rake:23:in `load'
/Users/apple/.rvm/gems/ruby-2.1.0/bin/rake:23:in `<main>'
/Users/apple/.rvm/gems/ruby-2.1.0/bin/ruby_executable_hooks:15:in `eval'
/Users/apple/.rvm/gems/ruby-2.1.0/bin/ruby_executable_hooks:15:in `<main>'
  [1m[36m (0.1ms)[0m  [1mbegin transaction[0m
  [1m[35mFixture Delete (0.2ms)[0m  DELETE FROM "acadamic_histories"
  [1m[36mFixture Insert (0.1ms)[0m  [1mINSERT INTO "acadamic_histories" ("user_id", "school", "department", "year", "degree", "nation", "created_at", "updated_at", "id") VALUES (1, 'MyString', 'MyString', 'MyString', 'MyString', 'MyString', '2014-02-18 09:08:38', '2014-02-18 09:08:38', 980190962)[0m
  [1m[35mFixture Insert (0.1ms)[0m  INSERT INTO "acadamic_histories" ("user_id", "school", "department", "year", "degree", "nation", "created_at", "updated_at", "id") VALUES (1, 'MyString', 'MyString', 'MyString', 'MyString', 'MyString', '2014-02-18 09:08:38', '2014-02-18 09:08:38', 298486374)
  [1m[36mFixture Delete (0.1ms)[0m  [1mDELETE FROM "comments"[0m
SQLite3::SQLException: no such table: comments: DELETE FROM "comments"
  [1m[35m (1.0ms)[0m  rollback transaction
  [1m[36m (1.6ms)[0m  [1mCREATE TABLE "acadamic_histories" ("id" INTEGER PRIMARY KEY AUTOINCREMENT NOT NULL, "user_id" integer, "school" varchar(255), "department" varchar(255), "year" varchar(255), "degree" varchar(255), "nation" varchar(255), "created_at" datetime, "updated_at" datetime) [0m
  [1m[35m (0.8ms)[0m  CREATE TABLE "process_lists" ("id" INTEGER PRIMARY KEY AUTOINCREMENT NOT NULL, "title" varchar(255), "process_type" varchar(255), "sequence" integer, "created_at" datetime, "updated_at" datetime) 
  [1m[36m (0.7ms)[0m  [1mCREATE TABLE "speaker_profiles" ("id" INTEGER PRIMARY KEY AUTOINCREMENT NOT NULL, "user_id" integer, "bio" text, "photo" varchar(255), "created_at" datetime, "updated_at" datetime, "eng_name" varchar(255), "chi_name" varchar(255)) [0m
  [1m[35m (0.8ms)[0m  CREATE TABLE "talk_process_lists" ("id" INTEGER PRIMARY KEY AUTOINCREMENT NOT NULL, "talk_id" integer, "process_id" integer, "created_at" datetime, "updated_at" datetime) 
  [1m[36m (0.8ms)[0m  [1mCREATE TABLE "talks" ("id" INTEGER PRIMARY KEY AUTOINCREMENT NOT NULL, "title" varchar(255), "intro" text, "bg" varchar(255), "poster" varchar(255), "slide1" varchar(255), "slide2" varchar(255), "slide3" varchar(255), "videourl1" varchar(255), "videourl2" varchar(255), "videourl3" varchar(255), "videocomment1" text, "videocomment2" text, "videocomment3" text, "feedback1" varchar(255), "feedback2" varchar(255), "feedback3" varchar(255), "signup" datetime, "created_at" datetime, "updated_at" datetime, "photography_file_name" varchar(255), "photography_content_type" varchar(255), "photography_file_size" integer, "photography_updated_at" datetime, "speaker_profile_id" integer) [0m
  [1m[35m (0.6ms)[0m  CREATE TABLE "user_talks" ("id" INTEGER PRIMARY KEY AUTOINCREMENT NOT NULL, "created_at" datetime, "updated_at" datetime, "user_id" integer, "talk_id" integer) 
  [1m[36m (0.6ms)[0m  [1mCREATE TABLE "usercomments" ("id" INTEGER PRIMARY KEY AUTOINCREMENT NOT NULL, "user_id" integer, "comment_id" integer, "created_at" datetime, "updated_at" datetime) [0m
  [1m[35m (0.9ms)[0m  CREATE TABLE "users" ("id" INTEGER PRIMARY KEY AUTOINCREMENT NOT NULL, "email" varchar(255) DEFAULT '' NOT NULL, "encrypted_password" varchar(255) DEFAULT '' NOT NULL, "reset_password_token" varchar(255), "reset_password_sent_at" datetime, "remember_created_at" datetime, "sign_in_count" integer DEFAULT 0 NOT NULL, "current_sign_in_at" datetime, "last_sign_in_at" datetime, "current_sign_in_ip" varchar(255), "last_sign_in_ip" varchar(255), "created_at" datetime, "updated_at" datetime, "role" varchar(255), "name" varchar(255)) 
  [1m[36m (0.8ms)[0m  [1mCREATE UNIQUE INDEX "index_users_on_email" ON "users" ("email")[0m
  [1m[35m (0.8ms)[0m  CREATE UNIQUE INDEX "index_users_on_reset_password_token" ON "users" ("reset_password_token")
  [1m[36m (0.8ms)[0m  [1mCREATE TABLE "schema_migrations" ("version" varchar(255) NOT NULL) [0m
  [1m[35m (0.6ms)[0m  CREATE UNIQUE INDEX "unique_schema_migrations" ON "schema_migrations" ("version")
  [1m[36m (0.1ms)[0m  [1mSELECT version FROM "schema_migrations"[0m
  [1m[35m (0.7ms)[0m  INSERT INTO "schema_migrations" (version) VALUES ('20140218055353')
  [1m[36m (0.8ms)[0m  [1mINSERT INTO "schema_migrations" (version) VALUES ('20140211062520')[0m
  [1m[35m (0.8ms)[0m  INSERT INTO "schema_migrations" (version) VALUES ('20140211070234')
  [1m[36m (0.6ms)[0m  [1mINSERT INTO "schema_migrations" (version) VALUES ('20140211071831')[0m
  [1m[35m (0.7ms)[0m  INSERT INTO "schema_migrations" (version) VALUES ('20140211072311')
  [1m[36m (0.7ms)[0m  [1mINSERT INTO "schema_migrations" (version) VALUES ('20140211072456')[0m
  [1m[35m (0.8ms)[0m  INSERT INTO "schema_migrations" (version) VALUES ('20140211074844')
  [1m[36m (0.6ms)[0m  [1mINSERT INTO "schema_migrations" (version) VALUES ('20140211074918')[0m
  [1m[35m (0.7ms)[0m  INSERT INTO "schema_migrations" (version) VALUES ('20140211075954')
  [1m[36m (0.7ms)[0m  [1mINSERT INTO "schema_migrations" (version) VALUES ('20140211083329')[0m
  [1m[35m (0.7ms)[0m  INSERT INTO "schema_migrations" (version) VALUES ('20140212094058')
  [1m[36m (0.7ms)[0m  [1mINSERT INTO "schema_migrations" (version) VALUES ('20140213043514')[0m
  [1m[35m (0.8ms)[0m  INSERT INTO "schema_migrations" (version) VALUES ('20140213071013')
  [1m[36m (0.7ms)[0m  [1mINSERT INTO "schema_migrations" (version) VALUES ('20140213071757')[0m
  [1m[35m (0.7ms)[0m  INSERT INTO "schema_migrations" (version) VALUES ('20140213072209')
  [1m[36mActiveRecord::SchemaMigration Load (0.1ms)[0m  [1mSELECT "schema_migrations".* FROM "schema_migrations"[0m
  [1m[35mActiveRecord::SchemaMigration Load (0.1ms)[0m  SELECT "schema_migrations".* FROM "schema_migrations"
Unable to load comment, underlying cause No such file to load -- comment 

 /Users/apple/.rvm/gems/ruby-2.1.0/gems/activesupport-4.0.2/lib/active_support/dependencies.rb:229:in `require'
/Users/apple/.rvm/gems/ruby-2.1.0/gems/activesupport-4.0.2/lib/active_support/dependencies.rb:229:in `block in require'
/Users/apple/.rvm/gems/ruby-2.1.0/gems/activesupport-4.0.2/lib/active_support/dependencies.rb:214:in `load_dependency'
/Users/apple/.rvm/gems/ruby-2.1.0/gems/activesupport-4.0.2/lib/active_support/dependencies.rb:229:in `require'
/Users/apple/.rvm/gems/ruby-2.1.0/gems/activesupport-4.0.2/lib/active_support/dependencies.rb:330:in `require_or_load'
/Users/apple/.rvm/gems/ruby-2.1.0/gems/activesupport-4.0.2/lib/active_support/dependencies.rb:289:in `depend_on'
/Users/apple/.rvm/gems/ruby-2.1.0/gems/activesupport-4.0.2/lib/active_support/dependencies.rb:207:in `require_dependency'
/Users/apple/.rvm/gems/ruby-2.1.0/gems/activerecord-4.0.2/lib/active_record/fixtures.rb:773:in `try_to_load_dependency'
/Users/apple/.rvm/gems/ruby-2.1.0/gems/activerecord-4.0.2/lib/active_record/fixtures.rb:792:in `block in require_fixture_classes'
/Users/apple/.rvm/gems/ruby-2.1.0/gems/activerecord-4.0.2/lib/active_record/fixtures.rb:790:in `each'
/Users/apple/.rvm/gems/ruby-2.1.0/gems/activerecord-4.0.2/lib/active_record/fixtures.rb:790:in `require_fixture_classes'
/Users/apple/.rvm/gems/ruby-2.1.0/gems/activerecord-4.0.2/lib/active_record/fixtures.rb:768:in `fixtures'
/Users/apple/projects/TempIoIo/test/test_helper.rb:12:in `<class:TestCase>'
/Users/apple/projects/TempIoIo/test/test_helper.rb:5:in `<top (required)>'
/Users/apple/.rvm/gems/ruby-2.1.0/gems/activesupport-4.0.2/lib/active_support/dependencies.rb:229:in `require'
/Users/apple/.rvm/gems/ruby-2.1.0/gems/activesupport-4.0.2/lib/active_support/dependencies.rb:229:in `block in require'
/Users/apple/.rvm/gems/ruby-2.1.0/gems/activesupport-4.0.2/lib/active_support/dependencies.rb:214:in `load_dependency'
/Users/apple/.rvm/gems/ruby-2.1.0/gems/activesupport-4.0.2/lib/active_support/dependencies.rb:229:in `require'
/Users/apple/projects/TempIoIo/test/helpers/first_page_helper_test.rb:1:in `<top (required)>'
/Users/apple/.rvm/gems/ruby-2.1.0/gems/activesupport-4.0.2/lib/active_support/dependencies.rb:229:in `require'
/Users/apple/.rvm/gems/ruby-2.1.0/gems/activesupport-4.0.2/lib/active_support/dependencies.rb:229:in `block in require'
/Users/apple/.rvm/gems/ruby-2.1.0/gems/activesupport-4.0.2/lib/active_support/dependencies.rb:214:in `load_dependency'
/Users/apple/.rvm/gems/ruby-2.1.0/gems/activesupport-4.0.2/lib/active_support/dependencies.rb:229:in `require'
/Users/apple/.rvm/gems/ruby-2.1.0/gems/railties-4.0.2/lib/rails/test_unit/sub_test_task.rb:73:in `block (3 levels) in define'
/Users/apple/.rvm/gems/ruby-2.1.0/gems/railties-4.0.2/lib/rails/test_unit/sub_test_task.rb:73:in `each'
/Users/apple/.rvm/gems/ruby-2.1.0/gems/railties-4.0.2/lib/rails/test_unit/sub_test_task.rb:73:in `block (2 levels) in define'
/Users/apple/.rvm/gems/ruby-2.1.0/gems/railties-4.0.2/lib/rails/test_unit/sub_test_task.rb:72:in `each'
/Users/apple/.rvm/gems/ruby-2.1.0/gems/railties-4.0.2/lib/rails/test_unit/sub_test_task.rb:72:in `block in define'
/Users/apple/.rvm/gems/ruby-2.1.0/gems/rake-10.1.1/lib/rake/task.rb:236:in `call'
/Users/apple/.rvm/gems/ruby-2.1.0/gems/rake-10.1.1/lib/rake/task.rb:236:in `block in execute'
/Users/apple/.rvm/gems/ruby-2.1.0/gems/rake-10.1.1/lib/rake/task.rb:231:in `each'
/Users/apple/.rvm/gems/ruby-2.1.0/gems/rake-10.1.1/lib/rake/task.rb:231:in `execute'
/Users/apple/.rvm/gems/ruby-2.1.0/gems/rake-10.1.1/lib/rake/task.rb:175:in `block in invoke_with_call_chain'
/Users/apple/.rvm/rubies/ruby-2.1.0/lib/ruby/2.1.0/monitor.rb:211:in `mon_synchronize'
/Users/apple/.rvm/gems/ruby-2.1.0/gems/rake-10.1.1/lib/rake/task.rb:168:in `invoke_with_call_chain'
/Users/apple/.rvm/gems/ruby-2.1.0/gems/rake-10.1.1/lib/rake/task.rb:197:in `block in invoke_prerequisites'
/Users/apple/.rvm/gems/ruby-2.1.0/gems/rake-10.1.1/lib/rake/task.rb:195:in `each'
/Users/apple/.rvm/gems/ruby-2.1.0/gems/rake-10.1.1/lib/rake/task.rb:195:in `invoke_prerequisites'
/Users/apple/.rvm/gems/ruby-2.1.0/gems/rake-10.1.1/lib/rake/task.rb:174:in `block in invoke_with_call_chain'
/Users/apple/.rvm/rubies/ruby-2.1.0/lib/ruby/2.1.0/monitor.rb:211:in `mon_synchronize'
/Users/apple/.rvm/gems/ruby-2.1.0/gems/rake-10.1.1/lib/rake/task.rb:168:in `invoke_with_call_chain'
/Users/apple/.rvm/gems/ruby-2.1.0/gems/rake-10.1.1/lib/rake/task.rb:161:in `invoke'
/Users/apple/.rvm/gems/ruby-2.1.0/gems/railties-4.0.2/lib/rails/test_unit/testing.rake:61:in `block in <top (required)>'
/Users/apple/.rvm/gems/ruby-2.1.0/gems/rake-10.1.1/lib/rake/task.rb:236:in `call'
/Users/apple/.rvm/gems/ruby-2.1.0/gems/rake-10.1.1/lib/rake/task.rb:236:in `block in execute'
/Users/apple/.rvm/gems/ruby-2.1.0/gems/rake-10.1.1/lib/rake/task.rb:231:in `each'
/Users/apple/.rvm/gems/ruby-2.1.0/gems/rake-10.1.1/lib/rake/task.rb:231:in `execute'
/Users/apple/.rvm/gems/ruby-2.1.0/gems/rake-10.1.1/lib/rake/task.rb:175:in `block in invoke_with_call_chain'
/Users/apple/.rvm/rubies/ruby-2.1.0/lib/ruby/2.1.0/monitor.rb:211:in `mon_synchronize'
/Users/apple/.rvm/gems/ruby-2.1.0/gems/rake-10.1.1/lib/rake/task.rb:168:in `invoke_with_call_chain'
/Users/apple/.rvm/gems/ruby-2.1.0/gems/rake-10.1.1/lib/rake/task.rb:197:in `block in invoke_prerequisites'
/Users/apple/.rvm/gems/ruby-2.1.0/gems/rake-10.1.1/lib/rake/task.rb:195:in `each'
/Users/apple/.rvm/gems/ruby-2.1.0/gems/rake-10.1.1/lib/rake/task.rb:195:in `invoke_prerequisites'
/Users/apple/.rvm/gems/ruby-2.1.0/gems/rake-10.1.1/lib/rake/task.rb:174:in `block in invoke_with_call_chain'
/Users/apple/.rvm/rubies/ruby-2.1.0/lib/ruby/2.1.0/monitor.rb:211:in `mon_synchronize'
/Users/apple/.rvm/gems/ruby-2.1.0/gems/rake-10.1.1/lib/rake/task.rb:168:in `invoke_with_call_chain'
/Users/apple/.rvm/gems/ruby-2.1.0/gems/rake-10.1.1/lib/rake/task.rb:161:in `invoke'
/Users/apple/.rvm/gems/ruby-2.1.0/gems/rake-10.1.1/lib/rake/application.rb:149:in `invoke_task'
/Users/apple/.rvm/gems/ruby-2.1.0/gems/rake-10.1.1/lib/rake/application.rb:106:in `block (2 levels) in top_level'
/Users/apple/.rvm/gems/ruby-2.1.0/gems/rake-10.1.1/lib/rake/application.rb:106:in `each'
/Users/apple/.rvm/gems/ruby-2.1.0/gems/rake-10.1.1/lib/rake/application.rb:106:in `block in top_level'
/Users/apple/.rvm/gems/ruby-2.1.0/gems/rake-10.1.1/lib/rake/application.rb:115:in `run_with_threads'
/Users/apple/.rvm/gems/ruby-2.1.0/gems/rake-10.1.1/lib/rake/application.rb:100:in `top_level'
/Users/apple/.rvm/gems/ruby-2.1.0/gems/rake-10.1.1/lib/rake/application.rb:78:in `block in run'
/Users/apple/.rvm/gems/ruby-2.1.0/gems/rake-10.1.1/lib/rake/application.rb:165:in `standard_exception_handling'
/Users/apple/.rvm/gems/ruby-2.1.0/gems/rake-10.1.1/lib/rake/application.rb:75:in `run'
/Users/apple/.rvm/gems/ruby-2.1.0/gems/rake-10.1.1/bin/rake:33:in `<top (required)>'
/Users/apple/.rvm/gems/ruby-2.1.0/bin/rake:23:in `load'
/Users/apple/.rvm/gems/ruby-2.1.0/bin/rake:23:in `<main>'
/Users/apple/.rvm/gems/ruby-2.1.0/bin/ruby_executable_hooks:15:in `eval'
/Users/apple/.rvm/gems/ruby-2.1.0/bin/ruby_executable_hooks:15:in `<main>'
Unable to load usertalk, underlying cause No such file to load -- usertalk 

 /Users/apple/.rvm/gems/ruby-2.1.0/gems/activesupport-4.0.2/lib/active_support/dependencies.rb:229:in `require'
/Users/apple/.rvm/gems/ruby-2.1.0/gems/activesupport-4.0.2/lib/active_support/dependencies.rb:229:in `block in require'
/Users/apple/.rvm/gems/ruby-2.1.0/gems/activesupport-4.0.2/lib/active_support/dependencies.rb:214:in `load_dependency'
/Users/apple/.rvm/gems/ruby-2.1.0/gems/activesupport-4.0.2/lib/active_support/dependencies.rb:229:in `require'
/Users/apple/.rvm/gems/ruby-2.1.0/gems/activesupport-4.0.2/lib/active_support/dependencies.rb:330:in `require_or_load'
/Users/apple/.rvm/gems/ruby-2.1.0/gems/activesupport-4.0.2/lib/active_support/dependencies.rb:289:in `depend_on'
/Users/apple/.rvm/gems/ruby-2.1.0/gems/activesupport-4.0.2/lib/active_support/dependencies.rb:207:in `require_dependency'
/Users/apple/.rvm/gems/ruby-2.1.0/gems/activerecord-4.0.2/lib/active_record/fixtures.rb:773:in `try_to_load_dependency'
/Users/apple/.rvm/gems/ruby-2.1.0/gems/activerecord-4.0.2/lib/active_record/fixtures.rb:792:in `block in require_fixture_classes'
/Users/apple/.rvm/gems/ruby-2.1.0/gems/activerecord-4.0.2/lib/active_record/fixtures.rb:790:in `each'
/Users/apple/.rvm/gems/ruby-2.1.0/gems/activerecord-4.0.2/lib/active_record/fixtures.rb:790:in `require_fixture_classes'
/Users/apple/.rvm/gems/ruby-2.1.0/gems/activerecord-4.0.2/lib/active_record/fixtures.rb:768:in `fixtures'
/Users/apple/projects/TempIoIo/test/test_helper.rb:12:in `<class:TestCase>'
/Users/apple/projects/TempIoIo/test/test_helper.rb:5:in `<top (required)>'
/Users/apple/.rvm/gems/ruby-2.1.0/gems/activesupport-4.0.2/lib/active_support/dependencies.rb:229:in `require'
/Users/apple/.rvm/gems/ruby-2.1.0/gems/activesupport-4.0.2/lib/active_support/dependencies.rb:229:in `block in require'
/Users/apple/.rvm/gems/ruby-2.1.0/gems/activesupport-4.0.2/lib/active_support/dependencies.rb:214:in `load_dependency'
/Users/apple/.rvm/gems/ruby-2.1.0/gems/activesupport-4.0.2/lib/active_support/dependencies.rb:229:in `require'
/Users/apple/projects/TempIoIo/test/helpers/first_page_helper_test.rb:1:in `<top (required)>'
/Users/apple/.rvm/gems/ruby-2.1.0/gems/activesupport-4.0.2/lib/active_support/dependencies.rb:229:in `require'
/Users/apple/.rvm/gems/ruby-2.1.0/gems/activesupport-4.0.2/lib/active_support/dependencies.rb:229:in `block in require'
/Users/apple/.rvm/gems/ruby-2.1.0/gems/activesupport-4.0.2/lib/active_support/dependencies.rb:214:in `load_dependency'
/Users/apple/.rvm/gems/ruby-2.1.0/gems/activesupport-4.0.2/lib/active_support/dependencies.rb:229:in `require'
/Users/apple/.rvm/gems/ruby-2.1.0/gems/railties-4.0.2/lib/rails/test_unit/sub_test_task.rb:73:in `block (3 levels) in define'
/Users/apple/.rvm/gems/ruby-2.1.0/gems/railties-4.0.2/lib/rails/test_unit/sub_test_task.rb:73:in `each'
/Users/apple/.rvm/gems/ruby-2.1.0/gems/railties-4.0.2/lib/rails/test_unit/sub_test_task.rb:73:in `block (2 levels) in define'
/Users/apple/.rvm/gems/ruby-2.1.0/gems/railties-4.0.2/lib/rails/test_unit/sub_test_task.rb:72:in `each'
/Users/apple/.rvm/gems/ruby-2.1.0/gems/railties-4.0.2/lib/rails/test_unit/sub_test_task.rb:72:in `block in define'
/Users/apple/.rvm/gems/ruby-2.1.0/gems/rake-10.1.1/lib/rake/task.rb:236:in `call'
/Users/apple/.rvm/gems/ruby-2.1.0/gems/rake-10.1.1/lib/rake/task.rb:236:in `block in execute'
/Users/apple/.rvm/gems/ruby-2.1.0/gems/rake-10.1.1/lib/rake/task.rb:231:in `each'
/Users/apple/.rvm/gems/ruby-2.1.0/gems/rake-10.1.1/lib/rake/task.rb:231:in `execute'
/Users/apple/.rvm/gems/ruby-2.1.0/gems/rake-10.1.1/lib/rake/task.rb:175:in `block in invoke_with_call_chain'
/Users/apple/.rvm/rubies/ruby-2.1.0/lib/ruby/2.1.0/monitor.rb:211:in `mon_synchronize'
/Users/apple/.rvm/gems/ruby-2.1.0/gems/rake-10.1.1/lib/rake/task.rb:168:in `invoke_with_call_chain'
/Users/apple/.rvm/gems/ruby-2.1.0/gems/rake-10.1.1/lib/rake/task.rb:197:in `block in invoke_prerequisites'
/Users/apple/.rvm/gems/ruby-2.1.0/gems/rake-10.1.1/lib/rake/task.rb:195:in `each'
/Users/apple/.rvm/gems/ruby-2.1.0/gems/rake-10.1.1/lib/rake/task.rb:195:in `invoke_prerequisites'
/Users/apple/.rvm/gems/ruby-2.1.0/gems/rake-10.1.1/lib/rake/task.rb:174:in `block in invoke_with_call_chain'
/Users/apple/.rvm/rubies/ruby-2.1.0/lib/ruby/2.1.0/monitor.rb:211:in `mon_synchronize'
/Users/apple/.rvm/gems/ruby-2.1.0/gems/rake-10.1.1/lib/rake/task.rb:168:in `invoke_with_call_chain'
/Users/apple/.rvm/gems/ruby-2.1.0/gems/rake-10.1.1/lib/rake/task.rb:161:in `invoke'
/Users/apple/.rvm/gems/ruby-2.1.0/gems/railties-4.0.2/lib/rails/test_unit/testing.rake:61:in `block in <top (required)>'
/Users/apple/.rvm/gems/ruby-2.1.0/gems/rake-10.1.1/lib/rake/task.rb:236:in `call'
/Users/apple/.rvm/gems/ruby-2.1.0/gems/rake-10.1.1/lib/rake/task.rb:236:in `block in execute'
/Users/apple/.rvm/gems/ruby-2.1.0/gems/rake-10.1.1/lib/rake/task.rb:231:in `each'
/Users/apple/.rvm/gems/ruby-2.1.0/gems/rake-10.1.1/lib/rake/task.rb:231:in `execute'
/Users/apple/.rvm/gems/ruby-2.1.0/gems/rake-10.1.1/lib/rake/task.rb:175:in `block in invoke_with_call_chain'
/Users/apple/.rvm/rubies/ruby-2.1.0/lib/ruby/2.1.0/monitor.rb:211:in `mon_synchronize'
/Users/apple/.rvm/gems/ruby-2.1.0/gems/rake-10.1.1/lib/rake/task.rb:168:in `invoke_with_call_chain'
/Users/apple/.rvm/gems/ruby-2.1.0/gems/rake-10.1.1/lib/rake/task.rb:197:in `block in invoke_prerequisites'
/Users/apple/.rvm/gems/ruby-2.1.0/gems/rake-10.1.1/lib/rake/task.rb:195:in `each'
/Users/apple/.rvm/gems/ruby-2.1.0/gems/rake-10.1.1/lib/rake/task.rb:195:in `invoke_prerequisites'
/Users/apple/.rvm/gems/ruby-2.1.0/gems/rake-10.1.1/lib/rake/task.rb:174:in `block in invoke_with_call_chain'
/Users/apple/.rvm/rubies/ruby-2.1.0/lib/ruby/2.1.0/monitor.rb:211:in `mon_synchronize'
/Users/apple/.rvm/gems/ruby-2.1.0/gems/rake-10.1.1/lib/rake/task.rb:168:in `invoke_with_call_chain'
/Users/apple/.rvm/gems/ruby-2.1.0/gems/rake-10.1.1/lib/rake/task.rb:161:in `invoke'
/Users/apple/.rvm/gems/ruby-2.1.0/gems/rake-10.1.1/lib/rake/application.rb:149:in `invoke_task'
/Users/apple/.rvm/gems/ruby-2.1.0/gems/rake-10.1.1/lib/rake/application.rb:106:in `block (2 levels) in top_level'
/Users/apple/.rvm/gems/ruby-2.1.0/gems/rake-10.1.1/lib/rake/application.rb:106:in `each'
/Users/apple/.rvm/gems/ruby-2.1.0/gems/rake-10.1.1/lib/rake/application.rb:106:in `block in top_level'
/Users/apple/.rvm/gems/ruby-2.1.0/gems/rake-10.1.1/lib/rake/application.rb:115:in `run_with_threads'
/Users/apple/.rvm/gems/ruby-2.1.0/gems/rake-10.1.1/lib/rake/application.rb:100:in `top_level'
/Users/apple/.rvm/gems/ruby-2.1.0/gems/rake-10.1.1/lib/rake/application.rb:78:in `block in run'
/Users/apple/.rvm/gems/ruby-2.1.0/gems/rake-10.1.1/lib/rake/application.rb:165:in `standard_exception_handling'
/Users/apple/.rvm/gems/ruby-2.1.0/gems/rake-10.1.1/lib/rake/application.rb:75:in `run'
/Users/apple/.rvm/gems/ruby-2.1.0/gems/rake-10.1.1/bin/rake:33:in `<top (required)>'
/Users/apple/.rvm/gems/ruby-2.1.0/bin/rake:23:in `load'
/Users/apple/.rvm/gems/ruby-2.1.0/bin/rake:23:in `<main>'
/Users/apple/.rvm/gems/ruby-2.1.0/bin/ruby_executable_hooks:15:in `eval'
/Users/apple/.rvm/gems/ruby-2.1.0/bin/ruby_executable_hooks:15:in `<main>'
  [1m[36m (0.1ms)[0m  [1mbegin transaction[0m
  [1m[35mFixture Delete (0.2ms)[0m  DELETE FROM "acadamic_histories"
  [1m[36mFixture Insert (0.1ms)[0m  [1mINSERT INTO "acadamic_histories" ("user_id", "school", "department", "year", "degree", "nation", "created_at", "updated_at", "id") VALUES (1, 'MyString', 'MyString', 'MyString', 'MyString', 'MyString', '2014-02-18 09:09:29', '2014-02-18 09:09:29', 980190962)[0m
  [1m[35mFixture Insert (0.1ms)[0m  INSERT INTO "acadamic_histories" ("user_id", "school", "department", "year", "degree", "nation", "created_at", "updated_at", "id") VALUES (1, 'MyString', 'MyString', 'MyString', 'MyString', 'MyString', '2014-02-18 09:09:29', '2014-02-18 09:09:29', 298486374)
  [1m[36mFixture Delete (0.1ms)[0m  [1mDELETE FROM "comments"[0m
SQLite3::SQLException: no such table: comments: DELETE FROM "comments"
  [1m[35m (0.3ms)[0m  rollback transaction
  [1m[36m (1.0ms)[0m  [1mCREATE TABLE "acadamic_histories" ("id" INTEGER PRIMARY KEY AUTOINCREMENT NOT NULL, "user_id" integer, "school" varchar(255), "department" varchar(255), "year" varchar(255), "degree" varchar(255), "nation" varchar(255), "created_at" datetime, "updated_at" datetime) [0m
  [1m[35m (0.8ms)[0m  CREATE TABLE "process_lists" ("id" INTEGER PRIMARY KEY AUTOINCREMENT NOT NULL, "title" varchar(255), "process_type" varchar(255), "sequence" integer, "created_at" datetime, "updated_at" datetime) 
  [1m[36m (0.8ms)[0m  [1mCREATE TABLE "speaker_profiles" ("id" INTEGER PRIMARY KEY AUTOINCREMENT NOT NULL, "user_id" integer, "bio" text, "photo" varchar(255), "created_at" datetime, "updated_at" datetime, "eng_name" varchar(255), "chi_name" varchar(255)) [0m
  [1m[35m (0.7ms)[0m  CREATE TABLE "talk_process_lists" ("id" INTEGER PRIMARY KEY AUTOINCREMENT NOT NULL, "talk_id" integer, "process_id" integer, "created_at" datetime, "updated_at" datetime) 
  [1m[36m (0.8ms)[0m  [1mCREATE TABLE "talks" ("id" INTEGER PRIMARY KEY AUTOINCREMENT NOT NULL, "title" varchar(255), "intro" text, "bg" varchar(255), "poster" varchar(255), "slide1" varchar(255), "slide2" varchar(255), "slide3" varchar(255), "videourl1" varchar(255), "videourl2" varchar(255), "videourl3" varchar(255), "videocomment1" text, "videocomment2" text, "videocomment3" text, "feedback1" varchar(255), "feedback2" varchar(255), "feedback3" varchar(255), "signup" datetime, "created_at" datetime, "updated_at" datetime, "photography_file_name" varchar(255), "photography_content_type" varchar(255), "photography_file_size" integer, "photography_updated_at" datetime, "speaker_profile_id" integer) [0m
  [1m[35m (0.8ms)[0m  CREATE TABLE "user_talks" ("id" INTEGER PRIMARY KEY AUTOINCREMENT NOT NULL, "created_at" datetime, "updated_at" datetime, "user_id" integer, "talk_id" integer) 
  [1m[36m (0.8ms)[0m  [1mCREATE TABLE "usercomments" ("id" INTEGER PRIMARY KEY AUTOINCREMENT NOT NULL, "user_id" integer, "comment_id" integer, "created_at" datetime, "updated_at" datetime) [0m
  [1m[35m (0.8ms)[0m  CREATE TABLE "users" ("id" INTEGER PRIMARY KEY AUTOINCREMENT NOT NULL, "email" varchar(255) DEFAULT '' NOT NULL, "encrypted_password" varchar(255) DEFAULT '' NOT NULL, "reset_password_token" varchar(255), "reset_password_sent_at" datetime, "remember_created_at" datetime, "sign_in_count" integer DEFAULT 0 NOT NULL, "current_sign_in_at" datetime, "last_sign_in_at" datetime, "current_sign_in_ip" varchar(255), "last_sign_in_ip" varchar(255), "created_at" datetime, "updated_at" datetime, "role" varchar(255), "name" varchar(255)) 
  [1m[36m (0.8ms)[0m  [1mCREATE UNIQUE INDEX "index_users_on_email" ON "users" ("email")[0m
  [1m[35m (0.9ms)[0m  CREATE UNIQUE INDEX "index_users_on_reset_password_token" ON "users" ("reset_password_token")
  [1m[36m (0.8ms)[0m  [1mCREATE TABLE "schema_migrations" ("version" varchar(255) NOT NULL) [0m
  [1m[35m (0.7ms)[0m  CREATE UNIQUE INDEX "unique_schema_migrations" ON "schema_migrations" ("version")
  [1m[36m (0.1ms)[0m  [1mSELECT version FROM "schema_migrations"[0m
  [1m[35m (0.7ms)[0m  INSERT INTO "schema_migrations" (version) VALUES ('20140218055353')
  [1m[36m (0.7ms)[0m  [1mINSERT INTO "schema_migrations" (version) VALUES ('20140211062520')[0m
  [1m[35m (0.7ms)[0m  INSERT INTO "schema_migrations" (version) VALUES ('20140211070234')
  [1m[36m (0.7ms)[0m  [1mINSERT INTO "schema_migrations" (version) VALUES ('20140211071831')[0m
  [1m[35m (0.6ms)[0m  INSERT INTO "schema_migrations" (version) VALUES ('20140211072311')
  [1m[36m (0.8ms)[0m  [1mINSERT INTO "schema_migrations" (version) VALUES ('20140211072456')[0m
  [1m[35m (0.7ms)[0m  INSERT INTO "schema_migrations" (version) VALUES ('20140211074844')
  [1m[36m (0.7ms)[0m  [1mINSERT INTO "schema_migrations" (version) VALUES ('20140211074918')[0m
  [1m[35m (0.7ms)[0m  INSERT INTO "schema_migrations" (version) VALUES ('20140211075954')
  [1m[36m (0.8ms)[0m  [1mINSERT INTO "schema_migrations" (version) VALUES ('20140211083329')[0m
  [1m[35m (0.7ms)[0m  INSERT INTO "schema_migrations" (version) VALUES ('20140212094058')
  [1m[36m (0.7ms)[0m  [1mINSERT INTO "schema_migrations" (version) VALUES ('20140213043514')[0m
  [1m[35m (0.9ms)[0m  INSERT INTO "schema_migrations" (version) VALUES ('20140213071013')
  [1m[36m (0.8ms)[0m  [1mINSERT INTO "schema_migrations" (version) VALUES ('20140213071757')[0m
  [1m[35m (0.7ms)[0m  INSERT INTO "schema_migrations" (version) VALUES ('20140213072209')
  [1m[36mActiveRecord::SchemaMigration Load (0.1ms)[0m  [1mSELECT "schema_migrations".* FROM "schema_migrations"[0m
  [1m[35mActiveRecord::SchemaMigration Load (0.1ms)[0m  SELECT "schema_migrations".* FROM "schema_migrations"
Unable to load comment, underlying cause No such file to load -- comment 

 /Users/apple/.rvm/gems/ruby-2.1.0/gems/activesupport-4.0.2/lib/active_support/dependencies.rb:229:in `require'
/Users/apple/.rvm/gems/ruby-2.1.0/gems/activesupport-4.0.2/lib/active_support/dependencies.rb:229:in `block in require'
/Users/apple/.rvm/gems/ruby-2.1.0/gems/activesupport-4.0.2/lib/active_support/dependencies.rb:214:in `load_dependency'
/Users/apple/.rvm/gems/ruby-2.1.0/gems/activesupport-4.0.2/lib/active_support/dependencies.rb:229:in `require'
/Users/apple/.rvm/gems/ruby-2.1.0/gems/activesupport-4.0.2/lib/active_support/dependencies.rb:330:in `require_or_load'
/Users/apple/.rvm/gems/ruby-2.1.0/gems/activesupport-4.0.2/lib/active_support/dependencies.rb:289:in `depend_on'
/Users/apple/.rvm/gems/ruby-2.1.0/gems/activesupport-4.0.2/lib/active_support/dependencies.rb:207:in `require_dependency'
/Users/apple/.rvm/gems/ruby-2.1.0/gems/activerecord-4.0.2/lib/active_record/fixtures.rb:773:in `try_to_load_dependency'
/Users/apple/.rvm/gems/ruby-2.1.0/gems/activerecord-4.0.2/lib/active_record/fixtures.rb:792:in `block in require_fixture_classes'
/Users/apple/.rvm/gems/ruby-2.1.0/gems/activerecord-4.0.2/lib/active_record/fixtures.rb:790:in `each'
/Users/apple/.rvm/gems/ruby-2.1.0/gems/activerecord-4.0.2/lib/active_record/fixtures.rb:790:in `require_fixture_classes'
/Users/apple/.rvm/gems/ruby-2.1.0/gems/activerecord-4.0.2/lib/active_record/fixtures.rb:768:in `fixtures'
/Users/apple/projects/TempIoIo/test/test_helper.rb:12:in `<class:TestCase>'
/Users/apple/projects/TempIoIo/test/test_helper.rb:5:in `<top (required)>'
/Users/apple/.rvm/gems/ruby-2.1.0/gems/activesupport-4.0.2/lib/active_support/dependencies.rb:229:in `require'
/Users/apple/.rvm/gems/ruby-2.1.0/gems/activesupport-4.0.2/lib/active_support/dependencies.rb:229:in `block in require'
/Users/apple/.rvm/gems/ruby-2.1.0/gems/activesupport-4.0.2/lib/active_support/dependencies.rb:214:in `load_dependency'
/Users/apple/.rvm/gems/ruby-2.1.0/gems/activesupport-4.0.2/lib/active_support/dependencies.rb:229:in `require'
/Users/apple/projects/TempIoIo/test/helpers/first_page_helper_test.rb:1:in `<top (required)>'
/Users/apple/.rvm/gems/ruby-2.1.0/gems/activesupport-4.0.2/lib/active_support/dependencies.rb:229:in `require'
/Users/apple/.rvm/gems/ruby-2.1.0/gems/activesupport-4.0.2/lib/active_support/dependencies.rb:229:in `block in require'
/Users/apple/.rvm/gems/ruby-2.1.0/gems/activesupport-4.0.2/lib/active_support/dependencies.rb:214:in `load_dependency'
/Users/apple/.rvm/gems/ruby-2.1.0/gems/activesupport-4.0.2/lib/active_support/dependencies.rb:229:in `require'
/Users/apple/.rvm/gems/ruby-2.1.0/gems/railties-4.0.2/lib/rails/test_unit/sub_test_task.rb:73:in `block (3 levels) in define'
/Users/apple/.rvm/gems/ruby-2.1.0/gems/railties-4.0.2/lib/rails/test_unit/sub_test_task.rb:73:in `each'
/Users/apple/.rvm/gems/ruby-2.1.0/gems/railties-4.0.2/lib/rails/test_unit/sub_test_task.rb:73:in `block (2 levels) in define'
/Users/apple/.rvm/gems/ruby-2.1.0/gems/railties-4.0.2/lib/rails/test_unit/sub_test_task.rb:72:in `each'
/Users/apple/.rvm/gems/ruby-2.1.0/gems/railties-4.0.2/lib/rails/test_unit/sub_test_task.rb:72:in `block in define'
/Users/apple/.rvm/gems/ruby-2.1.0/gems/rake-10.1.1/lib/rake/task.rb:236:in `call'
/Users/apple/.rvm/gems/ruby-2.1.0/gems/rake-10.1.1/lib/rake/task.rb:236:in `block in execute'
/Users/apple/.rvm/gems/ruby-2.1.0/gems/rake-10.1.1/lib/rake/task.rb:231:in `each'
/Users/apple/.rvm/gems/ruby-2.1.0/gems/rake-10.1.1/lib/rake/task.rb:231:in `execute'
/Users/apple/.rvm/gems/ruby-2.1.0/gems/rake-10.1.1/lib/rake/task.rb:175:in `block in invoke_with_call_chain'
/Users/apple/.rvm/rubies/ruby-2.1.0/lib/ruby/2.1.0/monitor.rb:211:in `mon_synchronize'
/Users/apple/.rvm/gems/ruby-2.1.0/gems/rake-10.1.1/lib/rake/task.rb:168:in `invoke_with_call_chain'
/Users/apple/.rvm/gems/ruby-2.1.0/gems/rake-10.1.1/lib/rake/task.rb:197:in `block in invoke_prerequisites'
/Users/apple/.rvm/gems/ruby-2.1.0/gems/rake-10.1.1/lib/rake/task.rb:195:in `each'
/Users/apple/.rvm/gems/ruby-2.1.0/gems/rake-10.1.1/lib/rake/task.rb:195:in `invoke_prerequisites'
/Users/apple/.rvm/gems/ruby-2.1.0/gems/rake-10.1.1/lib/rake/task.rb:174:in `block in invoke_with_call_chain'
/Users/apple/.rvm/rubies/ruby-2.1.0/lib/ruby/2.1.0/monitor.rb:211:in `mon_synchronize'
/Users/apple/.rvm/gems/ruby-2.1.0/gems/rake-10.1.1/lib/rake/task.rb:168:in `invoke_with_call_chain'
/Users/apple/.rvm/gems/ruby-2.1.0/gems/rake-10.1.1/lib/rake/task.rb:161:in `invoke'
/Users/apple/.rvm/gems/ruby-2.1.0/gems/railties-4.0.2/lib/rails/test_unit/testing.rake:61:in `block in <top (required)>'
/Users/apple/.rvm/gems/ruby-2.1.0/gems/rake-10.1.1/lib/rake/task.rb:236:in `call'
/Users/apple/.rvm/gems/ruby-2.1.0/gems/rake-10.1.1/lib/rake/task.rb:236:in `block in execute'
/Users/apple/.rvm/gems/ruby-2.1.0/gems/rake-10.1.1/lib/rake/task.rb:231:in `each'
/Users/apple/.rvm/gems/ruby-2.1.0/gems/rake-10.1.1/lib/rake/task.rb:231:in `execute'
/Users/apple/.rvm/gems/ruby-2.1.0/gems/rake-10.1.1/lib/rake/task.rb:175:in `block in invoke_with_call_chain'
/Users/apple/.rvm/rubies/ruby-2.1.0/lib/ruby/2.1.0/monitor.rb:211:in `mon_synchronize'
/Users/apple/.rvm/gems/ruby-2.1.0/gems/rake-10.1.1/lib/rake/task.rb:168:in `invoke_with_call_chain'
/Users/apple/.rvm/gems/ruby-2.1.0/gems/rake-10.1.1/lib/rake/task.rb:197:in `block in invoke_prerequisites'
/Users/apple/.rvm/gems/ruby-2.1.0/gems/rake-10.1.1/lib/rake/task.rb:195:in `each'
/Users/apple/.rvm/gems/ruby-2.1.0/gems/rake-10.1.1/lib/rake/task.rb:195:in `invoke_prerequisites'
/Users/apple/.rvm/gems/ruby-2.1.0/gems/rake-10.1.1/lib/rake/task.rb:174:in `block in invoke_with_call_chain'
/Users/apple/.rvm/rubies/ruby-2.1.0/lib/ruby/2.1.0/monitor.rb:211:in `mon_synchronize'
/Users/apple/.rvm/gems/ruby-2.1.0/gems/rake-10.1.1/lib/rake/task.rb:168:in `invoke_with_call_chain'
/Users/apple/.rvm/gems/ruby-2.1.0/gems/rake-10.1.1/lib/rake/task.rb:161:in `invoke'
/Users/apple/.rvm/gems/ruby-2.1.0/gems/rake-10.1.1/lib/rake/application.rb:149:in `invoke_task'
/Users/apple/.rvm/gems/ruby-2.1.0/gems/rake-10.1.1/lib/rake/application.rb:106:in `block (2 levels) in top_level'
/Users/apple/.rvm/gems/ruby-2.1.0/gems/rake-10.1.1/lib/rake/application.rb:106:in `each'
/Users/apple/.rvm/gems/ruby-2.1.0/gems/rake-10.1.1/lib/rake/application.rb:106:in `block in top_level'
/Users/apple/.rvm/gems/ruby-2.1.0/gems/rake-10.1.1/lib/rake/application.rb:115:in `run_with_threads'
/Users/apple/.rvm/gems/ruby-2.1.0/gems/rake-10.1.1/lib/rake/application.rb:100:in `top_level'
/Users/apple/.rvm/gems/ruby-2.1.0/gems/rake-10.1.1/lib/rake/application.rb:78:in `block in run'
/Users/apple/.rvm/gems/ruby-2.1.0/gems/rake-10.1.1/lib/rake/application.rb:165:in `standard_exception_handling'
/Users/apple/.rvm/gems/ruby-2.1.0/gems/rake-10.1.1/lib/rake/application.rb:75:in `run'
/Users/apple/.rvm/gems/ruby-2.1.0/gems/rake-10.1.1/bin/rake:33:in `<top (required)>'
/Users/apple/.rvm/gems/ruby-2.1.0/bin/rake:23:in `load'
/Users/apple/.rvm/gems/ruby-2.1.0/bin/rake:23:in `<main>'
/Users/apple/.rvm/gems/ruby-2.1.0/bin/ruby_executable_hooks:15:in `eval'
/Users/apple/.rvm/gems/ruby-2.1.0/bin/ruby_executable_hooks:15:in `<main>'
Unable to load usertalk, underlying cause No such file to load -- usertalk 

 /Users/apple/.rvm/gems/ruby-2.1.0/gems/activesupport-4.0.2/lib/active_support/dependencies.rb:229:in `require'
/Users/apple/.rvm/gems/ruby-2.1.0/gems/activesupport-4.0.2/lib/active_support/dependencies.rb:229:in `block in require'
/Users/apple/.rvm/gems/ruby-2.1.0/gems/activesupport-4.0.2/lib/active_support/dependencies.rb:214:in `load_dependency'
/Users/apple/.rvm/gems/ruby-2.1.0/gems/activesupport-4.0.2/lib/active_support/dependencies.rb:229:in `require'
/Users/apple/.rvm/gems/ruby-2.1.0/gems/activesupport-4.0.2/lib/active_support/dependencies.rb:330:in `require_or_load'
/Users/apple/.rvm/gems/ruby-2.1.0/gems/activesupport-4.0.2/lib/active_support/dependencies.rb:289:in `depend_on'
/Users/apple/.rvm/gems/ruby-2.1.0/gems/activesupport-4.0.2/lib/active_support/dependencies.rb:207:in `require_dependency'
/Users/apple/.rvm/gems/ruby-2.1.0/gems/activerecord-4.0.2/lib/active_record/fixtures.rb:773:in `try_to_load_dependency'
/Users/apple/.rvm/gems/ruby-2.1.0/gems/activerecord-4.0.2/lib/active_record/fixtures.rb:792:in `block in require_fixture_classes'
/Users/apple/.rvm/gems/ruby-2.1.0/gems/activerecord-4.0.2/lib/active_record/fixtures.rb:790:in `each'
/Users/apple/.rvm/gems/ruby-2.1.0/gems/activerecord-4.0.2/lib/active_record/fixtures.rb:790:in `require_fixture_classes'
/Users/apple/.rvm/gems/ruby-2.1.0/gems/activerecord-4.0.2/lib/active_record/fixtures.rb:768:in `fixtures'
/Users/apple/projects/TempIoIo/test/test_helper.rb:12:in `<class:TestCase>'
/Users/apple/projects/TempIoIo/test/test_helper.rb:5:in `<top (required)>'
/Users/apple/.rvm/gems/ruby-2.1.0/gems/activesupport-4.0.2/lib/active_support/dependencies.rb:229:in `require'
/Users/apple/.rvm/gems/ruby-2.1.0/gems/activesupport-4.0.2/lib/active_support/dependencies.rb:229:in `block in require'
/Users/apple/.rvm/gems/ruby-2.1.0/gems/activesupport-4.0.2/lib/active_support/dependencies.rb:214:in `load_dependency'
/Users/apple/.rvm/gems/ruby-2.1.0/gems/activesupport-4.0.2/lib/active_support/dependencies.rb:229:in `require'
/Users/apple/projects/TempIoIo/test/helpers/first_page_helper_test.rb:1:in `<top (required)>'
/Users/apple/.rvm/gems/ruby-2.1.0/gems/activesupport-4.0.2/lib/active_support/dependencies.rb:229:in `require'
/Users/apple/.rvm/gems/ruby-2.1.0/gems/activesupport-4.0.2/lib/active_support/dependencies.rb:229:in `block in require'
/Users/apple/.rvm/gems/ruby-2.1.0/gems/activesupport-4.0.2/lib/active_support/dependencies.rb:214:in `load_dependency'
/Users/apple/.rvm/gems/ruby-2.1.0/gems/activesupport-4.0.2/lib/active_support/dependencies.rb:229:in `require'
/Users/apple/.rvm/gems/ruby-2.1.0/gems/railties-4.0.2/lib/rails/test_unit/sub_test_task.rb:73:in `block (3 levels) in define'
/Users/apple/.rvm/gems/ruby-2.1.0/gems/railties-4.0.2/lib/rails/test_unit/sub_test_task.rb:73:in `each'
/Users/apple/.rvm/gems/ruby-2.1.0/gems/railties-4.0.2/lib/rails/test_unit/sub_test_task.rb:73:in `block (2 levels) in define'
/Users/apple/.rvm/gems/ruby-2.1.0/gems/railties-4.0.2/lib/rails/test_unit/sub_test_task.rb:72:in `each'
/Users/apple/.rvm/gems/ruby-2.1.0/gems/railties-4.0.2/lib/rails/test_unit/sub_test_task.rb:72:in `block in define'
/Users/apple/.rvm/gems/ruby-2.1.0/gems/rake-10.1.1/lib/rake/task.rb:236:in `call'
/Users/apple/.rvm/gems/ruby-2.1.0/gems/rake-10.1.1/lib/rake/task.rb:236:in `block in execute'
/Users/apple/.rvm/gems/ruby-2.1.0/gems/rake-10.1.1/lib/rake/task.rb:231:in `each'
/Users/apple/.rvm/gems/ruby-2.1.0/gems/rake-10.1.1/lib/rake/task.rb:231:in `execute'
/Users/apple/.rvm/gems/ruby-2.1.0/gems/rake-10.1.1/lib/rake/task.rb:175:in `block in invoke_with_call_chain'
/Users/apple/.rvm/rubies/ruby-2.1.0/lib/ruby/2.1.0/monitor.rb:211:in `mon_synchronize'
/Users/apple/.rvm/gems/ruby-2.1.0/gems/rake-10.1.1/lib/rake/task.rb:168:in `invoke_with_call_chain'
/Users/apple/.rvm/gems/ruby-2.1.0/gems/rake-10.1.1/lib/rake/task.rb:197:in `block in invoke_prerequisites'
/Users/apple/.rvm/gems/ruby-2.1.0/gems/rake-10.1.1/lib/rake/task.rb:195:in `each'
/Users/apple/.rvm/gems/ruby-2.1.0/gems/rake-10.1.1/lib/rake/task.rb:195:in `invoke_prerequisites'
/Users/apple/.rvm/gems/ruby-2.1.0/gems/rake-10.1.1/lib/rake/task.rb:174:in `block in invoke_with_call_chain'
/Users/apple/.rvm/rubies/ruby-2.1.0/lib/ruby/2.1.0/monitor.rb:211:in `mon_synchronize'
/Users/apple/.rvm/gems/ruby-2.1.0/gems/rake-10.1.1/lib/rake/task.rb:168:in `invoke_with_call_chain'
/Users/apple/.rvm/gems/ruby-2.1.0/gems/rake-10.1.1/lib/rake/task.rb:161:in `invoke'
/Users/apple/.rvm/gems/ruby-2.1.0/gems/railties-4.0.2/lib/rails/test_unit/testing.rake:61:in `block in <top (required)>'
/Users/apple/.rvm/gems/ruby-2.1.0/gems/rake-10.1.1/lib/rake/task.rb:236:in `call'
/Users/apple/.rvm/gems/ruby-2.1.0/gems/rake-10.1.1/lib/rake/task.rb:236:in `block in execute'
/Users/apple/.rvm/gems/ruby-2.1.0/gems/rake-10.1.1/lib/rake/task.rb:231:in `each'
/Users/apple/.rvm/gems/ruby-2.1.0/gems/rake-10.1.1/lib/rake/task.rb:231:in `execute'
/Users/apple/.rvm/gems/ruby-2.1.0/gems/rake-10.1.1/lib/rake/task.rb:175:in `block in invoke_with_call_chain'
/Users/apple/.rvm/rubies/ruby-2.1.0/lib/ruby/2.1.0/monitor.rb:211:in `mon_synchronize'
/Users/apple/.rvm/gems/ruby-2.1.0/gems/rake-10.1.1/lib/rake/task.rb:168:in `invoke_with_call_chain'
/Users/apple/.rvm/gems/ruby-2.1.0/gems/rake-10.1.1/lib/rake/task.rb:197:in `block in invoke_prerequisites'
/Users/apple/.rvm/gems/ruby-2.1.0/gems/rake-10.1.1/lib/rake/task.rb:195:in `each'
/Users/apple/.rvm/gems/ruby-2.1.0/gems/rake-10.1.1/lib/rake/task.rb:195:in `invoke_prerequisites'
/Users/apple/.rvm/gems/ruby-2.1.0/gems/rake-10.1.1/lib/rake/task.rb:174:in `block in invoke_with_call_chain'
/Users/apple/.rvm/rubies/ruby-2.1.0/lib/ruby/2.1.0/monitor.rb:211:in `mon_synchronize'
/Users/apple/.rvm/gems/ruby-2.1.0/gems/rake-10.1.1/lib/rake/task.rb:168:in `invoke_with_call_chain'
/Users/apple/.rvm/gems/ruby-2.1.0/gems/rake-10.1.1/lib/rake/task.rb:161:in `invoke'
/Users/apple/.rvm/gems/ruby-2.1.0/gems/rake-10.1.1/lib/rake/application.rb:149:in `invoke_task'
/Users/apple/.rvm/gems/ruby-2.1.0/gems/rake-10.1.1/lib/rake/application.rb:106:in `block (2 levels) in top_level'
/Users/apple/.rvm/gems/ruby-2.1.0/gems/rake-10.1.1/lib/rake/application.rb:106:in `each'
/Users/apple/.rvm/gems/ruby-2.1.0/gems/rake-10.1.1/lib/rake/application.rb:106:in `block in top_level'
/Users/apple/.rvm/gems/ruby-2.1.0/gems/rake-10.1.1/lib/rake/application.rb:115:in `run_with_threads'
/Users/apple/.rvm/gems/ruby-2.1.0/gems/rake-10.1.1/lib/rake/application.rb:100:in `top_level'
/Users/apple/.rvm/gems/ruby-2.1.0/gems/rake-10.1.1/lib/rake/application.rb:78:in `block in run'
/Users/apple/.rvm/gems/ruby-2.1.0/gems/rake-10.1.1/lib/rake/application.rb:165:in `standard_exception_handling'
/Users/apple/.rvm/gems/ruby-2.1.0/gems/rake-10.1.1/lib/rake/application.rb:75:in `run'
/Users/apple/.rvm/gems/ruby-2.1.0/gems/rake-10.1.1/bin/rake:33:in `<top (required)>'
/Users/apple/.rvm/gems/ruby-2.1.0/bin/rake:23:in `load'
/Users/apple/.rvm/gems/ruby-2.1.0/bin/rake:23:in `<main>'
/Users/apple/.rvm/gems/ruby-2.1.0/bin/ruby_executable_hooks:15:in `eval'
/Users/apple/.rvm/gems/ruby-2.1.0/bin/ruby_executable_hooks:15:in `<main>'
  [1m[36m (0.1ms)[0m  [1mbegin transaction[0m
  [1m[35mFixture Delete (0.2ms)[0m  DELETE FROM "acadamic_histories"
  [1m[36mFixture Insert (0.1ms)[0m  [1mINSERT INTO "acadamic_histories" ("user_id", "school", "department", "year", "degree", "nation", "created_at", "updated_at", "id") VALUES (1, 'MyString', 'MyString', 'MyString', 'MyString', 'MyString', '2014-02-18 09:10:52', '2014-02-18 09:10:52', 980190962)[0m
  [1m[35mFixture Insert (0.1ms)[0m  INSERT INTO "acadamic_histories" ("user_id", "school", "department", "year", "degree", "nation", "created_at", "updated_at", "id") VALUES (1, 'MyString', 'MyString', 'MyString', 'MyString', 'MyString', '2014-02-18 09:10:52', '2014-02-18 09:10:52', 298486374)
  [1m[36mFixture Delete (0.1ms)[0m  [1mDELETE FROM "comments"[0m
SQLite3::SQLException: no such table: comments: DELETE FROM "comments"
  [1m[35m (0.9ms)[0m  rollback transaction
  [1m[36m (1.7ms)[0m  [1mCREATE TABLE "acadamic_histories" ("id" INTEGER PRIMARY KEY AUTOINCREMENT NOT NULL, "user_id" integer, "school" varchar(255), "department" varchar(255), "year" varchar(255), "degree" varchar(255), "nation" varchar(255), "created_at" datetime, "updated_at" datetime) [0m
  [1m[35m (0.8ms)[0m  CREATE TABLE "process_lists" ("id" INTEGER PRIMARY KEY AUTOINCREMENT NOT NULL, "title" varchar(255), "process_type" varchar(255), "sequence" integer, "created_at" datetime, "updated_at" datetime) 
  [1m[36m (0.7ms)[0m  [1mCREATE TABLE "speaker_profiles" ("id" INTEGER PRIMARY KEY AUTOINCREMENT NOT NULL, "user_id" integer, "bio" text, "photo" varchar(255), "created_at" datetime, "updated_at" datetime, "eng_name" varchar(255), "chi_name" varchar(255)) [0m
  [1m[35m (0.7ms)[0m  CREATE TABLE "talk_process_lists" ("id" INTEGER PRIMARY KEY AUTOINCREMENT NOT NULL, "talk_id" integer, "process_id" integer, "created_at" datetime, "updated_at" datetime) 
  [1m[36m (0.8ms)[0m  [1mCREATE TABLE "talks" ("id" INTEGER PRIMARY KEY AUTOINCREMENT NOT NULL, "title" varchar(255), "intro" text, "bg" varchar(255), "poster" varchar(255), "slide1" varchar(255), "slide2" varchar(255), "slide3" varchar(255), "videourl1" varchar(255), "videourl2" varchar(255), "videourl3" varchar(255), "videocomment1" text, "videocomment2" text, "videocomment3" text, "feedback1" varchar(255), "feedback2" varchar(255), "feedback3" varchar(255), "signup" datetime, "created_at" datetime, "updated_at" datetime, "photography_file_name" varchar(255), "photography_content_type" varchar(255), "photography_file_size" integer, "photography_updated_at" datetime, "speaker_profile_id" integer) [0m
  [1m[35m (0.8ms)[0m  CREATE TABLE "user_talks" ("id" INTEGER PRIMARY KEY AUTOINCREMENT NOT NULL, "created_at" datetime, "updated_at" datetime, "user_id" integer, "talk_id" integer) 
  [1m[36m (0.7ms)[0m  [1mCREATE TABLE "usercomments" ("id" INTEGER PRIMARY KEY AUTOINCREMENT NOT NULL, "user_id" integer, "comment_id" integer, "created_at" datetime, "updated_at" datetime) [0m
  [1m[35m (0.8ms)[0m  CREATE TABLE "users" ("id" INTEGER PRIMARY KEY AUTOINCREMENT NOT NULL, "email" varchar(255) DEFAULT '' NOT NULL, "encrypted_password" varchar(255) DEFAULT '' NOT NULL, "reset_password_token" varchar(255), "reset_password_sent_at" datetime, "remember_created_at" datetime, "sign_in_count" integer DEFAULT 0 NOT NULL, "current_sign_in_at" datetime, "last_sign_in_at" datetime, "current_sign_in_ip" varchar(255), "last_sign_in_ip" varchar(255), "created_at" datetime, "updated_at" datetime, "role" varchar(255), "name" varchar(255)) 
  [1m[36m (0.8ms)[0m  [1mCREATE UNIQUE INDEX "index_users_on_email" ON "users" ("email")[0m
  [1m[35m (0.9ms)[0m  CREATE UNIQUE INDEX "index_users_on_reset_password_token" ON "users" ("reset_password_token")
  [1m[36m (0.8ms)[0m  [1mCREATE TABLE "schema_migrations" ("version" varchar(255) NOT NULL) [0m
  [1m[35m (0.7ms)[0m  CREATE UNIQUE INDEX "unique_schema_migrations" ON "schema_migrations" ("version")
  [1m[36m (0.1ms)[0m  [1mSELECT version FROM "schema_migrations"[0m
  [1m[35m (0.7ms)[0m  INSERT INTO "schema_migrations" (version) VALUES ('20140218055353')
  [1m[36m (0.7ms)[0m  [1mINSERT INTO "schema_migrations" (version) VALUES ('20140211062520')[0m
  [1m[35m (0.7ms)[0m  INSERT INTO "schema_migrations" (version) VALUES ('20140211070234')
  [1m[36m (0.6ms)[0m  [1mINSERT INTO "schema_migrations" (version) VALUES ('20140211071831')[0m
  [1m[35m (0.8ms)[0m  INSERT INTO "schema_migrations" (version) VALUES ('20140211072311')
  [1m[36m (0.7ms)[0m  [1mINSERT INTO "schema_migrations" (version) VALUES ('20140211072456')[0m
  [1m[35m (0.5ms)[0m  INSERT INTO "schema_migrations" (version) VALUES ('20140211074844')
  [1m[36m (0.7ms)[0m  [1mINSERT INTO "schema_migrations" (version) VALUES ('20140211074918')[0m
  [1m[35m (0.8ms)[0m  INSERT INTO "schema_migrations" (version) VALUES ('20140211075954')
  [1m[36m (0.7ms)[0m  [1mINSERT INTO "schema_migrations" (version) VALUES ('20140211083329')[0m
  [1m[35m (0.7ms)[0m  INSERT INTO "schema_migrations" (version) VALUES ('20140212094058')
  [1m[36m (0.7ms)[0m  [1mINSERT INTO "schema_migrations" (version) VALUES ('20140213043514')[0m
  [1m[35m (1.1ms)[0m  INSERT INTO "schema_migrations" (version) VALUES ('20140213071013')
  [1m[36m (0.6ms)[0m  [1mINSERT INTO "schema_migrations" (version) VALUES ('20140213071757')[0m
  [1m[35m (0.7ms)[0m  INSERT INTO "schema_migrations" (version) VALUES ('20140213072209')
  [1m[36mActiveRecord::SchemaMigration Load (0.1ms)[0m  [1mSELECT "schema_migrations".* FROM "schema_migrations"[0m
  [1m[35mActiveRecord::SchemaMigration Load (0.1ms)[0m  SELECT "schema_migrations".* FROM "schema_migrations"
Unable to load comment, underlying cause No such file to load -- comment 

 /Users/apple/.rvm/gems/ruby-2.1.0/gems/activesupport-4.0.2/lib/active_support/dependencies.rb:229:in `require'
/Users/apple/.rvm/gems/ruby-2.1.0/gems/activesupport-4.0.2/lib/active_support/dependencies.rb:229:in `block in require'
/Users/apple/.rvm/gems/ruby-2.1.0/gems/activesupport-4.0.2/lib/active_support/dependencies.rb:214:in `load_dependency'
/Users/apple/.rvm/gems/ruby-2.1.0/gems/activesupport-4.0.2/lib/active_support/dependencies.rb:229:in `require'
/Users/apple/.rvm/gems/ruby-2.1.0/gems/activesupport-4.0.2/lib/active_support/dependencies.rb:330:in `require_or_load'
/Users/apple/.rvm/gems/ruby-2.1.0/gems/activesupport-4.0.2/lib/active_support/dependencies.rb:289:in `depend_on'
/Users/apple/.rvm/gems/ruby-2.1.0/gems/activesupport-4.0.2/lib/active_support/dependencies.rb:207:in `require_dependency'
/Users/apple/.rvm/gems/ruby-2.1.0/gems/activerecord-4.0.2/lib/active_record/fixtures.rb:773:in `try_to_load_dependency'
/Users/apple/.rvm/gems/ruby-2.1.0/gems/activerecord-4.0.2/lib/active_record/fixtures.rb:792:in `block in require_fixture_classes'
/Users/apple/.rvm/gems/ruby-2.1.0/gems/activerecord-4.0.2/lib/active_record/fixtures.rb:790:in `each'
/Users/apple/.rvm/gems/ruby-2.1.0/gems/activerecord-4.0.2/lib/active_record/fixtures.rb:790:in `require_fixture_classes'
/Users/apple/.rvm/gems/ruby-2.1.0/gems/activerecord-4.0.2/lib/active_record/fixtures.rb:768:in `fixtures'
/Users/apple/projects/TempIoIo/test/test_helper.rb:12:in `<class:TestCase>'
/Users/apple/projects/TempIoIo/test/test_helper.rb:5:in `<top (required)>'
/Users/apple/.rvm/gems/ruby-2.1.0/gems/activesupport-4.0.2/lib/active_support/dependencies.rb:229:in `require'
/Users/apple/.rvm/gems/ruby-2.1.0/gems/activesupport-4.0.2/lib/active_support/dependencies.rb:229:in `block in require'
/Users/apple/.rvm/gems/ruby-2.1.0/gems/activesupport-4.0.2/lib/active_support/dependencies.rb:214:in `load_dependency'
/Users/apple/.rvm/gems/ruby-2.1.0/gems/activesupport-4.0.2/lib/active_support/dependencies.rb:229:in `require'
/Users/apple/projects/TempIoIo/test/helpers/first_page_helper_test.rb:1:in `<top (required)>'
/Users/apple/.rvm/gems/ruby-2.1.0/gems/activesupport-4.0.2/lib/active_support/dependencies.rb:229:in `require'
/Users/apple/.rvm/gems/ruby-2.1.0/gems/activesupport-4.0.2/lib/active_support/dependencies.rb:229:in `block in require'
/Users/apple/.rvm/gems/ruby-2.1.0/gems/activesupport-4.0.2/lib/active_support/dependencies.rb:214:in `load_dependency'
/Users/apple/.rvm/gems/ruby-2.1.0/gems/activesupport-4.0.2/lib/active_support/dependencies.rb:229:in `require'
/Users/apple/.rvm/gems/ruby-2.1.0/gems/railties-4.0.2/lib/rails/test_unit/sub_test_task.rb:73:in `block (3 levels) in define'
/Users/apple/.rvm/gems/ruby-2.1.0/gems/railties-4.0.2/lib/rails/test_unit/sub_test_task.rb:73:in `each'
/Users/apple/.rvm/gems/ruby-2.1.0/gems/railties-4.0.2/lib/rails/test_unit/sub_test_task.rb:73:in `block (2 levels) in define'
/Users/apple/.rvm/gems/ruby-2.1.0/gems/railties-4.0.2/lib/rails/test_unit/sub_test_task.rb:72:in `each'
/Users/apple/.rvm/gems/ruby-2.1.0/gems/railties-4.0.2/lib/rails/test_unit/sub_test_task.rb:72:in `block in define'
/Users/apple/.rvm/gems/ruby-2.1.0/gems/rake-10.1.1/lib/rake/task.rb:236:in `call'
/Users/apple/.rvm/gems/ruby-2.1.0/gems/rake-10.1.1/lib/rake/task.rb:236:in `block in execute'
/Users/apple/.rvm/gems/ruby-2.1.0/gems/rake-10.1.1/lib/rake/task.rb:231:in `each'
/Users/apple/.rvm/gems/ruby-2.1.0/gems/rake-10.1.1/lib/rake/task.rb:231:in `execute'
/Users/apple/.rvm/gems/ruby-2.1.0/gems/rake-10.1.1/lib/rake/task.rb:175:in `block in invoke_with_call_chain'
/Users/apple/.rvm/rubies/ruby-2.1.0/lib/ruby/2.1.0/monitor.rb:211:in `mon_synchronize'
/Users/apple/.rvm/gems/ruby-2.1.0/gems/rake-10.1.1/lib/rake/task.rb:168:in `invoke_with_call_chain'
/Users/apple/.rvm/gems/ruby-2.1.0/gems/rake-10.1.1/lib/rake/task.rb:197:in `block in invoke_prerequisites'
/Users/apple/.rvm/gems/ruby-2.1.0/gems/rake-10.1.1/lib/rake/task.rb:195:in `each'
/Users/apple/.rvm/gems/ruby-2.1.0/gems/rake-10.1.1/lib/rake/task.rb:195:in `invoke_prerequisites'
/Users/apple/.rvm/gems/ruby-2.1.0/gems/rake-10.1.1/lib/rake/task.rb:174:in `block in invoke_with_call_chain'
/Users/apple/.rvm/rubies/ruby-2.1.0/lib/ruby/2.1.0/monitor.rb:211:in `mon_synchronize'
/Users/apple/.rvm/gems/ruby-2.1.0/gems/rake-10.1.1/lib/rake/task.rb:168:in `invoke_with_call_chain'
/Users/apple/.rvm/gems/ruby-2.1.0/gems/rake-10.1.1/lib/rake/task.rb:161:in `invoke'
/Users/apple/.rvm/gems/ruby-2.1.0/gems/railties-4.0.2/lib/rails/test_unit/testing.rake:61:in `block in <top (required)>'
/Users/apple/.rvm/gems/ruby-2.1.0/gems/rake-10.1.1/lib/rake/task.rb:236:in `call'
/Users/apple/.rvm/gems/ruby-2.1.0/gems/rake-10.1.1/lib/rake/task.rb:236:in `block in execute'
/Users/apple/.rvm/gems/ruby-2.1.0/gems/rake-10.1.1/lib/rake/task.rb:231:in `each'
/Users/apple/.rvm/gems/ruby-2.1.0/gems/rake-10.1.1/lib/rake/task.rb:231:in `execute'
/Users/apple/.rvm/gems/ruby-2.1.0/gems/rake-10.1.1/lib/rake/task.rb:175:in `block in invoke_with_call_chain'
/Users/apple/.rvm/rubies/ruby-2.1.0/lib/ruby/2.1.0/monitor.rb:211:in `mon_synchronize'
/Users/apple/.rvm/gems/ruby-2.1.0/gems/rake-10.1.1/lib/rake/task.rb:168:in `invoke_with_call_chain'
/Users/apple/.rvm/gems/ruby-2.1.0/gems/rake-10.1.1/lib/rake/task.rb:197:in `block in invoke_prerequisites'
/Users/apple/.rvm/gems/ruby-2.1.0/gems/rake-10.1.1/lib/rake/task.rb:195:in `each'
/Users/apple/.rvm/gems/ruby-2.1.0/gems/rake-10.1.1/lib/rake/task.rb:195:in `invoke_prerequisites'
/Users/apple/.rvm/gems/ruby-2.1.0/gems/rake-10.1.1/lib/rake/task.rb:174:in `block in invoke_with_call_chain'
/Users/apple/.rvm/rubies/ruby-2.1.0/lib/ruby/2.1.0/monitor.rb:211:in `mon_synchronize'
/Users/apple/.rvm/gems/ruby-2.1.0/gems/rake-10.1.1/lib/rake/task.rb:168:in `invoke_with_call_chain'
/Users/apple/.rvm/gems/ruby-2.1.0/gems/rake-10.1.1/lib/rake/task.rb:161:in `invoke'
/Users/apple/.rvm/gems/ruby-2.1.0/gems/rake-10.1.1/lib/rake/application.rb:149:in `invoke_task'
/Users/apple/.rvm/gems/ruby-2.1.0/gems/rake-10.1.1/lib/rake/application.rb:106:in `block (2 levels) in top_level'
/Users/apple/.rvm/gems/ruby-2.1.0/gems/rake-10.1.1/lib/rake/application.rb:106:in `each'
/Users/apple/.rvm/gems/ruby-2.1.0/gems/rake-10.1.1/lib/rake/application.rb:106:in `block in top_level'
/Users/apple/.rvm/gems/ruby-2.1.0/gems/rake-10.1.1/lib/rake/application.rb:115:in `run_with_threads'
/Users/apple/.rvm/gems/ruby-2.1.0/gems/rake-10.1.1/lib/rake/application.rb:100:in `top_level'
/Users/apple/.rvm/gems/ruby-2.1.0/gems/rake-10.1.1/lib/rake/application.rb:78:in `block in run'
/Users/apple/.rvm/gems/ruby-2.1.0/gems/rake-10.1.1/lib/rake/application.rb:165:in `standard_exception_handling'
/Users/apple/.rvm/gems/ruby-2.1.0/gems/rake-10.1.1/lib/rake/application.rb:75:in `run'
/Users/apple/.rvm/gems/ruby-2.1.0/gems/rake-10.1.1/bin/rake:33:in `<top (required)>'
/Users/apple/.rvm/gems/ruby-2.1.0/bin/rake:23:in `load'
/Users/apple/.rvm/gems/ruby-2.1.0/bin/rake:23:in `<main>'
/Users/apple/.rvm/gems/ruby-2.1.0/bin/ruby_executable_hooks:15:in `eval'
/Users/apple/.rvm/gems/ruby-2.1.0/bin/ruby_executable_hooks:15:in `<main>'
Unable to load usertalk, underlying cause No such file to load -- usertalk 

 /Users/apple/.rvm/gems/ruby-2.1.0/gems/activesupport-4.0.2/lib/active_support/dependencies.rb:229:in `require'
/Users/apple/.rvm/gems/ruby-2.1.0/gems/activesupport-4.0.2/lib/active_support/dependencies.rb:229:in `block in require'
/Users/apple/.rvm/gems/ruby-2.1.0/gems/activesupport-4.0.2/lib/active_support/dependencies.rb:214:in `load_dependency'
/Users/apple/.rvm/gems/ruby-2.1.0/gems/activesupport-4.0.2/lib/active_support/dependencies.rb:229:in `require'
/Users/apple/.rvm/gems/ruby-2.1.0/gems/activesupport-4.0.2/lib/active_support/dependencies.rb:330:in `require_or_load'
/Users/apple/.rvm/gems/ruby-2.1.0/gems/activesupport-4.0.2/lib/active_support/dependencies.rb:289:in `depend_on'
/Users/apple/.rvm/gems/ruby-2.1.0/gems/activesupport-4.0.2/lib/active_support/dependencies.rb:207:in `require_dependency'
/Users/apple/.rvm/gems/ruby-2.1.0/gems/activerecord-4.0.2/lib/active_record/fixtures.rb:773:in `try_to_load_dependency'
/Users/apple/.rvm/gems/ruby-2.1.0/gems/activerecord-4.0.2/lib/active_record/fixtures.rb:792:in `block in require_fixture_classes'
/Users/apple/.rvm/gems/ruby-2.1.0/gems/activerecord-4.0.2/lib/active_record/fixtures.rb:790:in `each'
/Users/apple/.rvm/gems/ruby-2.1.0/gems/activerecord-4.0.2/lib/active_record/fixtures.rb:790:in `require_fixture_classes'
/Users/apple/.rvm/gems/ruby-2.1.0/gems/activerecord-4.0.2/lib/active_record/fixtures.rb:768:in `fixtures'
/Users/apple/projects/TempIoIo/test/test_helper.rb:12:in `<class:TestCase>'
/Users/apple/projects/TempIoIo/test/test_helper.rb:5:in `<top (required)>'
/Users/apple/.rvm/gems/ruby-2.1.0/gems/activesupport-4.0.2/lib/active_support/dependencies.rb:229:in `require'
/Users/apple/.rvm/gems/ruby-2.1.0/gems/activesupport-4.0.2/lib/active_support/dependencies.rb:229:in `block in require'
/Users/apple/.rvm/gems/ruby-2.1.0/gems/activesupport-4.0.2/lib/active_support/dependencies.rb:214:in `load_dependency'
/Users/apple/.rvm/gems/ruby-2.1.0/gems/activesupport-4.0.2/lib/active_support/dependencies.rb:229:in `require'
/Users/apple/projects/TempIoIo/test/helpers/first_page_helper_test.rb:1:in `<top (required)>'
/Users/apple/.rvm/gems/ruby-2.1.0/gems/activesupport-4.0.2/lib/active_support/dependencies.rb:229:in `require'
/Users/apple/.rvm/gems/ruby-2.1.0/gems/activesupport-4.0.2/lib/active_support/dependencies.rb:229:in `block in require'
/Users/apple/.rvm/gems/ruby-2.1.0/gems/activesupport-4.0.2/lib/active_support/dependencies.rb:214:in `load_dependency'
/Users/apple/.rvm/gems/ruby-2.1.0/gems/activesupport-4.0.2/lib/active_support/dependencies.rb:229:in `require'
/Users/apple/.rvm/gems/ruby-2.1.0/gems/railties-4.0.2/lib/rails/test_unit/sub_test_task.rb:73:in `block (3 levels) in define'
/Users/apple/.rvm/gems/ruby-2.1.0/gems/railties-4.0.2/lib/rails/test_unit/sub_test_task.rb:73:in `each'
/Users/apple/.rvm/gems/ruby-2.1.0/gems/railties-4.0.2/lib/rails/test_unit/sub_test_task.rb:73:in `block (2 levels) in define'
/Users/apple/.rvm/gems/ruby-2.1.0/gems/railties-4.0.2/lib/rails/test_unit/sub_test_task.rb:72:in `each'
/Users/apple/.rvm/gems/ruby-2.1.0/gems/railties-4.0.2/lib/rails/test_unit/sub_test_task.rb:72:in `block in define'
/Users/apple/.rvm/gems/ruby-2.1.0/gems/rake-10.1.1/lib/rake/task.rb:236:in `call'
/Users/apple/.rvm/gems/ruby-2.1.0/gems/rake-10.1.1/lib/rake/task.rb:236:in `block in execute'
/Users/apple/.rvm/gems/ruby-2.1.0/gems/rake-10.1.1/lib/rake/task.rb:231:in `each'
/Users/apple/.rvm/gems/ruby-2.1.0/gems/rake-10.1.1/lib/rake/task.rb:231:in `execute'
/Users/apple/.rvm/gems/ruby-2.1.0/gems/rake-10.1.1/lib/rake/task.rb:175:in `block in invoke_with_call_chain'
/Users/apple/.rvm/rubies/ruby-2.1.0/lib/ruby/2.1.0/monitor.rb:211:in `mon_synchronize'
/Users/apple/.rvm/gems/ruby-2.1.0/gems/rake-10.1.1/lib/rake/task.rb:168:in `invoke_with_call_chain'
/Users/apple/.rvm/gems/ruby-2.1.0/gems/rake-10.1.1/lib/rake/task.rb:197:in `block in invoke_prerequisites'
/Users/apple/.rvm/gems/ruby-2.1.0/gems/rake-10.1.1/lib/rake/task.rb:195:in `each'
/Users/apple/.rvm/gems/ruby-2.1.0/gems/rake-10.1.1/lib/rake/task.rb:195:in `invoke_prerequisites'
/Users/apple/.rvm/gems/ruby-2.1.0/gems/rake-10.1.1/lib/rake/task.rb:174:in `block in invoke_with_call_chain'
/Users/apple/.rvm/rubies/ruby-2.1.0/lib/ruby/2.1.0/monitor.rb:211:in `mon_synchronize'
/Users/apple/.rvm/gems/ruby-2.1.0/gems/rake-10.1.1/lib/rake/task.rb:168:in `invoke_with_call_chain'
/Users/apple/.rvm/gems/ruby-2.1.0/gems/rake-10.1.1/lib/rake/task.rb:161:in `invoke'
/Users/apple/.rvm/gems/ruby-2.1.0/gems/railties-4.0.2/lib/rails/test_unit/testing.rake:61:in `block in <top (required)>'
/Users/apple/.rvm/gems/ruby-2.1.0/gems/rake-10.1.1/lib/rake/task.rb:236:in `call'
/Users/apple/.rvm/gems/ruby-2.1.0/gems/rake-10.1.1/lib/rake/task.rb:236:in `block in execute'
/Users/apple/.rvm/gems/ruby-2.1.0/gems/rake-10.1.1/lib/rake/task.rb:231:in `each'
/Users/apple/.rvm/gems/ruby-2.1.0/gems/rake-10.1.1/lib/rake/task.rb:231:in `execute'
/Users/apple/.rvm/gems/ruby-2.1.0/gems/rake-10.1.1/lib/rake/task.rb:175:in `block in invoke_with_call_chain'
/Users/apple/.rvm/rubies/ruby-2.1.0/lib/ruby/2.1.0/monitor.rb:211:in `mon_synchronize'
/Users/apple/.rvm/gems/ruby-2.1.0/gems/rake-10.1.1/lib/rake/task.rb:168:in `invoke_with_call_chain'
/Users/apple/.rvm/gems/ruby-2.1.0/gems/rake-10.1.1/lib/rake/task.rb:197:in `block in invoke_prerequisites'
/Users/apple/.rvm/gems/ruby-2.1.0/gems/rake-10.1.1/lib/rake/task.rb:195:in `each'
/Users/apple/.rvm/gems/ruby-2.1.0/gems/rake-10.1.1/lib/rake/task.rb:195:in `invoke_prerequisites'
/Users/apple/.rvm/gems/ruby-2.1.0/gems/rake-10.1.1/lib/rake/task.rb:174:in `block in invoke_with_call_chain'
/Users/apple/.rvm/rubies/ruby-2.1.0/lib/ruby/2.1.0/monitor.rb:211:in `mon_synchronize'
/Users/apple/.rvm/gems/ruby-2.1.0/gems/rake-10.1.1/lib/rake/task.rb:168:in `invoke_with_call_chain'
/Users/apple/.rvm/gems/ruby-2.1.0/gems/rake-10.1.1/lib/rake/task.rb:161:in `invoke'
/Users/apple/.rvm/gems/ruby-2.1.0/gems/rake-10.1.1/lib/rake/application.rb:149:in `invoke_task'
/Users/apple/.rvm/gems/ruby-2.1.0/gems/rake-10.1.1/lib/rake/application.rb:106:in `block (2 levels) in top_level'
/Users/apple/.rvm/gems/ruby-2.1.0/gems/rake-10.1.1/lib/rake/application.rb:106:in `each'
/Users/apple/.rvm/gems/ruby-2.1.0/gems/rake-10.1.1/lib/rake/application.rb:106:in `block in top_level'
/Users/apple/.rvm/gems/ruby-2.1.0/gems/rake-10.1.1/lib/rake/application.rb:115:in `run_with_threads'
/Users/apple/.rvm/gems/ruby-2.1.0/gems/rake-10.1.1/lib/rake/application.rb:100:in `top_level'
/Users/apple/.rvm/gems/ruby-2.1.0/gems/rake-10.1.1/lib/rake/application.rb:78:in `block in run'
/Users/apple/.rvm/gems/ruby-2.1.0/gems/rake-10.1.1/lib/rake/application.rb:165:in `standard_exception_handling'
/Users/apple/.rvm/gems/ruby-2.1.0/gems/rake-10.1.1/lib/rake/application.rb:75:in `run'
/Users/apple/.rvm/gems/ruby-2.1.0/gems/rake-10.1.1/bin/rake:33:in `<top (required)>'
/Users/apple/.rvm/gems/ruby-2.1.0/bin/rake:23:in `load'
/Users/apple/.rvm/gems/ruby-2.1.0/bin/rake:23:in `<main>'
/Users/apple/.rvm/gems/ruby-2.1.0/bin/ruby_executable_hooks:15:in `eval'
/Users/apple/.rvm/gems/ruby-2.1.0/bin/ruby_executable_hooks:15:in `<main>'
  [1m[36m (0.1ms)[0m  [1mbegin transaction[0m
  [1m[35mFixture Delete (0.2ms)[0m  DELETE FROM "acadamic_histories"
  [1m[36mFixture Insert (0.1ms)[0m  [1mINSERT INTO "acadamic_histories" ("user_id", "school", "department", "year", "degree", "nation", "created_at", "updated_at", "id") VALUES (1, 'MyString', 'MyString', 'MyString', 'MyString', 'MyString', '2014-02-18 09:11:05', '2014-02-18 09:11:05', 980190962)[0m
  [1m[35mFixture Insert (0.1ms)[0m  INSERT INTO "acadamic_histories" ("user_id", "school", "department", "year", "degree", "nation", "created_at", "updated_at", "id") VALUES (1, 'MyString', 'MyString', 'MyString', 'MyString', 'MyString', '2014-02-18 09:11:05', '2014-02-18 09:11:05', 298486374)
  [1m[36mFixture Delete (0.1ms)[0m  [1mDELETE FROM "comments"[0m
SQLite3::SQLException: no such table: comments: DELETE FROM "comments"
  [1m[35m (1.1ms)[0m  rollback transaction
